TN:Supercomputer_Simulation_test_coverage
SF:/mnt/7AAA6049AA60044B/GitHub/supercomputer-simulation/supercomputer/src/configuration/configuration.cpp
FN:6,_ZN13ConfigurationC2Ev
FN:42,_ZN13Configuration12get_users_nrEv
FN:53,_ZN13Configuration16get_users_nr_minEv
FN:60,_ZN13Configuration16get_users_nr_maxEv
FN:67,_ZN13Configuration18is_users_nr_randomEv
FN:74,_ZN13Configuration11get_jobs_nrEv
FN:85,_ZN13Configuration15get_jobs_nr_minEv
FN:92,_ZN13Configuration15get_jobs_nr_maxEv
FN:99,_ZN13Configuration17is_jobs_nr_randomEv
FN:106,_ZN13Configuration12get_cores_nrEv
FN:113,_ZN13Configuration12get_nodes_nrEv
FN:120,_ZN13Configuration18get_student_budgetEv
FN:131,_ZN13Configuration22get_student_budget_minEv
FN:138,_ZN13Configuration22get_student_budget_maxEv
FN:145,_ZN13Configuration24is_student_budget_randomEv
FN:153,_ZN13Configuration21get_researcher_budgetEv
FN:164,_ZN13Configuration25get_researcher_budget_minEv
FN:171,_ZN13Configuration25get_researcher_budget_maxEv
FN:178,_ZN13Configuration27is_researcher_budget_randomEv
FN:185,_ZN13Configuration15get_usage_priceEv
FN:192,_ZN13Configuration20get_operational_costEv
FN:199,_ZN13Configuration17get_requests_spanEv
FN:206,_ZN13Configuration18set_student_randomEb
FN:213,_ZN13Configuration21set_researcher_randomEb
FN:220,_ZN13Configuration16set_users_randomEb
FN:227,_ZN13Configuration15set_jobs_randomEb
FN:234,_ZN13Configuration15set_usage_priceEd
FN:241,_ZN13Configuration20set_operational_costEd
FN:248,_ZN13Configuration12set_nodes_nrEj
FN:261,_ZN13Configuration12set_cores_nrEj
FN:274,_ZN13Configuration18set_student_budgetEd
FN:281,_ZN13Configuration22set_student_budget_minEd
FN:292,_ZN13Configuration22set_student_budget_maxEd
FN:303,_ZN13Configuration21set_researcher_budgetEd
FN:310,_ZN13Configuration25set_researcher_budget_minEd
FN:321,_ZN13Configuration25set_researcher_budget_maxEd
FN:332,_ZN13Configuration11set_jobs_nrEj
FN:339,_ZN13Configuration15set_jobs_nr_minEj
FN:350,_ZN13Configuration15set_jobs_nr_maxEj
FN:361,_ZN13Configuration12set_users_nrEj
FN:368,_ZN13Configuration16set_users_nr_minEj
FN:379,_ZN13Configuration16set_users_nr_maxEj
FN:390,_ZN13Configuration17set_requests_spanEy
FN:397,_ZN13Configuration7set_nowEb
FN:404,_ZN13Configuration8set_timeEl
FN:411,_ZN13Configuration8get_timeEv
FN:417,_Z41__static_initialization_and_destruction_0ii
FN:417,_GLOBAL__sub_I__ZN13ConfigurationC2Ev
FNDA:3,_ZN13Configuration12set_nodes_nrEj
FNDA:2,_ZN13Configuration16set_users_nr_maxEj
FNDA:3,_ZN13Configuration11set_jobs_nrEj
FNDA:1,_ZN13Configuration21set_researcher_budgetEd
FNDA:2,_ZN13Configuration22set_student_budget_maxEd
FNDA:1,_ZN13Configuration17set_requests_spanEy
FNDA:2,_ZN13Configuration16set_users_nr_minEj
FNDA:1002,_ZN13Configuration17get_requests_spanEv
FNDA:6,_ZN13Configuration11get_jobs_nrEv
FNDA:1,_ZN13Configuration20set_operational_costEd
FNDA:2,_ZN13Configuration27is_researcher_budget_randomEv
FNDA:4,_ZN13Configuration22get_student_budget_maxEv
FNDA:2,_ZN13Configuration25set_researcher_budget_maxEd
FNDA:4,_ZN13Configuration15get_jobs_nr_maxEv
FNDA:1018,_ZN13Configuration12get_cores_nrEv
FNDA:2,_ZN13Configuration8set_timeEl
FNDA:3,_ZN13Configuration8get_timeEv
FNDA:4,_ZN13Configuration22get_student_budget_minEv
FNDA:1,_ZN13Configuration16set_users_randomEb
FNDA:1,_ZN13Configuration12set_users_nrEj
FNDA:4,_ZN13Configuration20get_operational_costEv
FNDA:1,_ZN13Configuration15set_usage_priceEd
FNDA:3,_ZN13Configuration12set_cores_nrEj
FNDA:4,_ZN13Configuration16get_users_nr_maxEv
FNDA:5,_ZN13Configuration15get_jobs_nr_minEv
FNDA:4,_ZN13Configuration25get_researcher_budget_maxEv
FNDA:339,_ZN13Configuration18get_student_budgetEv
FNDA:1,_ZN13Configuration18set_student_randomEb
FNDA:1,_ZN13Configuration18set_student_budgetEd
FNDA:2,_ZN13Configuration15set_jobs_nr_maxEj
FNDA:2,_ZN13Configuration15set_jobs_nr_minEj
FNDA:2,_ZN13Configuration25set_researcher_budget_minEd
FNDA:2,_ZN13Configuration18is_users_nr_randomEv
FNDA:2,_ZN13Configuration7set_nowEb
FNDA:6,_ZN13ConfigurationC2Ev
FNDA:5,_ZN13Configuration16get_users_nr_minEv
FNDA:2029,_ZN13Configuration15get_usage_priceEv
FNDA:1,_Z41__static_initialization_and_destruction_0ii
FNDA:1016,_ZN13Configuration12get_nodes_nrEv
FNDA:1,_ZN13Configuration15set_jobs_randomEb
FNDA:1,_ZN13Configuration21set_researcher_randomEb
FNDA:337,_ZN13Configuration21get_researcher_budgetEv
FNDA:2,_ZN13Configuration24is_student_budget_randomEv
FNDA:4,_ZN13Configuration12get_users_nrEv
FNDA:4,_ZN13Configuration25get_researcher_budget_minEv
FNDA:2,_ZN13Configuration17is_jobs_nr_randomEv
FNDA:2,_ZN13Configuration22set_student_budget_minEd
FNDA:1,_GLOBAL__sub_I__ZN13ConfigurationC2Ev
FNF:48
FNH:48
DA:6,6
DA:7,6
DA:8,6
DA:9,6
DA:10,6
DA:12,6
DA:13,6
DA:14,6
DA:15,6
DA:17,6
DA:18,6
DA:20,6
DA:21,6
DA:23,6
DA:24,6
DA:25,6
DA:26,6
DA:28,6
DA:29,6
DA:30,6
DA:31,6
DA:33,6
DA:35,6
DA:36,6
DA:37,6
DA:42,4
DA:43,4
DA:44,2
DA:46,2
DA:53,5
DA:54,5
DA:60,4
DA:61,4
DA:67,2
DA:68,2
DA:74,6
DA:75,6
DA:76,4
DA:78,2
DA:85,5
DA:86,5
DA:92,4
DA:93,4
DA:99,2
DA:100,2
DA:106,1018
DA:107,1018
DA:113,1016
DA:114,1016
DA:120,339
DA:121,339
DA:122,337
DA:124,2
DA:131,4
DA:132,4
DA:138,4
DA:139,4
DA:145,2
DA:146,2
DA:153,337
DA:154,337
DA:155,335
DA:157,2
DA:164,4
DA:165,4
DA:171,4
DA:172,4
DA:178,2
DA:179,2
DA:185,2029
DA:186,2029
DA:192,4
DA:193,4
DA:199,1002
DA:200,1002
DA:206,1
DA:207,1
DA:208,1
DA:213,1
DA:214,1
DA:215,1
DA:220,1
DA:221,1
DA:222,1
DA:227,1
DA:228,1
DA:229,1
DA:234,1
DA:235,1
DA:236,1
DA:241,1
DA:242,1
DA:243,1
DA:248,3
DA:249,3
DA:250,1
DA:251,2
DA:252,1
DA:254,1
DA:256,3
DA:261,3
DA:262,3
DA:263,1
DA:264,2
DA:265,1
DA:267,1
DA:269,3
DA:274,1
DA:275,1
DA:276,1
DA:281,2
DA:282,2
DA:283,1
DA:285,1
DA:287,2
DA:292,2
DA:293,2
DA:294,1
DA:296,1
DA:298,2
DA:303,1
DA:304,1
DA:305,1
DA:310,2
DA:311,2
DA:312,1
DA:314,1
DA:316,2
DA:321,2
DA:322,2
DA:323,1
DA:325,1
DA:327,2
DA:332,3
DA:333,3
DA:334,3
DA:339,2
DA:340,2
DA:341,1
DA:343,1
DA:345,2
DA:350,2
DA:351,2
DA:352,1
DA:354,1
DA:356,2
DA:361,1
DA:362,1
DA:363,1
DA:368,2
DA:369,2
DA:370,1
DA:372,1
DA:374,2
DA:379,2
DA:380,2
DA:381,1
DA:383,1
DA:385,2
DA:390,1
DA:391,1
DA:392,1
DA:397,2
DA:398,2
DA:399,2
DA:404,2
DA:405,2
DA:406,2
DA:411,3
DA:412,3
DA:413,2
DA:415,1
DA:417,3
LF:173
LH:173
end_of_record
TN:Supercomputer_Simulation_test_coverage
SF:/mnt/7AAA6049AA60044B/GitHub/supercomputer-simulation/supercomputer/src/jobs/job.cpp
FN:6,_ZN3JobC2EP13Configurationly
FN:29,_ZN3Job8is_shortEv
FN:34,_ZN3Job9is_mediumEv
FN:39,_ZN3Job8is_largeEv
FN:44,_ZN3Job7is_hugeEv
FN:49,_ZN3Job8get_timeEv
FN:56,_ZN3Job9get_coresEv
FN:63,_ZN3Job9get_priceEv
FN:70,_ZN3Job8set_userEP4User
FN:77,_ZN3Job12get_durationEv
FN:84,_ZltRK3JobS1_
FN:86,_Z41__static_initialization_and_destruction_0ii
FN:86,_GLOBAL__sub_I__ZN3JobC2EP13Configurationly
FNDA:577238,_ZN3Job12get_durationEv
FNDA:1,_Z41__static_initialization_and_destruction_0ii
FNDA:678904,_ZN3Job8is_shortEv
FNDA:680869,_ZN3Job9get_coresEv
FNDA:654764,_ZN3Job9is_mediumEv
FNDA:1006,_ZN3Job8set_userEP4User
FNDA:2016,_ZN3Job8get_timeEv
FNDA:1011,_ZN3JobC2EP13Configurationly
FNDA:2023,_ZN3Job9get_priceEv
FNDA:3102,_ZN3Job7is_hugeEv
FNDA:164269,_ZN3Job8is_largeEv
FNDA:8254,_ZltRK3JobS1_
FNDA:1,_GLOBAL__sub_I__ZN3JobC2EP13Configurationly
FNF:13
FNH:13
DA:6,1011
DA:7,1011
DA:8,1011
DA:9,1011
DA:10,1011
DA:11,154
DA:12,154
DA:13,857
DA:14,560
DA:15,560
DA:16,297
DA:17,212
DA:18,212
DA:20,85
DA:21,85
DA:23,1011
DA:24,1011
DA:29,678904
DA:34,654764
DA:39,164269
DA:44,3102
DA:49,2016
DA:50,2016
DA:56,680869
DA:57,680869
DA:63,2023
DA:64,2023
DA:70,1006
DA:71,1006
DA:72,1006
DA:77,577238
DA:78,577238
DA:84,8254
DA:85,8254
DA:86,3
LF:35
LH:35
end_of_record
TN:Supercomputer_Simulation_test_coverage
SF:/mnt/7AAA6049AA60044B/GitHub/supercomputer-simulation/supercomputer/src/statistics/statistics.cpp
FN:6,_ZN10StatisticsC2EP13Configuration
FN:16,_ZN10Statistics15add_usage_priceEd
FN:23,_ZN10Statistics20add_operational_costEd
FN:30,_ZN10Statistics16add_machine_timeEy
FN:38,_ZN10Statistics7add_jobEl3Job
FN:92,_ZN10Statistics12get_short_taB5cxx11Ev
FN:104,_ZN10Statistics13get_medium_taB5cxx11Ev
FN:116,_ZN10Statistics12get_large_taB5cxx11Ev
FN:128,_ZN10Statistics11get_huge_taB5cxx11Ev
FN:140,_ZN10Statistics12get_short_wtB5cxx11Ev
FN:152,_ZN10Statistics13get_medium_wtB5cxx11Ev
FN:164,_ZN10Statistics12get_large_wtB5cxx11Ev
FN:176,_ZN10Statistics11get_huge_wtB5cxx11Ev
FN:188,_ZN10Statistics20get_operational_costB5cxx11Ev
FN:197,_ZN10Statistics20get_economic_balanceB5cxx11Ev
FN:206,_ZN10Statistics16get_machine_timeB5cxx11Ev
FN:222,_ZN10Statistics15get_usage_priceB5cxx11Ev
FN:231,_ZN10Statistics16get_weekly_usageB5cxx11Ev
FN:237,_Z41__static_initialization_and_destruction_0ii
FN:237,_GLOBAL__sub_I__ZN10StatisticsC2EP13Configuration
FNDA:1006,_ZN10Statistics15add_usage_priceEd
FNDA:1,_Z41__static_initialization_and_destruction_0ii
FNDA:2,_ZN10Statistics20get_operational_costB5cxx11Ev
FNDA:1006,_ZN10Statistics7add_jobEl3Job
FNDA:2,_ZN10Statistics12get_short_taB5cxx11Ev
FNDA:2,_ZN10Statistics12get_large_taB5cxx11Ev
FNDA:2,_ZN10Statistics15get_usage_priceB5cxx11Ev
FNDA:2,_ZN10Statistics12get_large_wtB5cxx11Ev
FNDA:2,_ZN10Statistics20add_operational_costEd
FNDA:2,_ZN10StatisticsC2EP13Configuration
FNDA:2,_ZN10Statistics20get_economic_balanceB5cxx11Ev
FNDA:2,_ZN10Statistics11get_huge_wtB5cxx11Ev
FNDA:2,_ZN10Statistics16get_weekly_usageB5cxx11Ev
FNDA:2,_ZN10Statistics13get_medium_taB5cxx11Ev
FNDA:2,_ZN10Statistics11get_huge_taB5cxx11Ev
FNDA:2,_ZN10Statistics16get_machine_timeB5cxx11Ev
FNDA:1,_GLOBAL__sub_I__ZN10StatisticsC2EP13Configuration
FNDA:2,_ZN10Statistics12get_short_wtB5cxx11Ev
FNDA:2,_ZN10Statistics13get_medium_wtB5cxx11Ev
FNDA:114,_ZN10Statistics16add_machine_timeEy
FNF:20
FNH:20
DA:6,2
DA:7,2
DA:8,2
DA:9,2
DA:10,2
DA:11,2
DA:16,1006
DA:17,1006
DA:18,1006
DA:23,2
DA:24,2
DA:25,2
DA:30,114
DA:31,114
DA:32,114
DA:38,1006
DA:39,1006
DA:40,1006
DA:41,1006
DA:42,153
DA:43,153
DA:44,853
DA:45,559
DA:46,559
DA:47,294
DA:48,211
DA:49,211
DA:51,83
DA:52,83
DA:58,1006
DA:59,40440
DA:60,39434
DA:61,39434
DA:62,922
DA:63,922
DA:64,38512
DA:65,1
DA:66,1
DA:67,1
DA:74,1006
DA:76,83
DA:77,83
DA:78,2
DA:80,81
DA:82,83
DA:83,83
DA:84,83
DA:85,83
DA:87,1006
DA:92,2
DA:93,2
DA:95,2
DA:96,4
DA:97,2
DA:98,2
DA:104,2
DA:105,2
DA:107,2
DA:108,4
DA:109,2
DA:110,2
DA:116,2
DA:117,2
DA:119,2
DA:120,4
DA:121,2
DA:122,2
DA:128,2
DA:129,2
DA:131,2
DA:132,4
DA:133,2
DA:134,2
DA:140,2
DA:141,2
DA:143,2
DA:144,4
DA:145,2
DA:146,2
DA:152,2
DA:153,2
DA:155,2
DA:156,4
DA:157,2
DA:158,2
DA:164,2
DA:165,2
DA:167,2
DA:168,4
DA:169,2
DA:170,2
DA:176,2
DA:177,2
DA:179,2
DA:180,4
DA:181,2
DA:182,2
DA:188,2
DA:189,4
DA:190,2
DA:191,4
DA:197,2
DA:198,4
DA:199,2
DA:200,4
DA:206,2
DA:207,2
DA:208,2
DA:209,2
DA:210,2
DA:211,4
DA:212,4
DA:213,6
DA:214,6
DA:215,6
DA:216,4
DA:222,2
DA:223,4
DA:224,2
DA:225,4
DA:231,2
DA:232,4
DA:233,85
DA:234,83
DA:236,4
DA:237,3
LF:126
LH:126
end_of_record
TN:Supercomputer_Simulation_test_coverage
SF:/mnt/7AAA6049AA60044B/GitHub/supercomputer-simulation/supercomputer/src/statistics/week.cpp
FN:6,_ZN4WeekC2Ell
FN:19,_ZN4Week9get_startEv
FN:26,_ZN4Week7get_endEv
FN:33,_ZN4Week9set_startEl
FN:40,_ZN4Week7add_jobE3Job
FN:55,_ZlsRSoRK4Week
FN:72,_Z41__static_initialization_and_destruction_0ii
FN:72,_GLOBAL__sub_I__ZN4WeekC2Ell
FNDA:6431,_ZN4Week7get_endEv
FNDA:83,_ZN4WeekC2Ell
FNDA:1006,_ZN4Week7add_jobE3Job
FNDA:83,_ZlsRSoRK4Week
FNDA:1,_Z41__static_initialization_and_destruction_0ii
FNDA:1,_GLOBAL__sub_I__ZN4WeekC2Ell
FNDA:77946,_ZN4Week9get_startEv
FNDA:1,_ZN4Week9set_startEl
FNF:8
FNH:8
DA:6,83
DA:7,83
DA:8,83
DA:10,83
DA:11,83
DA:12,83
DA:13,83
DA:14,83
DA:19,77946
DA:20,77946
DA:26,6431
DA:27,6431
DA:33,1
DA:34,1
DA:35,1
DA:40,1006
DA:41,1006
DA:42,153
DA:43,853
DA:44,559
DA:45,294
DA:46,211
DA:48,83
DA:50,1006
DA:55,83
DA:56,83
DA:58,83
DA:60,83
DA:62,83
DA:64,83
DA:66,83
DA:67,83
DA:68,83
DA:69,83
DA:70,83
DA:71,83
DA:72,3
LF:37
LH:37
end_of_record
TN:Supercomputer_Simulation_test_coverage
SF:/mnt/7AAA6049AA60044B/GitHub/supercomputer-simulation/supercomputer/src/system/state.cpp
FN:6,_ZN5StateC2Exl9StateType
FN:20,_ZN5StateC2ES_l9StateType
FN:34,_ZN5State10insert_jobE3Job
FN:52,_ZN5State14can_insert_jobE3Job
FN:66,_ZN5State8get_timeEv
FN:73,_ZN5State8get_typeEv
FN:80,_ZN5State15get_short_coresEv
FN:85,_ZN5State16get_medium_coresEv
FN:90,_ZN5State15get_large_coresEv
FN:95,_ZN5State15get_total_coresEv
FN:100,_ZN5State14get_used_coresEv
FN:106,_ZltRK5StateS1_
FN:108,_GLOBAL__sub_I__ZN5StateC2Exl9StateType
FN:108,_Z41__static_initialization_and_destruction_0ii
FNDA:1924,_ZN5State14get_used_coresEv
FNDA:1,_GLOBAL__sub_I__ZN5StateC2Exl9StateType
FNDA:3936,_ZN5State16get_medium_coresEv
FNDA:3936,_ZN5State15get_short_coresEv
FNDA:1924,_ZN5State15get_total_coresEv
FNDA:3936,_ZN5State15get_large_coresEv
FNDA:672834,_ZN5State14can_insert_jobE3Job
FNDA:4057,_ZN5State10insert_jobE3Job
FNDA:2012,_ZN5State8get_typeEv
FNDA:2010,_ZltRK5StateS1_
FNDA:1,_Z41__static_initialization_and_destruction_0ii
FNDA:803755,_ZN5State8get_timeEv
FNDA:1924,_ZN5StateC2ES_l9StateType
FNDA:88,_ZN5StateC2Exl9StateType
FNF:14
FNH:14
DA:6,88
DA:7,88
DA:8,88
DA:9,88
DA:10,88
DA:11,88
DA:13,88
DA:14,88
DA:15,88
DA:20,1924
DA:21,1924
DA:22,1924
DA:23,1924
DA:24,1924
DA:25,1924
DA:27,1924
DA:28,1924
DA:29,1924
DA:34,4057
DA:35,4057
DA:36,1150
DA:37,2907
DA:38,2360
DA:39,547
DA:40,464
DA:41,83
DA:42,83
DA:43,83
DA:44,83
DA:46,4057
DA:47,4057
DA:52,672834
DA:53,672834
DA:54,672834
DA:55,22684
DA:56,650150
DA:57,487017
DA:58,163133
DA:59,163133
DA:61,672834
DA:66,803755
DA:67,803755
DA:73,2012
DA:74,2012
DA:80,3936
DA:85,3936
DA:90,3936
DA:95,1924
DA:100,1924
DA:106,2010
DA:107,2010
DA:108,3
LF:52
LH:52
end_of_record
TN:Supercomputer_Simulation_test_coverage
SF:/mnt/7AAA6049AA60044B/GitHub/supercomputer-simulation/supercomputer/src/system/system.cpp
FN:6,_ZN6SystemC2EP13Configuration
FN:19,_ZN6SystemC2EP13ConfigurationSt6vectorIP4UserSaIS4_EES2_I3JobSaIS7_EE
FN:38,_ZN6System15exist_negativesEv
FN:52,_ZN6System12create_usersEv
FN:63,_ZN6System11create_jobsEv
FN:102,_ZN6System23insert_state_and_updateEmmll3Job
FN:120,_ZN6System17insert_week_stateElm3Job
FN:163,_ZN6System20insert_weekend_stateElm3Job
FN:182,_ZN6System12insert_stateERm3Job
FN:200,_ZN6System8scheduleEv
FN:210,_ZN6System17calculate_op_costEv
FN:234,_ZN6System11get_resultsB5cxx11Ev
FN:247,_GLOBAL__sub_I__ZN6SystemC2EP13Configuration
FN:247,_Z41__static_initialization_and_destruction_0ii
FNDA:2,_ZN6System17calculate_op_costEv
FNDA:1,_ZN6SystemC2EP13Configuration
FNDA:83,_ZN6System20insert_weekend_stateElm3Job
FNDA:1006,_ZN6System23insert_state_and_updateEmmll3Job
FNDA:2,_ZN6System8scheduleEv
FNDA:2,_ZN6System11get_resultsB5cxx11Ev
FNDA:1006,_ZN6System12insert_stateERm3Job
FNDA:1,_ZN6System11create_jobsEv
FNDA:2,_ZN6System15exist_negativesEv
FNDA:1,_GLOBAL__sub_I__ZN6SystemC2EP13Configuration
FNDA:923,_ZN6System17insert_week_stateElm3Job
FNDA:1,_Z41__static_initialization_and_destruction_0ii
FNDA:1,_ZN6System12create_usersEv
FNDA:1,_ZN6SystemC2EP13ConfigurationSt6vectorIP4UserSaIS4_EES2_I3JobSaIS7_EE
FNF:14
FNH:14
DA:6,1
DA:7,1
DA:8,1
DA:9,1
DA:10,1
DA:11,1
DA:12,1
DA:13,1
DA:14,1
DA:19,1
DA:20,1
DA:21,1
DA:22,1
DA:23,1
DA:24,1
DA:25,7
DA:26,6
DA:27,14
DA:28,4
DA:30,6
DA:31,6
DA:32,6
DA:34,1
DA:35,1
DA:36,1
DA:38,2
DA:39,2014
DA:40,6036
DA:41,4024
DA:42,2012
DA:43,0
DA:46,2
DA:52,1
DA:53,1
DA:54,1001
DA:55,1000
DA:57,1
DA:58,1
DA:63,1
DA:64,1
DA:65,1
DA:67,2
DA:68,1
DA:69,1
DA:71,1001
DA:72,1000
DA:75,1000
DA:76,0
DA:80,1000
DA:81,0
DA:83,1000
DA:84,1000
DA:85,1000
DA:86,1000
DA:87,1000
DA:88,0
DA:90,1000
DA:91,1000
DA:92,1000
DA:94,1000
DA:96,1
DA:97,1
DA:102,1006
DA:103,1006
DA:105,1006
DA:106,1006
DA:107,1006
DA:108,4057
DA:109,3051
DA:111,1006
DA:112,1006
DA:113,1006
DA:120,923
DA:121,923
DA:122,167085
DA:123,83081
DA:124,83081
DA:125,83081
DA:126,83081
DA:127,0
DA:128,0
DA:129,0
DA:130,0
DA:134,923
DA:135,277865
DA:136,138471
DA:137,91975
DA:138,91975
DA:139,91975
DA:140,808747
DA:141,358386
DA:142,358386
DA:143,358386
DA:144,358386
DA:145,2346
DA:146,2346
DA:147,86030
DA:148,41842
DA:152,91975
DA:154,46496
DA:157,923
DA:158,923
DA:163,83
DA:164,83
DA:165,83
DA:166,55995
DA:167,27956
DA:169,6409
DA:170,3163
DA:171,105539
DA:172,51188
DA:175,83
DA:176,83
DA:177,83
DA:182,1006
DA:183,1006
DA:184,1006
DA:185,923
DA:187,1060
DA:188,27
DA:190,1006
DA:191,923
DA:193,83
DA:195,1006
DA:200,2
DA:201,2
DA:202,1008
DA:203,1006
DA:205,2
DA:210,2
DA:211,2
DA:212,2
DA:213,2014
DA:214,2012
DA:215,1006
DA:216,114
DA:218,1006
DA:220,1006
DA:221,1006
DA:222,114
DA:226,2
DA:227,2
DA:229,2
DA:234,2
DA:235,4
DA:236,2
DA:237,2
DA:238,2
DA:239,2
DA:240,2
DA:241,2
DA:242,2
DA:243,2
DA:244,2
DA:245,2
DA:246,4
DA:247,3
LF:157
LH:149
end_of_record
TN:Supercomputer_Simulation_test_coverage
SF:/mnt/7AAA6049AA60044B/GitHub/supercomputer-simulation/supercomputer/src/users/user.cpp
FN:7,_ZN4UserC2EP13Configurationib
FN:16,_ZN4User14generate_groupEb
FN:33,_ZN4User10can_affordEP3Job
FN:40,_ZN4User3payEP3Job
FN:44,_GLOBAL__sub_I__ZN4UserC2EP13Configurationib
FN:44,_Z41__static_initialization_and_destruction_0ii
FNDA:1,_Z41__static_initialization_and_destruction_0ii
FNDA:1004,_ZN4User14generate_groupEb
FNDA:1011,_ZN4User10can_affordEP3Job
FNDA:1004,_ZN4UserC2EP13Configurationib
FNDA:1026,_ZN4User3payEP3Job
FNDA:1,_GLOBAL__sub_I__ZN4UserC2EP13Configurationib
FNF:6
FNH:6
DA:7,1004
DA:8,1004
DA:9,1004
DA:10,1004
DA:11,1004
DA:16,1004
DA:17,1004
DA:18,1004
DA:19,336
DA:20,336
DA:21,668
DA:22,333
DA:23,333
DA:25,335
DA:26,335
DA:28,1004
DA:33,1011
DA:34,1011
DA:40,1026
DA:41,1026
DA:42,2
DA:44,1029
LF:22
LH:22
end_of_record
TN:Supercomputer_Simulation_test_coverage
SF:/mnt/7AAA6049AA60044B/GitHub/supercomputer-simulation/supercomputer/src/utils/utils.cpp
FN:8,_Z15generate_randomii
FN:18,_Z15generate_randomjj
FN:28,_Z15generate_randomdd
FN:37,_Z10is_weekendll
FN:51,_Z10is_weekendl
FN:64,_Z15advance_weekendl
FN:84,_Z17advance_to_fridayl
FN:103,_Z18get_back_to_mondayl
FN:113,_GLOBAL__sub_I__Z15generate_randomii
FN:113,_Z41__static_initialization_and_destruction_0ii
FNDA:441467,_Z10is_weekendll
FNDA:1006,_Z10is_weekendl
FNDA:41758,_Z17advance_to_fridayl
FNDA:1927,_Z15generate_randomii
FNDA:81,_Z18get_back_to_mondayl
FNDA:4,_Z15generate_randomjj
FNDA:3352,_Z15advance_weekendl
FNDA:4,_Z15generate_randomdd
FNDA:1,_Z41__static_initialization_and_destruction_0ii
FNDA:1,_GLOBAL__sub_I__Z15generate_randomii
FNF:10
FNH:10
DA:8,1927
DA:9,1927
DA:10,1927
DA:11,1927
DA:12,1927
DA:18,4
DA:19,4
DA:20,4
DA:21,4
DA:22,4
DA:28,4
DA:29,4
DA:30,4
DA:31,4
DA:37,441467
DA:38,441467
DA:39,441467
DA:40,441467
DA:41,441376
DA:42,441376
DA:43,493248
DA:44,568728
DA:45,441467
DA:51,1006
DA:52,1006
DA:53,1006
DA:54,1006
DA:55,6
DA:56,2018
DA:57,1006
DA:58,1006
DA:64,3352
DA:65,3352
DA:66,3352
DA:67,82
DA:68,82
DA:71,20276
DA:72,8462
DA:73,8462
DA:75,3352
DA:76,3352
DA:77,3352
DA:78,3352
DA:84,41758
DA:85,41758
DA:86,41758
DA:87,6329
DA:88,6329
DA:90,286558
DA:91,122400
DA:92,122400
DA:94,41758
DA:95,41758
DA:96,41758
DA:97,41758
DA:103,81
DA:104,81
DA:105,729
DA:106,324
DA:107,324
DA:109,81
DA:110,81
DA:111,81
DA:112,81
DA:113,3
LF:65
LH:65
end_of_record
TN:Supercomputer_Simulation_test_coverage
SF:/mnt/7AAA6049AA60044B/GitHub/supercomputer-simulation/testing/test_config.cpp
FN:3,_ZL29____C_A_T_C_H____T_E_S_T____0v
FN:36,_ZL29____C_A_T_C_H____T_E_S_T____2v
FN:122,_GLOBAL__sub_I_test_config.cpp
FN:122,_Z41__static_initialization_and_destruction_0ii
FNDA:1,_ZL29____C_A_T_C_H____T_E_S_T____0v
FNDA:1,_ZL29____C_A_T_C_H____T_E_S_T____2v
FNDA:1,_GLOBAL__sub_I_test_config.cpp
FNDA:1,_Z41__static_initialization_and_destruction_0ii
FNF:4
FNH:4
DA:3,2
DA:4,1
DA:6,1
DA:7,1
DA:8,1
DA:9,1
DA:11,1
DA:12,1
DA:13,1
DA:14,1
DA:16,1
DA:17,1
DA:19,1
DA:20,1
DA:22,1
DA:23,1
DA:24,1
DA:25,1
DA:27,1
DA:28,1
DA:29,1
DA:30,1
DA:32,1
DA:33,1
DA:34,1
DA:36,2
DA:37,1
DA:39,1
DA:40,1
DA:41,1
DA:42,1
DA:43,1
DA:44,1
DA:45,1
DA:46,1
DA:47,1
DA:48,1
DA:49,1
DA:51,1
DA:52,1
DA:54,1
DA:55,1
DA:56,1
DA:57,1
DA:58,1
DA:59,1
DA:60,1
DA:61,1
DA:62,1
DA:63,1
DA:64,1
DA:66,1
DA:67,1
DA:69,1
DA:70,1
DA:71,1
DA:72,1
DA:73,1
DA:74,1
DA:75,1
DA:76,1
DA:77,1
DA:78,1
DA:79,1
DA:80,1
DA:82,1
DA:83,1
DA:84,1
DA:85,1
DA:87,1
DA:88,1
DA:89,1
DA:90,1
DA:91,1
DA:92,1
DA:93,1
DA:94,1
DA:95,1
DA:96,1
DA:98,1
DA:99,1
DA:101,1
DA:102,1
DA:103,1
DA:104,1
DA:105,1
DA:106,1
DA:107,1
DA:108,1
DA:109,1
DA:110,1
DA:112,1
DA:113,1
DA:115,1
DA:116,1
DA:118,1
DA:119,1
DA:120,1
DA:121,1
DA:122,4
LF:100
LH:100
end_of_record
TN:Supercomputer_Simulation_test_coverage
SF:/mnt/7AAA6049AA60044B/GitHub/supercomputer-simulation/testing/test_job.cpp
FN:3,_ZL29____C_A_T_C_H____T_E_S_T____0v
FN:26,_Z41__static_initialization_and_destruction_0ii
FN:26,_GLOBAL__sub_I_test_job.cpp
FNDA:1,_ZL29____C_A_T_C_H____T_E_S_T____0v
FNDA:1,_GLOBAL__sub_I_test_job.cpp
FNDA:1,_Z41__static_initialization_and_destruction_0ii
FNF:3
FNH:3
DA:3,2
DA:4,1
DA:5,1
DA:7,1
DA:8,1
DA:9,1
DA:10,1
DA:12,1
DA:13,1
DA:14,1
DA:15,1
DA:17,1
DA:18,1
DA:19,1
DA:20,1
DA:22,1
DA:23,1
DA:24,1
DA:25,1
DA:26,4
LF:20
LH:20
end_of_record
TN:Supercomputer_Simulation_test_coverage
SF:/mnt/7AAA6049AA60044B/GitHub/supercomputer-simulation/testing/test_supercomputer.cpp
FN:7,_ZL29____C_A_T_C_H____T_E_S_T____0v
FN:30,_ZL29____C_A_T_C_H____T_E_S_T____2v
FN:46,_GLOBAL__sub_I_leakDetector
FNDA:1,_Z41__static_initialization_and_destruction_0ii
FNDA:1,_GLOBAL__sub_I_leakDetector
FNDA:1,_ZL29____C_A_T_C_H____T_E_S_T____0v
FNDA:1,_ZL29____C_A_T_C_H____T_E_S_T____2v
FNF:4
FNH:4
DA:7,2
DA:8,1
DA:9,1
DA:10,1
DA:11,1
DA:12,1
DA:13,2
DA:14,2
DA:15,1
DA:18,2
DA:19,4
DA:20,4
DA:21,4
DA:22,4
DA:23,4
DA:24,4
DA:26,2
DA:27,1
DA:28,1
DA:30,2
DA:31,1
DA:32,1
DA:33,1
DA:36,2
DA:37,4
DA:38,4
DA:39,4
DA:40,4
DA:41,4
DA:42,4
DA:44,2
DA:45,1
DA:46,4
LF:33
LH:33
end_of_record
TN:Supercomputer_Simulation_test_coverage
SF:/mnt/7AAA6049AA60044B/GitHub/supercomputer-simulation/testing/test_user.cpp
FN:3,_ZL29____C_A_T_C_H____T_E_S_T____0v
FN:13,_GLOBAL__sub_I_test_user.cpp
FN:13,_Z41__static_initialization_and_destruction_0ii
FNDA:1,_ZL29____C_A_T_C_H____T_E_S_T____0v
FNDA:1,_Z41__static_initialization_and_destruction_0ii
FNDA:1,_GLOBAL__sub_I_test_user.cpp
FNF:3
FNH:3
DA:3,2
DA:4,1
DA:5,1
DA:6,1
DA:8,1
DA:9,21
DA:10,20
DA:12,1
DA:13,4
LF:9
LH:9
end_of_record
