TN:Supercomputer_Simulation_test_coverage
SF:/usr/include/c++/5/iostream
DA:74,1
LF:1
LH:1
end_of_record
SF:/mnt/7AAA6049AA60044B/GitHub/supercomputer-simulation/supercomputer/src/configuration/configuration.cpp
FN:3,_ZN13ConfigurationC2Ev
FN:35,_ZN13Configuration12get_users_nrEv
FN:42,_ZN13Configuration16get_users_nr_minEv
FN:45,_ZN13Configuration16get_users_nr_maxEv
FN:48,_ZN13Configuration18is_users_nr_randomEv
FN:52,_ZN13Configuration11get_jobs_nrEv
FN:59,_ZN13Configuration15get_jobs_nr_minEv
FN:62,_ZN13Configuration15get_jobs_nr_maxEv
FN:65,_ZN13Configuration17is_jobs_nr_randomEv
FN:69,_ZN13Configuration12get_cores_nrEv
FN:73,_ZN13Configuration12get_nodes_nrEv
FN:77,_ZN13Configuration18get_student_budgetEv
FN:84,_ZN13Configuration22get_student_budget_minEv
FN:87,_ZN13Configuration22get_student_budget_maxEv
FN:90,_ZN13Configuration24is_student_budget_randomEv
FN:94,_ZN13Configuration21get_researcher_budgetEv
FN:101,_ZN13Configuration25get_researcher_budget_minEv
FN:104,_ZN13Configuration25get_researcher_budget_maxEv
FN:107,_ZN13Configuration27is_researcher_budget_randomEv
FN:111,_ZN13Configuration15get_usage_priceEv
FN:115,_ZN13Configuration20get_operational_costEv
FN:119,_ZN13Configuration17get_requests_spanEv
FN:123,_ZN13Configuration18set_student_randomEb
FN:126,_ZN13Configuration21set_researcher_randomEb
FN:129,_ZN13Configuration16set_users_randomEb
FN:132,_ZN13Configuration15set_jobs_randomEb
FN:136,_ZN13Configuration15set_usage_priceEd
FN:139,_ZN13Configuration20set_operational_costEd
FN:142,_ZN13Configuration12set_nodes_nrEj
FN:151,_ZN13Configuration12set_cores_nrEj
FN:161,_ZN13Configuration18set_student_budgetEd
FN:164,_ZN13Configuration22set_student_budget_minEd
FN:171,_ZN13Configuration22set_student_budget_maxEd
FN:179,_ZN13Configuration21set_researcher_budgetEd
FN:182,_ZN13Configuration25set_researcher_budget_minEd
FN:189,_ZN13Configuration25set_researcher_budget_maxEd
FN:197,_ZN13Configuration11set_jobs_nrEj
FN:200,_ZN13Configuration15set_jobs_nr_minEj
FN:207,_ZN13Configuration15set_jobs_nr_maxEj
FN:215,_ZN13Configuration12set_users_nrEj
FN:218,_ZN13Configuration16set_users_nr_minEj
FN:225,_ZN13Configuration16set_users_nr_maxEj
FN:233,_ZN13Configuration17set_requests_spanEy
FN:237,_ZN13Configuration7set_nowEb
FN:240,_ZN13Configuration8set_timeEl
FN:244,_ZN13Configuration8get_timeEv
FN:250,_Z41__static_initialization_and_destruction_0ii
FN:250,_GLOBAL__sub_I__ZN13ConfigurationC2Ev
FNDA:2,_ZN13ConfigurationC2Ev
FNDA:4,_ZN13Configuration12get_users_nrEv
FNDA:5,_ZN13Configuration16get_users_nr_minEv
FNDA:4,_ZN13Configuration16get_users_nr_maxEv
FNDA:2,_ZN13Configuration18is_users_nr_randomEv
FNDA:4,_ZN13Configuration11get_jobs_nrEv
FNDA:5,_ZN13Configuration15get_jobs_nr_minEv
FNDA:4,_ZN13Configuration15get_jobs_nr_maxEv
FNDA:2,_ZN13Configuration17is_jobs_nr_randomEv
FNDA:5,_ZN13Configuration12get_cores_nrEv
FNDA:3,_ZN13Configuration12get_nodes_nrEv
FNDA:4,_ZN13Configuration18get_student_budgetEv
FNDA:4,_ZN13Configuration22get_student_budget_minEv
FNDA:4,_ZN13Configuration22get_student_budget_maxEv
FNDA:2,_ZN13Configuration24is_student_budget_randomEv
FNDA:4,_ZN13Configuration21get_researcher_budgetEv
FNDA:4,_ZN13Configuration25get_researcher_budget_minEv
FNDA:4,_ZN13Configuration25get_researcher_budget_maxEv
FNDA:2,_ZN13Configuration27is_researcher_budget_randomEv
FNDA:2,_ZN13Configuration15get_usage_priceEv
FNDA:2,_ZN13Configuration20get_operational_costEv
FNDA:2,_ZN13Configuration17get_requests_spanEv
FNDA:1,_ZN13Configuration18set_student_randomEb
FNDA:1,_ZN13Configuration21set_researcher_randomEb
FNDA:1,_ZN13Configuration16set_users_randomEb
FNDA:1,_ZN13Configuration15set_jobs_randomEb
FNDA:1,_ZN13Configuration15set_usage_priceEd
FNDA:1,_ZN13Configuration20set_operational_costEd
FNDA:3,_ZN13Configuration12set_nodes_nrEj
FNDA:3,_ZN13Configuration12set_cores_nrEj
FNDA:1,_ZN13Configuration18set_student_budgetEd
FNDA:2,_ZN13Configuration22set_student_budget_minEd
FNDA:2,_ZN13Configuration22set_student_budget_maxEd
FNDA:1,_ZN13Configuration21set_researcher_budgetEd
FNDA:2,_ZN13Configuration25set_researcher_budget_minEd
FNDA:2,_ZN13Configuration25set_researcher_budget_maxEd
FNDA:1,_ZN13Configuration11set_jobs_nrEj
FNDA:2,_ZN13Configuration15set_jobs_nr_minEj
FNDA:2,_ZN13Configuration15set_jobs_nr_maxEj
FNDA:1,_ZN13Configuration12set_users_nrEj
FNDA:2,_ZN13Configuration16set_users_nr_minEj
FNDA:2,_ZN13Configuration16set_users_nr_maxEj
FNDA:1,_ZN13Configuration17set_requests_spanEy
FNDA:1,_ZN13Configuration7set_nowEb
FNDA:1,_ZN13Configuration8set_timeEl
FNDA:2,_ZN13Configuration8get_timeEv
FNDA:1,_GLOBAL__sub_I__ZN13ConfigurationC2Ev
FNDA:1,_Z41__static_initialization_and_destruction_0ii
FNF:48
FNH:48
DA:3,2
DA:4,2
DA:5,2
DA:6,2
DA:7,2
DA:9,2
DA:10,2
DA:11,2
DA:12,2
DA:14,2
DA:15,2
DA:17,2
DA:18,2
DA:20,2
DA:21,2
DA:22,2
DA:23,2
DA:25,2
DA:26,2
DA:27,2
DA:28,2
DA:30,2
DA:32,2
DA:33,2
DA:35,4
DA:36,4
DA:37,2
DA:39,2
DA:42,5
DA:43,5
DA:45,4
DA:46,4
DA:48,2
DA:49,2
DA:52,4
DA:53,4
DA:54,2
DA:56,2
DA:59,5
DA:60,5
DA:62,4
DA:63,4
DA:65,2
DA:66,2
DA:69,5
DA:70,5
DA:73,3
DA:74,3
DA:77,4
DA:78,4
DA:79,2
DA:81,2
DA:84,4
DA:85,4
DA:87,4
DA:88,4
DA:90,2
DA:91,2
DA:94,4
DA:95,4
DA:96,2
DA:98,2
DA:101,4
DA:102,4
DA:104,4
DA:105,4
DA:107,2
DA:108,2
DA:111,2
DA:112,2
DA:115,2
DA:116,2
DA:119,2
DA:120,2
DA:123,1
DA:124,1
DA:125,1
DA:126,1
DA:127,1
DA:128,1
DA:129,1
DA:130,1
DA:131,1
DA:132,1
DA:133,1
DA:134,1
DA:136,1
DA:137,1
DA:138,1
DA:139,1
DA:140,1
DA:141,1
DA:142,3
DA:143,3
DA:144,1
DA:145,2
DA:146,1
DA:148,1
DA:150,3
DA:151,3
DA:152,3
DA:153,1
DA:154,2
DA:155,1
DA:157,1
DA:159,3
DA:161,1
DA:162,1
DA:163,1
DA:164,2
DA:165,2
DA:166,1
DA:168,1
DA:170,2
DA:171,2
DA:172,2
DA:173,1
DA:175,1
DA:177,2
DA:179,1
DA:180,1
DA:181,1
DA:182,2
DA:183,2
DA:184,1
DA:186,1
DA:188,2
DA:189,2
DA:190,2
DA:191,1
DA:193,1
DA:195,2
DA:197,1
DA:198,1
DA:199,1
DA:200,2
DA:201,2
DA:202,1
DA:204,1
DA:206,2
DA:207,2
DA:208,2
DA:209,1
DA:211,1
DA:213,2
DA:215,1
DA:216,1
DA:217,1
DA:218,2
DA:219,2
DA:220,1
DA:222,1
DA:224,2
DA:225,2
DA:226,2
DA:227,1
DA:229,1
DA:231,2
DA:233,1
DA:234,1
DA:235,1
DA:237,1
DA:238,1
DA:239,1
DA:240,1
DA:241,1
DA:242,1
DA:244,2
DA:245,2
DA:246,1
DA:248,1
DA:250,3
LF:172
LH:172
end_of_record
TN:Supercomputer_Simulation_test_coverage
SF:/usr/include/c++/5/bits/basic_string.h
FN:106,_ZNSt7__cxx1112basic_stringIcSt11char_traitsIcESaIcEE12_Alloc_hiderD2Ev
FN:191,_ZNSt7__cxx1112basic_stringIcSt11char_traitsIcESaIcEE16_M_construct_auxIPcEEvT_S7_St12__false_type
FN:211,_ZNSt7__cxx1112basic_stringIcSt11char_traitsIcESaIcEE12_M_constructIPcEEvT_S7_
FN:534,_ZNSt7__cxx1112basic_stringIcSt11char_traitsIcESaIcEEC2IPcvEET_S7_RKS3_
FN:4872,_ZStplIcSt11char_traitsIcESaIcEENSt7__cxx1112basic_stringIT_T0_T1_EEPKS5_OS8_
FN:4884,_ZStplIcSt11char_traitsIcESaIcEENSt7__cxx1112basic_stringIT_T0_T1_EEOS8_PKS5_
FN:5299,_ZNSt7__cxx119to_stringEi
FNDA:0,_ZNSt7__cxx1112basic_stringIcSt11char_traitsIcESaIcEE12_Alloc_hiderD2Ev
FNDA:0,_ZNSt7__cxx1112basic_stringIcSt11char_traitsIcESaIcEE16_M_construct_auxIPcEEvT_S7_St12__false_type
FNDA:0,_ZNSt7__cxx1112basic_stringIcSt11char_traitsIcESaIcEE12_M_constructIPcEEvT_S7_
FNDA:0,_ZNSt7__cxx1112basic_stringIcSt11char_traitsIcESaIcEEC2IPcvEET_S7_RKS3_
FNDA:0,_ZStplIcSt11char_traitsIcESaIcEENSt7__cxx1112basic_stringIT_T0_T1_EEPKS5_OS8_
FNDA:0,_ZStplIcSt11char_traitsIcESaIcEENSt7__cxx1112basic_stringIT_T0_T1_EEOS8_PKS5_
FNDA:0,_ZNSt7__cxx119to_stringEi
FNF:7
FNH:0
DA:106,0
DA:191,0
DA:195,0
DA:196,0
DA:211,0
DA:214,0
DA:215,0
DA:534,0
DA:536,0
DA:537,0
DA:4872,0
DA:4874,0
DA:4884,0
DA:4886,0
DA:5299,0
DA:5301,0
LF:16
LH:0
end_of_record
SF:/usr/include/c++/5/bits/basic_string.tcc
FN:210,_ZNSt7__cxx1112basic_stringIcSt11char_traitsIcESaIcEE12_M_constructIPcEEvT_S7_St20forward_iterator_tag
FNDA:326,_ZNSt7__cxx1112basic_stringIcSt11char_traitsIcESaIcEE12_M_constructIPcEEvT_S7_St20forward_iterator_tag
FNF:1
FNH:1
DA:210,326
DA:215,326
DA:216,0
DA:219,326
DA:221,326
DA:223,81
DA:224,81
DA:229,326
DA:230,0
DA:232,0
DA:233,0
DA:236,326
DA:237,326
LF:13
LH:9
end_of_record
SF:/usr/include/c++/5/bits/move.h
FN:101,_ZSt4moveIRNSt7__cxx1112basic_stringIcSt11char_traitsIcESaIcEEEEONSt16remove_referenceIT_E4typeEOS8_
FNDA:0,_ZSt4moveIRNSt7__cxx1112basic_stringIcSt11char_traitsIcESaIcEEEEONSt16remove_referenceIT_E4typeEOS8_
FNF:1
FNH:0
DA:101,0
DA:102,0
LF:2
LH:0
end_of_record
SF:/usr/include/c++/5/bits/stl_iterator_base_funcs.h
FN:90,_ZSt10__distanceIPcENSt15iterator_traitsIT_E15difference_typeES2_S2_St26random_access_iterator_tag
FN:114,_ZSt8distanceIPcENSt15iterator_traitsIT_E15difference_typeES2_S2_
FNDA:326,_ZSt10__distanceIPcENSt15iterator_traitsIT_E15difference_typeES2_S2_St26random_access_iterator_tag
FNDA:326,_ZSt8distanceIPcENSt15iterator_traitsIT_E15difference_typeES2_S2_
FNF:2
FNH:2
DA:90,326
DA:96,326
DA:114,326
DA:117,652
DA:118,978
LF:5
LH:5
end_of_record
SF:/usr/include/c++/5/bits/stl_iterator_base_types.h
FN:204,_ZSt19__iterator_categoryIPcENSt15iterator_traitsIT_E17iterator_categoryERKS2_
FNDA:326,_ZSt19__iterator_categoryIPcENSt15iterator_traitsIT_E17iterator_categoryERKS2_
FNF:1
FNH:1
DA:204,326
DA:205,326
LF:2
LH:2
end_of_record
SF:/usr/include/c++/5/ext/string_conversions.h
FN:83,_ZN9__gnu_cxx12__to_xstringINSt7__cxx1112basic_stringIcSt11char_traitsIcESaIcEEEcEET_PFiPT0_mPKS8_P13__va_list_tagEmSB_z
FNDA:0,_ZN9__gnu_cxx12__to_xstringINSt7__cxx1112basic_stringIcSt11char_traitsIcESaIcEEEcEET_PFiPT0_mPKS8_P13__va_list_tagEmSB_z
FNF:1
FNH:0
DA:83,0
DA:89,0
DA:90,0
DA:93,0
DA:95,0
DA:97,0
DA:99,0
LF:7
LH:0
end_of_record
SF:/usr/include/c++/5/ext/type_traits.h
FN:150,_ZN9__gnu_cxx17__is_null_pointerIcEEbPT_
FNDA:326,_ZN9__gnu_cxx17__is_null_pointerIcEEbPT_
FNF:1
FNH:1
DA:150,326
DA:151,326
LF:2
LH:2
end_of_record
SF:/usr/include/c++/5/iostream
DA:74,1
LF:1
LH:1
end_of_record
SF:/mnt/7AAA6049AA60044B/GitHub/supercomputer-simulation/supercomputer/src/jobs/job.cpp
FN:3,_ZN3JobC2EP13Configurationly
FN:23,_ZN3Job8is_shortEv
FN:24,_ZN3Job9is_mediumEv
FN:25,_ZN3Job8is_largeEv
FN:26,_ZN3Job7is_hugeEv
FN:28,_ZN3Job8get_timeEv
FN:32,_ZN3Job9get_coresEv
FN:36,_ZN3Job9get_priceEv
FN:40,_ZN3Job8set_userEP4User
FN:44,_ZN3Job8get_nameB5cxx11Ev
FN:59,_ZN3Job12get_durationEv
FN:61,_Z41__static_initialization_and_destruction_0ii
FN:61,_GLOBAL__sub_I__ZN3JobC2EP13Configurationly
FNDA:0,_ZN3JobC2EP13Configurationly
FNDA:0,_ZN3Job8is_shortEv
FNDA:0,_ZN3Job9is_mediumEv
FNDA:0,_ZN3Job8is_largeEv
FNDA:0,_ZN3Job7is_hugeEv
FNDA:0,_ZN3Job8get_timeEv
FNDA:0,_ZN3Job9get_coresEv
FNDA:0,_ZN3Job9get_priceEv
FNDA:0,_ZN3Job8set_userEP4User
FNDA:0,_ZN3Job8get_nameB5cxx11Ev
FNDA:0,_ZN3Job12get_durationEv
FNDA:1,_GLOBAL__sub_I__ZN3JobC2EP13Configurationly
FNDA:1,_Z41__static_initialization_and_destruction_0ii
FNF:13
FNH:2
DA:3,0
DA:4,0
DA:5,0
DA:6,0
DA:7,0
DA:8,0
DA:9,0
DA:10,0
DA:11,0
DA:12,0
DA:13,0
DA:14,0
DA:15,0
DA:17,0
DA:18,0
DA:20,0
DA:21,0
DA:23,0
DA:24,0
DA:25,0
DA:26,0
DA:28,0
DA:29,0
DA:32,0
DA:33,0
DA:36,0
DA:37,0
DA:40,0
DA:41,0
DA:42,0
DA:44,0
DA:45,0
DA:46,0
DA:47,0
DA:48,0
DA:49,0
DA:50,0
DA:51,0
DA:52,0
DA:53,0
DA:55,0
DA:56,0
DA:59,0
DA:60,0
DA:61,3
LF:45
LH:1
end_of_record
TN:Supercomputer_Simulation_test_coverage
SF:/usr/include/c++/5/iostream
DA:74,1
LF:1
LH:1
end_of_record
SF:/mnt/7AAA6049AA60044B/GitHub/supercomputer-simulation/supercomputer/src/system/state.cpp
FN:3,_ZN5StateC2Exl9StateTypeNSt7__cxx1112basic_stringIcSt11char_traitsIcESaIcEEE
FN:15,_ZN5StateC2ES_l9StateTypeNSt7__cxx1112basic_stringIcSt11char_traitsIcESaIcEEE
FN:27,_ZN5State10insert_jobE3Job
FN:42,_ZN5State14can_insert_jobE3Job
FN:54,_ZN5State8get_timeEv
FN:58,_ZN5State8get_nameB5cxx11Ev
FN:62,_ZN5State8get_typeEv
FN:66,_ZN5State15get_short_coresEv
FN:67,_ZN5State16get_medium_coresEv
FN:68,_ZN5State15get_large_coresEv
FN:69,_ZN5State15get_total_coresEv
FN:70,_ZN5State14get_used_coresEv
FN:72,_ZlsRSoRK5State
FN:80,_GLOBAL__sub_I__ZN5StateC2Exl9StateTypeNSt7__cxx1112basic_stringIcSt11char_traitsIcESaIcEEE
FN:80,_Z41__static_initialization_and_destruction_0ii
FNDA:0,_ZN5StateC2Exl9StateTypeNSt7__cxx1112basic_stringIcSt11char_traitsIcESaIcEEE
FNDA:0,_ZN5StateC2ES_l9StateTypeNSt7__cxx1112basic_stringIcSt11char_traitsIcESaIcEEE
FNDA:0,_ZN5State10insert_jobE3Job
FNDA:0,_ZN5State14can_insert_jobE3Job
FNDA:0,_ZN5State8get_timeEv
FNDA:0,_ZN5State8get_nameB5cxx11Ev
FNDA:0,_ZN5State8get_typeEv
FNDA:0,_ZN5State15get_short_coresEv
FNDA:0,_ZN5State16get_medium_coresEv
FNDA:0,_ZN5State15get_large_coresEv
FNDA:0,_ZN5State15get_total_coresEv
FNDA:0,_ZN5State14get_used_coresEv
FNDA:0,_ZlsRSoRK5State
FNDA:1,_GLOBAL__sub_I__ZN5StateC2Exl9StateTypeNSt7__cxx1112basic_stringIcSt11char_traitsIcESaIcEEE
FNDA:1,_Z41__static_initialization_and_destruction_0ii
FNF:15
FNH:2
DA:3,0
DA:4,0
DA:5,0
DA:6,0
DA:7,0
DA:8,0
DA:10,0
DA:11,0
DA:12,0
DA:13,0
DA:15,0
DA:16,0
DA:17,0
DA:18,0
DA:19,0
DA:20,0
DA:22,0
DA:23,0
DA:24,0
DA:25,0
DA:27,0
DA:28,0
DA:29,0
DA:30,0
DA:31,0
DA:32,0
DA:33,0
DA:34,0
DA:35,0
DA:36,0
DA:37,0
DA:39,0
DA:40,0
DA:42,0
DA:43,0
DA:44,0
DA:45,0
DA:46,0
DA:47,0
DA:48,0
DA:49,0
DA:51,0
DA:54,0
DA:55,0
DA:58,0
DA:59,0
DA:62,0
DA:63,0
DA:66,0
DA:67,0
DA:68,0
DA:69,0
DA:70,0
DA:72,0
DA:73,0
DA:74,0
DA:75,0
DA:76,0
DA:77,0
DA:78,0
DA:79,0
DA:80,3
LF:62
LH:1
end_of_record
TN:Supercomputer_Simulation_test_coverage
SF:/usr/include/c++/5/bits/alloc_traits.h
FN:490,_ZNSt16allocator_traitsISaIyEE8allocateERS0_m
FN:490,_ZNSt16allocator_traitsISaIdEE8allocateERS0_m
FN:490,_ZNSt16allocator_traitsISaI4WeekEE8allocateERS1_m
FN:516,_ZNSt16allocator_traitsISaIdEE10deallocateERS0_Pdm
FN:516,_ZNSt16allocator_traitsISaIyEE10deallocateERS0_Pym
FN:516,_ZNSt16allocator_traitsISaI4WeekEE10deallocateERS1_PS0_m
FN:529,_ZNSt16allocator_traitsISaI4WeekEE9constructIS0_JRKS0_EEEvRS1_PT_DpOT0_
FN:529,_ZNSt16allocator_traitsISaIyEE9constructIyJRKyEEEvRS0_PT_DpOT0_
FN:529,_ZNSt16allocator_traitsISaIdEE9constructIdJRKdEEEvRS0_PT_DpOT0_
FN:541,_ZNSt16allocator_traitsISaIdEE7destroyIdEEvRS0_PT_
FN:541,_ZNSt16allocator_traitsISaIyEE7destroyIyEEvRS0_PT_
FN:541,_ZNSt16allocator_traitsISaI4WeekEE7destroyIS0_EEvRS1_PT_
FN:550,_ZNSt16allocator_traitsISaIyEE8max_sizeERKS0_
FN:550,_ZNSt16allocator_traitsISaI4WeekEE8max_sizeERKS1_
FN:550,_ZNSt16allocator_traitsISaIdEE8max_sizeERKS0_
FNDA:0,_ZNSt16allocator_traitsISaI4WeekEE8allocateERS1_m
FNDA:0,_ZNSt16allocator_traitsISaIdEE8allocateERS0_m
FNDA:0,_ZNSt16allocator_traitsISaIyEE8allocateERS0_m
FNDA:0,_ZNSt16allocator_traitsISaI4WeekEE10deallocateERS1_PS0_m
FNDA:0,_ZNSt16allocator_traitsISaIdEE10deallocateERS0_Pdm
FNDA:0,_ZNSt16allocator_traitsISaIyEE10deallocateERS0_Pym
FNDA:0,_ZNSt16allocator_traitsISaI4WeekEE9constructIS0_JRKS0_EEEvRS1_PT_DpOT0_
FNDA:0,_ZNSt16allocator_traitsISaIdEE9constructIdJRKdEEEvRS0_PT_DpOT0_
FNDA:0,_ZNSt16allocator_traitsISaIyEE9constructIyJRKyEEEvRS0_PT_DpOT0_
FNDA:0,_ZNSt16allocator_traitsISaI4WeekEE7destroyIS0_EEvRS1_PT_
FNDA:0,_ZNSt16allocator_traitsISaIdEE7destroyIdEEvRS0_PT_
FNDA:0,_ZNSt16allocator_traitsISaIyEE7destroyIyEEvRS0_PT_
FNDA:0,_ZNSt16allocator_traitsISaI4WeekEE8max_sizeERKS1_
FNDA:0,_ZNSt16allocator_traitsISaIdEE8max_sizeERKS0_
FNDA:0,_ZNSt16allocator_traitsISaIyEE8max_sizeERKS0_
FNF:15
FNH:0
DA:490,0
DA:491,0
DA:516,0
DA:517,0
DA:529,0
DA:530,0
DA:541,0
DA:542,0
DA:550,0
DA:551,0
LF:10
LH:0
end_of_record
SF:/usr/include/c++/5/bits/allocator.h
FN:113,_ZNSaI4WeekEC2Ev
FN:113,_ZNSaIyEC2Ev
FN:113,_ZNSaIdEC2Ev
FNDA:0,_ZNSaI4WeekEC2Ev
FNDA:0,_ZNSaIdEC2Ev
FNDA:0,_ZNSaIyEC2Ev
FNF:3
FNH:0
DA:113,0
LF:1
LH:0
end_of_record
SF:/usr/include/c++/5/bits/basic_string.h
FN:106,_ZNSt7__cxx1112basic_stringIcSt11char_traitsIcESaIcEE12_Alloc_hiderD2Ev
FN:191,_ZNSt7__cxx1112basic_stringIcSt11char_traitsIcESaIcEE16_M_construct_auxIPcEEvT_S7_St12__false_type
FN:211,_ZNSt7__cxx1112basic_stringIcSt11char_traitsIcESaIcEE12_M_constructIPcEEvT_S7_
FN:534,_ZNSt7__cxx1112basic_stringIcSt11char_traitsIcESaIcEEC2IPcvEET_S7_RKS3_
FN:4884,_ZStplIcSt11char_traitsIcESaIcEENSt7__cxx1112basic_stringIT_T0_T1_EEOS8_PKS5_
FN:5321,_ZNSt7__cxx119to_stringEx
FNDA:0,_ZNSt7__cxx1112basic_stringIcSt11char_traitsIcESaIcEE12_Alloc_hiderD2Ev
FNDA:0,_ZNSt7__cxx1112basic_stringIcSt11char_traitsIcESaIcEE16_M_construct_auxIPcEEvT_S7_St12__false_type
FNDA:0,_ZNSt7__cxx1112basic_stringIcSt11char_traitsIcESaIcEE12_M_constructIPcEEvT_S7_
FNDA:0,_ZNSt7__cxx1112basic_stringIcSt11char_traitsIcESaIcEEC2IPcvEET_S7_RKS3_
FNDA:0,_ZStplIcSt11char_traitsIcESaIcEENSt7__cxx1112basic_stringIT_T0_T1_EEOS8_PKS5_
FNDA:0,_ZNSt7__cxx119to_stringEx
FNF:6
FNH:0
DA:106,0
DA:191,0
DA:195,0
DA:196,0
DA:211,0
DA:214,0
DA:215,0
DA:534,0
DA:536,0
DA:537,0
DA:4884,0
DA:4886,0
DA:5321,0
DA:5324,0
LF:14
LH:0
end_of_record
SF:/usr/include/c++/5/bits/basic_string.tcc
FN:210,_ZNSt7__cxx1112basic_stringIcSt11char_traitsIcESaIcEE12_M_constructIPcEEvT_S7_St20forward_iterator_tag
FNDA:0,_ZNSt7__cxx1112basic_stringIcSt11char_traitsIcESaIcEE12_M_constructIPcEEvT_S7_St20forward_iterator_tag
FNF:1
FNH:0
DA:210,0
DA:215,0
DA:216,0
DA:219,0
DA:221,0
DA:223,0
DA:224,0
DA:229,0
DA:230,0
DA:232,0
DA:233,0
DA:236,0
DA:237,0
LF:13
LH:0
end_of_record
SF:/usr/include/c++/5/bits/ios_base.h
FN:83,_ZStanSt13_Ios_FmtflagsS_
FN:87,_ZStorSt13_Ios_FmtflagsS_
FN:95,_ZStcoSt13_Ios_Fmtflags
FN:99,_ZStoRRSt13_Ios_FmtflagsS_
FN:103,_ZStaNRSt13_Ios_FmtflagsS_
FN:129,_ZStorSt13_Ios_OpenmodeS_
FN:663,_ZNSt8ios_base4setfESt13_Ios_FmtflagsS0_
FN:1041,_ZSt5fixedRSt8ios_base
FNDA:0,_ZStanSt13_Ios_FmtflagsS_
FNDA:0,_ZStorSt13_Ios_FmtflagsS_
FNDA:0,_ZStcoSt13_Ios_Fmtflags
FNDA:0,_ZStoRRSt13_Ios_FmtflagsS_
FNDA:0,_ZStaNRSt13_Ios_FmtflagsS_
FNDA:0,_ZStorSt13_Ios_OpenmodeS_
FNDA:0,_ZNSt8ios_base4setfESt13_Ios_FmtflagsS0_
FNDA:0,_ZSt5fixedRSt8ios_base
FNF:8
FNH:0
DA:83,0
DA:84,0
DA:87,0
DA:88,0
DA:95,0
DA:96,0
DA:99,0
DA:100,0
DA:103,0
DA:104,0
DA:129,0
DA:130,0
DA:663,0
DA:665,0
DA:666,0
DA:667,0
DA:668,0
DA:1041,0
DA:1043,0
DA:1044,0
LF:20
LH:0
end_of_record
SF:/usr/include/c++/5/bits/move.h
FN:47,_ZSt11__addressofI4WeekEPT_RS1_
FN:76,_ZSt7forwardIRK4WeekEOT_RNSt16remove_referenceIS3_E4typeE
FN:76,_ZSt7forwardIRKyEOT_RNSt16remove_referenceIS2_E4typeE
FN:76,_ZSt7forwardIRKdEOT_RNSt16remove_referenceIS2_E4typeE
FN:76,_ZSt7forwardI4WeekEOT_RNSt16remove_referenceIS1_E4typeE
FN:101,_ZSt4moveIRNSt7__cxx1112basic_stringIcSt11char_traitsIcESaIcEEEEONSt16remove_referenceIT_E4typeEOS8_
FNDA:0,_ZSt11__addressofI4WeekEPT_RS1_
FNDA:0,_ZSt7forwardI4WeekEOT_RNSt16remove_referenceIS1_E4typeE
FNDA:0,_ZSt7forwardIRK4WeekEOT_RNSt16remove_referenceIS3_E4typeE
FNDA:0,_ZSt7forwardIRKdEOT_RNSt16remove_referenceIS2_E4typeE
FNDA:0,_ZSt7forwardIRKyEOT_RNSt16remove_referenceIS2_E4typeE
FNDA:0,_ZSt4moveIRNSt7__cxx1112basic_stringIcSt11char_traitsIcESaIcEEEEONSt16remove_referenceIT_E4typeEOS8_
FNF:6
FNH:0
DA:47,0
DA:50,0
DA:76,0
DA:77,0
DA:101,0
DA:102,0
LF:6
LH:0
end_of_record
SF:/usr/include/c++/5/bits/stl_algobase.h
FN:219,_ZSt3maxImERKT_S2_S2_
FN:282,_ZSt12__niter_baseIPdENSt11_Niter_baseIT_E13iterator_typeES2_
FN:282,_ZSt12__niter_baseIPyENSt11_Niter_baseIT_E13iterator_typeES2_
FN:293,_ZSt12__miter_baseISt13move_iteratorIPyEENSt11_Miter_baseIT_E13iterator_typeES4_
FN:293,_ZSt12__miter_baseISt13move_iteratorIPdEENSt11_Miter_baseIT_E13iterator_typeES4_
FN:373,_ZNSt11__copy_moveILb1ELb1ESt26random_access_iterator_tagE8__copy_mIyEEPT_PKS3_S6_S4_
FN:373,_ZNSt11__copy_moveILb1ELb1ESt26random_access_iterator_tagE8__copy_mIdEEPT_PKS3_S6_S4_
FN:391,_ZSt13__copy_move_aILb1EPyS0_ET1_T0_S2_S1_
FN:391,_ZSt13__copy_move_aILb1EPdS0_ET1_T0_S2_S1_
FN:436,_ZSt14__copy_move_a2ILb1EPyS0_ET1_T0_S2_S1_
FN:436,_ZSt14__copy_move_a2ILb1EPdS0_ET1_T0_S2_S1_
FN:462,_ZSt4copyISt13move_iteratorIPdES1_ET0_T_S4_S3_
FN:462,_ZSt4copyISt13move_iteratorIPyES1_ET0_T_S4_S3_
FNDA:0,_ZSt3maxImERKT_S2_S2_
FNDA:0,_ZSt12__niter_baseIPdENSt11_Niter_baseIT_E13iterator_typeES2_
FNDA:0,_ZSt12__niter_baseIPyENSt11_Niter_baseIT_E13iterator_typeES2_
FNDA:0,_ZSt12__miter_baseISt13move_iteratorIPdEENSt11_Miter_baseIT_E13iterator_typeES4_
FNDA:0,_ZSt12__miter_baseISt13move_iteratorIPyEENSt11_Miter_baseIT_E13iterator_typeES4_
FNDA:0,_ZNSt11__copy_moveILb1ELb1ESt26random_access_iterator_tagE8__copy_mIdEEPT_PKS3_S6_S4_
FNDA:0,_ZNSt11__copy_moveILb1ELb1ESt26random_access_iterator_tagE8__copy_mIyEEPT_PKS3_S6_S4_
FNDA:0,_ZSt13__copy_move_aILb1EPdS0_ET1_T0_S2_S1_
FNDA:0,_ZSt13__copy_move_aILb1EPyS0_ET1_T0_S2_S1_
FNDA:0,_ZSt14__copy_move_a2ILb1EPdS0_ET1_T0_S2_S1_
FNDA:0,_ZSt14__copy_move_a2ILb1EPyS0_ET1_T0_S2_S1_
FNDA:0,_ZSt4copyISt13move_iteratorIPdES1_ET0_T_S4_S3_
FNDA:0,_ZSt4copyISt13move_iteratorIPyES1_ET0_T_S4_S3_
FNF:13
FNH:0
DA:219,0
DA:224,0
DA:225,0
DA:226,0
DA:282,0
DA:283,0
DA:293,0
DA:294,0
DA:373,0
DA:382,0
DA:383,0
DA:384,0
DA:385,0
DA:391,0
DA:399,0
DA:402,0
DA:436,0
DA:438,0
DA:440,0
DA:462,0
DA:471,0
DA:472,0
LF:22
LH:0
end_of_record
SF:/usr/include/c++/5/bits/stl_construct.h
FN:74,_ZSt10_ConstructI4WeekJS0_EEvPT_DpOT0_
FN:112,_ZNSt12_Destroy_auxILb1EE9__destroyIPyEEvT_S3_
FN:112,_ZNSt12_Destroy_auxILb1EE9__destroyIP4WeekEEvT_S4_
FN:112,_ZNSt12_Destroy_auxILb1EE9__destroyIPdEEvT_S3_
FN:122,_ZSt8_DestroyIP4WeekEvT_S2_
FN:122,_ZSt8_DestroyIPdEvT_S1_
FN:122,_ZSt8_DestroyIPyEvT_S1_
FN:148,_ZSt8_DestroyIP4WeekS0_EvT_S2_RSaIT0_E
FN:148,_ZSt8_DestroyIPyyEvT_S1_RSaIT0_E
FN:148,_ZSt8_DestroyIPddEvT_S1_RSaIT0_E
FNDA:0,_ZSt10_ConstructI4WeekJS0_EEvPT_DpOT0_
FNDA:0,_ZNSt12_Destroy_auxILb1EE9__destroyIP4WeekEEvT_S4_
FNDA:0,_ZNSt12_Destroy_auxILb1EE9__destroyIPdEEvT_S3_
FNDA:0,_ZNSt12_Destroy_auxILb1EE9__destroyIPyEEvT_S3_
FNDA:0,_ZSt8_DestroyIP4WeekEvT_S2_
FNDA:0,_ZSt8_DestroyIPdEvT_S1_
FNDA:0,_ZSt8_DestroyIPyEvT_S1_
FNDA:0,_ZSt8_DestroyIP4WeekS0_EvT_S2_RSaIT0_E
FNDA:0,_ZSt8_DestroyIPddEvT_S1_RSaIT0_E
FNDA:0,_ZSt8_DestroyIPyyEvT_S1_RSaIT0_E
FNF:10
FNH:0
DA:74,0
DA:75,0
DA:112,0
DA:122,0
DA:126,0
DA:128,0
DA:148,0
DA:151,0
DA:152,0
LF:9
LH:0
end_of_record
SF:/usr/include/c++/5/bits/stl_iterator.h
FN:740,_ZN9__gnu_cxx17__normal_iteratorIPdSt6vectorIdSaIdEEEC2ERKS1_
FN:740,_ZN9__gnu_cxx17__normal_iteratorIPySt6vectorIySaIyEEEC2ERKS1_
FN:753,_ZNK9__gnu_cxx17__normal_iteratorIPySt6vectorIySaIyEEEdeEv
FN:753,_ZNK9__gnu_cxx17__normal_iteratorIPdSt6vectorIdSaIdEEEdeEv
FN:761,_ZN9__gnu_cxx17__normal_iteratorIPdSt6vectorIdSaIdEEEppEv
FN:761,_ZN9__gnu_cxx17__normal_iteratorIPySt6vectorIySaIyEEEppEv
FN:805,_ZNK9__gnu_cxx17__normal_iteratorIPdSt6vectorIdSaIdEEE4baseEv
FN:805,_ZNK9__gnu_cxx17__normal_iteratorIPySt6vectorIySaIyEEE4baseEv
FN:841,_ZN9__gnu_cxxneIPySt6vectorIySaIyEEEEbRKNS_17__normal_iteratorIT_T0_EESA_
FN:841,_ZN9__gnu_cxxneIPdSt6vectorIdSaIdEEEEbRKNS_17__normal_iteratorIT_T0_EESA_
FN:984,_ZNSt13move_iteratorIPdEC2ES0_
FN:984,_ZNSt13move_iteratorIP4WeekEC2ES1_
FN:984,_ZNSt13move_iteratorIPyEC2ES0_
FN:992,_ZNKSt13move_iteratorIP4WeekE4baseEv
FN:992,_ZNKSt13move_iteratorIPdE4baseEv
FN:992,_ZNKSt13move_iteratorIPyE4baseEv
FN:996,_ZNKSt13move_iteratorIP4WeekEdeEv
FN:1004,_ZNSt13move_iteratorIP4WeekEppEv
FN:1071,_ZSteqIP4WeekEbRKSt13move_iteratorIT_ES6_
FN:1083,_ZStneIP4WeekEbRKSt13move_iteratorIT_ES6_
FN:1166,_ZSt32__make_move_if_noexcept_iteratorIPdSt13move_iteratorIS0_EET0_T_
FN:1166,_ZSt32__make_move_if_noexcept_iteratorIPySt13move_iteratorIS0_EET0_T_
FN:1166,_ZSt32__make_move_if_noexcept_iteratorIP4WeekSt13move_iteratorIS1_EET0_T_
FNDA:0,_ZN9__gnu_cxx17__normal_iteratorIPySt6vectorIySaIyEEEC2ERKS1_
FNDA:0,_ZN9__gnu_cxx17__normal_iteratorIPdSt6vectorIdSaIdEEEC2ERKS1_
FNDA:0,_ZNK9__gnu_cxx17__normal_iteratorIPySt6vectorIySaIyEEEdeEv
FNDA:0,_ZNK9__gnu_cxx17__normal_iteratorIPdSt6vectorIdSaIdEEEdeEv
FNDA:0,_ZN9__gnu_cxx17__normal_iteratorIPySt6vectorIySaIyEEEppEv
FNDA:0,_ZN9__gnu_cxx17__normal_iteratorIPdSt6vectorIdSaIdEEEppEv
FNDA:0,_ZNK9__gnu_cxx17__normal_iteratorIPySt6vectorIySaIyEEE4baseEv
FNDA:0,_ZNK9__gnu_cxx17__normal_iteratorIPdSt6vectorIdSaIdEEE4baseEv
FNDA:0,_ZN9__gnu_cxxneIPySt6vectorIySaIyEEEEbRKNS_17__normal_iteratorIT_T0_EESA_
FNDA:0,_ZN9__gnu_cxxneIPdSt6vectorIdSaIdEEEEbRKNS_17__normal_iteratorIT_T0_EESA_
FNDA:0,_ZNSt13move_iteratorIP4WeekEC2ES1_
FNDA:0,_ZNSt13move_iteratorIPdEC2ES0_
FNDA:0,_ZNSt13move_iteratorIPyEC2ES0_
FNDA:0,_ZNKSt13move_iteratorIPdE4baseEv
FNDA:0,_ZNKSt13move_iteratorIPyE4baseEv
FNDA:0,_ZNKSt13move_iteratorIP4WeekE4baseEv
FNDA:0,_ZNKSt13move_iteratorIP4WeekEdeEv
FNDA:0,_ZNSt13move_iteratorIP4WeekEppEv
FNDA:0,_ZSteqIP4WeekEbRKSt13move_iteratorIT_ES6_
FNDA:0,_ZStneIP4WeekEbRKSt13move_iteratorIT_ES6_
FNDA:0,_ZSt32__make_move_if_noexcept_iteratorIP4WeekSt13move_iteratorIS1_EET0_T_
FNDA:0,_ZSt32__make_move_if_noexcept_iteratorIPdSt13move_iteratorIS0_EET0_T_
FNDA:0,_ZSt32__make_move_if_noexcept_iteratorIPySt13move_iteratorIS0_EET0_T_
FNF:23
FNH:0
DA:740,0
DA:741,0
DA:753,0
DA:754,0
DA:761,0
DA:763,0
DA:764,0
DA:805,0
DA:806,0
DA:841,0
DA:844,0
DA:984,0
DA:985,0
DA:992,0
DA:993,0
DA:996,0
DA:997,0
DA:1004,0
DA:1006,0
DA:1007,0
DA:1071,0
DA:1073,0
DA:1083,0
DA:1085,0
DA:1166,0
DA:1167,0
LF:26
LH:0
end_of_record
SF:/usr/include/c++/5/bits/stl_iterator_base_funcs.h
FN:90,_ZSt10__distanceIPcENSt15iterator_traitsIT_E15difference_typeES2_S2_St26random_access_iterator_tag
FN:114,_ZSt8distanceIPcENSt15iterator_traitsIT_E15difference_typeES2_S2_
FNDA:0,_ZSt10__distanceIPcENSt15iterator_traitsIT_E15difference_typeES2_S2_St26random_access_iterator_tag
FNDA:0,_ZSt8distanceIPcENSt15iterator_traitsIT_E15difference_typeES2_S2_
FNF:2
FNH:0
DA:90,0
DA:96,0
DA:114,0
DA:117,0
DA:118,0
LF:5
LH:0
end_of_record
SF:/usr/include/c++/5/bits/stl_iterator_base_types.h
FN:204,_ZSt19__iterator_categoryIPcENSt15iterator_traitsIT_E17iterator_categoryERKS2_
FN:215,_ZNSt10_Iter_baseIPdLb0EE7_S_baseES0_
FN:215,_ZNSt10_Iter_baseIPyLb0EE7_S_baseES0_
FN:223,_ZNSt10_Iter_baseISt13move_iteratorIPyELb1EE7_S_baseES2_
FN:223,_ZNSt10_Iter_baseISt13move_iteratorIPdELb1EE7_S_baseES2_
FNDA:0,_ZSt19__iterator_categoryIPcENSt15iterator_traitsIT_E17iterator_categoryERKS2_
FNDA:0,_ZNSt10_Iter_baseIPdLb0EE7_S_baseES0_
FNDA:0,_ZNSt10_Iter_baseIPyLb0EE7_S_baseES0_
FNDA:0,_ZNSt10_Iter_baseISt13move_iteratorIPdELb1EE7_S_baseES2_
FNDA:0,_ZNSt10_Iter_baseISt13move_iteratorIPyELb1EE7_S_baseES2_
FNF:5
FNH:0
DA:204,0
DA:205,0
DA:215,0
DA:216,0
DA:223,0
DA:224,0
LF:6
LH:0
end_of_record
SF:/usr/include/c++/5/bits/stl_numeric.h
FN:120,_ZSt10accumulateIN9__gnu_cxx17__normal_iteratorIPySt6vectorIySaIyEEEEdET0_T_S8_S7_
FN:120,_ZSt10accumulateIN9__gnu_cxx17__normal_iteratorIPdSt6vectorIdSaIdEEEEdET0_T_S8_S7_
FNDA:0,_ZSt10accumulateIN9__gnu_cxx17__normal_iteratorIPySt6vectorIySaIyEEEEdET0_T_S8_S7_
FNDA:0,_ZSt10accumulateIN9__gnu_cxx17__normal_iteratorIPdSt6vectorIdSaIdEEEEdET0_T_S8_S7_
FNF:2
FNH:0
DA:120,0
DA:126,0
DA:127,0
DA:128,0
LF:4
LH:0
end_of_record
SF:/usr/include/c++/5/bits/stl_uninitialized.h
FN:68,_ZNSt20__uninitialized_copyILb0EE13__uninit_copyISt13move_iteratorIP4WeekES4_EET0_T_S7_S6_
FN:91,_ZNSt20__uninitialized_copyILb1EE13__uninit_copyISt13move_iteratorIPdES3_EET0_T_S6_S5_
FN:91,_ZNSt20__uninitialized_copyILb1EE13__uninit_copyISt13move_iteratorIPyES3_EET0_T_S6_S5_
FN:107,_ZSt18uninitialized_copyISt13move_iteratorIPyES1_ET0_T_S4_S3_
FN:107,_ZSt18uninitialized_copyISt13move_iteratorIPdES1_ET0_T_S4_S3_
FN:107,_ZSt18uninitialized_copyISt13move_iteratorIP4WeekES2_ET0_T_S5_S4_
FN:279,_ZSt22__uninitialized_copy_aISt13move_iteratorIPdES1_dET0_T_S4_S3_RSaIT1_E
FN:279,_ZSt22__uninitialized_copy_aISt13move_iteratorIPyES1_yET0_T_S4_S3_RSaIT1_E
FN:279,_ZSt22__uninitialized_copy_aISt13move_iteratorIP4WeekES2_S1_ET0_T_S5_S4_RSaIT1_E
FN:297,_ZSt34__uninitialized_move_if_noexcept_aIP4WeekS1_SaIS0_EET0_T_S4_S3_RT1_
FN:297,_ZSt34__uninitialized_move_if_noexcept_aIPdS0_SaIdEET0_T_S3_S2_RT1_
FN:297,_ZSt34__uninitialized_move_if_noexcept_aIPyS0_SaIyEET0_T_S3_S2_RT1_
FNDA:0,_ZNSt20__uninitialized_copyILb0EE13__uninit_copyISt13move_iteratorIP4WeekES4_EET0_T_S7_S6_
FNDA:0,_ZNSt20__uninitialized_copyILb1EE13__uninit_copyISt13move_iteratorIPdES3_EET0_T_S6_S5_
FNDA:0,_ZNSt20__uninitialized_copyILb1EE13__uninit_copyISt13move_iteratorIPyES3_EET0_T_S6_S5_
FNDA:0,_ZSt18uninitialized_copyISt13move_iteratorIP4WeekES2_ET0_T_S5_S4_
FNDA:0,_ZSt18uninitialized_copyISt13move_iteratorIPdES1_ET0_T_S4_S3_
FNDA:0,_ZSt18uninitialized_copyISt13move_iteratorIPyES1_ET0_T_S4_S3_
FNDA:0,_ZSt22__uninitialized_copy_aISt13move_iteratorIP4WeekES2_S1_ET0_T_S5_S4_RSaIT1_E
FNDA:0,_ZSt22__uninitialized_copy_aISt13move_iteratorIPdES1_dET0_T_S4_S3_RSaIT1_E
FNDA:0,_ZSt22__uninitialized_copy_aISt13move_iteratorIPyES1_yET0_T_S4_S3_RSaIT1_E
FNDA:0,_ZSt34__uninitialized_move_if_noexcept_aIP4WeekS1_SaIS0_EET0_T_S4_S3_RT1_
FNDA:0,_ZSt34__uninitialized_move_if_noexcept_aIPdS0_SaIdEET0_T_S3_S2_RT1_
FNDA:0,_ZSt34__uninitialized_move_if_noexcept_aIPyS0_SaIyEET0_T_S3_S2_RT1_
FNF:12
FNH:0
DA:68,0
DA:71,0
DA:74,0
DA:75,0
DA:76,0
DA:78,0
DA:80,0
DA:81,0
DA:91,0
DA:93,0
DA:107,0
DA:120,0
DA:126,0
DA:279,0
DA:281,0
DA:297,0
DA:303,0
DA:304,0
LF:18
LH:0
end_of_record
SF:/usr/include/c++/5/bits/stl_vector.h
FN:86,_ZNSt12_Vector_baseIdSaIdEE12_Vector_implC2Ev
FN:86,_ZNSt12_Vector_baseIySaIyEE12_Vector_implC2Ev
FN:86,_ZNSt12_Vector_baseI4WeekSaIS0_EE12_Vector_implC2Ev
FN:113,_ZNSt12_Vector_baseIdSaIdEE19_M_get_Tp_allocatorEv
FN:113,_ZNSt12_Vector_baseIySaIyEE19_M_get_Tp_allocatorEv
FN:113,_ZNSt12_Vector_baseI4WeekSaIS0_EE19_M_get_Tp_allocatorEv
FN:117,_ZNKSt12_Vector_baseI4WeekSaIS0_EE19_M_get_Tp_allocatorEv
FN:117,_ZNKSt12_Vector_baseIdSaIdEE19_M_get_Tp_allocatorEv
FN:117,_ZNKSt12_Vector_baseIySaIyEE19_M_get_Tp_allocatorEv
FN:124,_ZNSt12_Vector_baseIySaIyEEC2Ev
FN:124,_ZNSt12_Vector_baseIdSaIdEEC2Ev
FN:124,_ZNSt12_Vector_baseI4WeekSaIS0_EEC2Ev
FN:167,_ZNSt12_Vector_baseIdSaIdEE11_M_allocateEm
FN:167,_ZNSt12_Vector_baseI4WeekSaIS0_EE11_M_allocateEm
FN:167,_ZNSt12_Vector_baseIySaIyEE11_M_allocateEm
FN:174,_ZNSt12_Vector_baseI4WeekSaIS0_EE13_M_deallocateEPS0_m
FN:174,_ZNSt12_Vector_baseIySaIyEE13_M_deallocateEPym
FN:174,_ZNSt12_Vector_baseIdSaIdEE13_M_deallocateEPdm
FN:253,_ZNSt6vectorIdSaIdEEC2Ev
FN:253,_ZNSt6vectorI4WeekSaIS0_EEC2Ev
FN:253,_ZNSt6vectorIySaIyEEC2Ev
FN:547,_ZNSt6vectorIdSaIdEE5beginEv
FN:547,_ZNSt6vectorIySaIyEE5beginEv
FN:565,_ZNSt6vectorIdSaIdEE3endEv
FN:565,_ZNSt6vectorIySaIyEE3endEv
FN:654,_ZNKSt6vectorIySaIyEE4sizeEv
FN:654,_ZNKSt6vectorI4WeekSaIS0_EE4sizeEv
FN:654,_ZNKSt6vectorIdSaIdEE4sizeEv
FN:659,_ZNKSt6vectorIySaIyEE8max_sizeEv
FN:659,_ZNKSt6vectorIdSaIdEE8max_sizeEv
FN:659,_ZNKSt6vectorI4WeekSaIS0_EE8max_sizeEv
FN:779,_ZNSt6vectorI4WeekSaIS0_EEixEm
FN:913,_ZNSt6vectorIdSaIdEE9push_backERKd
FN:913,_ZNSt6vectorIySaIyEE9push_backERKy
FN:913,_ZNSt6vectorI4WeekSaIS0_EE9push_backERKS0_
FN:1422,_ZNKSt6vectorI4WeekSaIS0_EE12_M_check_lenEmPKc
FN:1422,_ZNKSt6vectorIdSaIdEE12_M_check_lenEmPKc
FN:1422,_ZNKSt6vectorIySaIyEE12_M_check_lenEmPKc
FNDA:0,_ZNSt12_Vector_baseI4WeekSaIS0_EE12_Vector_implC2Ev
FNDA:0,_ZNSt12_Vector_baseIdSaIdEE12_Vector_implC2Ev
FNDA:0,_ZNSt12_Vector_baseIySaIyEE12_Vector_implC2Ev
FNDA:0,_ZNSt12_Vector_baseI4WeekSaIS0_EE19_M_get_Tp_allocatorEv
FNDA:0,_ZNSt12_Vector_baseIdSaIdEE19_M_get_Tp_allocatorEv
FNDA:0,_ZNSt12_Vector_baseIySaIyEE19_M_get_Tp_allocatorEv
FNDA:0,_ZNKSt12_Vector_baseI4WeekSaIS0_EE19_M_get_Tp_allocatorEv
FNDA:0,_ZNKSt12_Vector_baseIdSaIdEE19_M_get_Tp_allocatorEv
FNDA:0,_ZNKSt12_Vector_baseIySaIyEE19_M_get_Tp_allocatorEv
FNDA:0,_ZNSt12_Vector_baseI4WeekSaIS0_EEC2Ev
FNDA:0,_ZNSt12_Vector_baseIdSaIdEEC2Ev
FNDA:0,_ZNSt12_Vector_baseIySaIyEEC2Ev
FNDA:0,_ZNSt12_Vector_baseI4WeekSaIS0_EE11_M_allocateEm
FNDA:0,_ZNSt12_Vector_baseIdSaIdEE11_M_allocateEm
FNDA:0,_ZNSt12_Vector_baseIySaIyEE11_M_allocateEm
FNDA:0,_ZNSt12_Vector_baseI4WeekSaIS0_EE13_M_deallocateEPS0_m
FNDA:0,_ZNSt12_Vector_baseIdSaIdEE13_M_deallocateEPdm
FNDA:0,_ZNSt12_Vector_baseIySaIyEE13_M_deallocateEPym
FNDA:0,_ZNSt6vectorI4WeekSaIS0_EEC2Ev
FNDA:0,_ZNSt6vectorIdSaIdEEC2Ev
FNDA:0,_ZNSt6vectorIySaIyEEC2Ev
FNDA:0,_ZNSt6vectorIySaIyEE5beginEv
FNDA:0,_ZNSt6vectorIdSaIdEE5beginEv
FNDA:0,_ZNSt6vectorIySaIyEE3endEv
FNDA:0,_ZNSt6vectorIdSaIdEE3endEv
FNDA:0,_ZNKSt6vectorIySaIyEE4sizeEv
FNDA:0,_ZNKSt6vectorIdSaIdEE4sizeEv
FNDA:0,_ZNKSt6vectorI4WeekSaIS0_EE4sizeEv
FNDA:0,_ZNKSt6vectorI4WeekSaIS0_EE8max_sizeEv
FNDA:0,_ZNKSt6vectorIdSaIdEE8max_sizeEv
FNDA:0,_ZNKSt6vectorIySaIyEE8max_sizeEv
FNDA:0,_ZNSt6vectorI4WeekSaIS0_EEixEm
FNDA:0,_ZNSt6vectorI4WeekSaIS0_EE9push_backERKS0_
FNDA:0,_ZNSt6vectorIdSaIdEE9push_backERKd
FNDA:0,_ZNSt6vectorIySaIyEE9push_backERKy
FNDA:0,_ZNKSt6vectorI4WeekSaIS0_EE12_M_check_lenEmPKc
FNDA:0,_ZNKSt6vectorIdSaIdEE12_M_check_lenEmPKc
FNDA:0,_ZNKSt6vectorIySaIyEE12_M_check_lenEmPKc
FNF:38
FNH:0
DA:86,0
DA:87,0
DA:88,0
DA:113,0
DA:114,0
DA:117,0
DA:118,0
DA:124,0
DA:125,0
DA:167,0
DA:170,0
DA:174,0
DA:177,0
DA:178,0
DA:179,0
DA:253,0
DA:257,0
DA:547,0
DA:548,0
DA:565,0
DA:566,0
DA:654,0
DA:655,0
DA:659,0
DA:660,0
DA:779,0
DA:780,0
DA:913,0
DA:915,0
DA:917,0
DA:919,0
DA:923,0
DA:927,0
DA:1422,0
DA:1424,0
DA:1425,0
DA:1427,0
DA:1428,0
LF:38
LH:0
end_of_record
SF:/usr/include/c++/5/bits/vector.tcc
FN:407,_ZNSt6vectorIySaIyEE19_M_emplace_back_auxIJRKyEEEvDpOT_
FN:407,_ZNSt6vectorI4WeekSaIS0_EE19_M_emplace_back_auxIJRKS0_EEEvDpOT_
FN:407,_ZNSt6vectorIdSaIdEE19_M_emplace_back_auxIJRKdEEEvDpOT_
FNDA:0,_ZNSt6vectorI4WeekSaIS0_EE19_M_emplace_back_auxIJRKS0_EEEvDpOT_
FNDA:0,_ZNSt6vectorIdSaIdEE19_M_emplace_back_auxIJRKdEEEvDpOT_
FNDA:0,_ZNSt6vectorIySaIyEE19_M_emplace_back_auxIJRKyEEEvDpOT_
FNF:3
FNH:0
DA:407,0
DA:411,0
DA:412,0
DA:413,0
DA:416,0
DA:417,0
DA:418,0
DA:420,0
DA:422,0
DA:423,0
DA:425,0
DA:427,0
DA:429,0
DA:430,0
DA:432,0
DA:433,0
DA:434,0
DA:436,0
DA:437,0
DA:438,0
DA:440,0
DA:441,0
DA:442,0
DA:443,0
DA:444,0
LF:25
LH:0
end_of_record
SF:/usr/include/c++/5/ext/new_allocator.h
FN:79,_ZN9__gnu_cxx13new_allocatorIyEC2Ev
FN:79,_ZN9__gnu_cxx13new_allocatorIdEC2Ev
FN:79,_ZN9__gnu_cxx13new_allocatorI4WeekEC2Ev
FN:99,_ZN9__gnu_cxx13new_allocatorIyE8allocateEmPKv
FN:99,_ZN9__gnu_cxx13new_allocatorI4WeekE8allocateEmPKv
FN:99,_ZN9__gnu_cxx13new_allocatorIdE8allocateEmPKv
FN:109,_ZN9__gnu_cxx13new_allocatorI4WeekE10deallocateEPS1_m
FN:109,_ZN9__gnu_cxx13new_allocatorIdE10deallocateEPdm
FN:109,_ZN9__gnu_cxx13new_allocatorIyE10deallocateEPym
FN:113,_ZNK9__gnu_cxx13new_allocatorIdE8max_sizeEv
FN:113,_ZNK9__gnu_cxx13new_allocatorI4WeekE8max_sizeEv
FN:113,_ZNK9__gnu_cxx13new_allocatorIyE8max_sizeEv
FN:119,_ZN9__gnu_cxx13new_allocatorIyE9constructIyJRKyEEEvPT_DpOT0_
FN:119,_ZN9__gnu_cxx13new_allocatorIdE9constructIdJRKdEEEvPT_DpOT0_
FN:119,_ZN9__gnu_cxx13new_allocatorI4WeekE9constructIS1_JRKS1_EEEvPT_DpOT0_
FN:124,_ZN9__gnu_cxx13new_allocatorIdE7destroyIdEEvPT_
FN:124,_ZN9__gnu_cxx13new_allocatorI4WeekE7destroyIS1_EEvPT_
FN:124,_ZN9__gnu_cxx13new_allocatorIyE7destroyIyEEvPT_
FNDA:0,_ZN9__gnu_cxx13new_allocatorI4WeekEC2Ev
FNDA:0,_ZN9__gnu_cxx13new_allocatorIdEC2Ev
FNDA:0,_ZN9__gnu_cxx13new_allocatorIyEC2Ev
FNDA:0,_ZN9__gnu_cxx13new_allocatorI4WeekE8allocateEmPKv
FNDA:0,_ZN9__gnu_cxx13new_allocatorIdE8allocateEmPKv
FNDA:0,_ZN9__gnu_cxx13new_allocatorIyE8allocateEmPKv
FNDA:0,_ZN9__gnu_cxx13new_allocatorI4WeekE10deallocateEPS1_m
FNDA:0,_ZN9__gnu_cxx13new_allocatorIdE10deallocateEPdm
FNDA:0,_ZN9__gnu_cxx13new_allocatorIyE10deallocateEPym
FNDA:0,_ZNK9__gnu_cxx13new_allocatorI4WeekE8max_sizeEv
FNDA:0,_ZNK9__gnu_cxx13new_allocatorIdE8max_sizeEv
FNDA:0,_ZNK9__gnu_cxx13new_allocatorIyE8max_sizeEv
FNDA:0,_ZN9__gnu_cxx13new_allocatorI4WeekE9constructIS1_JRKS1_EEEvPT_DpOT0_
FNDA:0,_ZN9__gnu_cxx13new_allocatorIdE9constructIdJRKdEEEvPT_DpOT0_
FNDA:0,_ZN9__gnu_cxx13new_allocatorIyE9constructIyJRKyEEEvPT_DpOT0_
FNDA:0,_ZN9__gnu_cxx13new_allocatorI4WeekE7destroyIS1_EEvPT_
FNDA:0,_ZN9__gnu_cxx13new_allocatorIdE7destroyIdEEvPT_
FNDA:0,_ZN9__gnu_cxx13new_allocatorIyE7destroyIyEEvPT_
FNF:18
FNH:0
DA:79,0
DA:99,0
DA:101,0
DA:102,0
DA:104,0
DA:109,0
DA:110,0
DA:113,0
DA:114,0
DA:119,0
DA:120,0
DA:124,0
LF:12
LH:0
end_of_record
SF:/usr/include/c++/5/ext/string_conversions.h
FN:83,_ZN9__gnu_cxx12__to_xstringINSt7__cxx1112basic_stringIcSt11char_traitsIcESaIcEEEcEET_PFiPT0_mPKS8_P13__va_list_tagEmSB_z
FNDA:0,_ZN9__gnu_cxx12__to_xstringINSt7__cxx1112basic_stringIcSt11char_traitsIcESaIcEEEcEET_PFiPT0_mPKS8_P13__va_list_tagEmSB_z
FNF:1
FNH:0
DA:83,0
DA:89,0
DA:90,0
DA:93,0
DA:95,0
DA:97,0
DA:99,0
LF:7
LH:0
end_of_record
SF:/usr/include/c++/5/ext/type_traits.h
FN:150,_ZN9__gnu_cxx17__is_null_pointerIcEEbPT_
FNDA:0,_ZN9__gnu_cxx17__is_null_pointerIcEEbPT_
FNF:1
FNH:0
DA:150,0
DA:151,0
LF:2
LH:0
end_of_record
SF:/usr/include/c++/5/iomanip
FN:195,_ZSt12setprecisioni
FNDA:0,_ZSt12setprecisioni
FNF:1
FNH:0
DA:195,0
DA:196,0
LF:2
LH:0
end_of_record
SF:/usr/include/c++/5/iostream
DA:74,1
LF:1
LH:1
end_of_record
SF:/usr/include/c++/5/new
FN:129,_ZnwmPv
FNDA:0,_ZnwmPv
FNF:1
FNH:0
DA:129,0
DA:130,0
LF:2
LH:0
end_of_record
SF:/mnt/7AAA6049AA60044B/GitHub/supercomputer-simulation/supercomputer/src/statistics/statistics.cpp
FN:3,_ZN10StatisticsC2EP13Configuration
FN:10,_ZN10Statistics15add_usage_priceEd
FN:14,_ZN10Statistics20add_operational_costEd
FN:18,_ZN10Statistics16add_machine_timeEy
FN:22,_ZN10Statistics7add_jobEl3Job
FN:65,_ZN10Statistics12get_short_taB5cxx11Ev
FN:73,_ZN10Statistics13get_medium_taB5cxx11Ev
FN:81,_ZN10Statistics12get_large_taB5cxx11Ev
FN:89,_ZN10Statistics11get_huge_taB5cxx11Ev
FN:99,_ZN10Statistics12get_short_wtB5cxx11Ev
FN:107,_ZN10Statistics13get_medium_wtB5cxx11Ev
FN:115,_ZN10Statistics12get_large_wtB5cxx11Ev
FN:123,_ZN10Statistics11get_huge_wtB5cxx11Ev
FN:132,_ZN10Statistics20get_operational_costB5cxx11Ev
FN:138,_ZN10Statistics20get_economic_balanceB5cxx11Ev
FN:144,_ZN10Statistics16get_machine_timeB5cxx11Ev
FN:156,_ZN10Statistics15get_usage_priceB5cxx11Ev
FN:162,_ZN10Statistics16get_weekly_usageB5cxx11Ev
FN:168,_GLOBAL__sub_I__ZN10StatisticsC2EP13Configuration
FN:168,_Z41__static_initialization_and_destruction_0ii
FNDA:0,_ZN10StatisticsC2EP13Configuration
FNDA:0,_ZN10Statistics15add_usage_priceEd
FNDA:0,_ZN10Statistics20add_operational_costEd
FNDA:0,_ZN10Statistics16add_machine_timeEy
FNDA:0,_ZN10Statistics7add_jobEl3Job
FNDA:0,_ZN10Statistics12get_short_taB5cxx11Ev
FNDA:0,_ZN10Statistics13get_medium_taB5cxx11Ev
FNDA:0,_ZN10Statistics12get_large_taB5cxx11Ev
FNDA:0,_ZN10Statistics11get_huge_taB5cxx11Ev
FNDA:0,_ZN10Statistics12get_short_wtB5cxx11Ev
FNDA:0,_ZN10Statistics13get_medium_wtB5cxx11Ev
FNDA:0,_ZN10Statistics12get_large_wtB5cxx11Ev
FNDA:0,_ZN10Statistics11get_huge_wtB5cxx11Ev
FNDA:0,_ZN10Statistics20get_operational_costB5cxx11Ev
FNDA:0,_ZN10Statistics20get_economic_balanceB5cxx11Ev
FNDA:0,_ZN10Statistics16get_machine_timeB5cxx11Ev
FNDA:0,_ZN10Statistics15get_usage_priceB5cxx11Ev
FNDA:0,_ZN10Statistics16get_weekly_usageB5cxx11Ev
FNDA:1,_GLOBAL__sub_I__ZN10StatisticsC2EP13Configuration
FNDA:1,_Z41__static_initialization_and_destruction_0ii
FNF:20
FNH:2
DA:3,0
DA:4,0
DA:5,0
DA:6,0
DA:7,0
DA:8,0
DA:10,0
DA:11,0
DA:12,0
DA:14,0
DA:15,0
DA:16,0
DA:18,0
DA:19,0
DA:20,0
DA:22,0
DA:23,0
DA:24,0
DA:25,0
DA:26,0
DA:27,0
DA:28,0
DA:29,0
DA:30,0
DA:31,0
DA:32,0
DA:33,0
DA:35,0
DA:36,0
DA:39,0
DA:40,0
DA:41,0
DA:42,0
DA:43,0
DA:44,0
DA:45,0
DA:46,0
DA:47,0
DA:50,0
DA:52,0
DA:53,0
DA:54,0
DA:56,0
DA:58,0
DA:59,0
DA:60,0
DA:61,0
DA:63,0
DA:65,0
DA:66,0
DA:68,0
DA:69,0
DA:70,0
DA:71,0
DA:73,0
DA:74,0
DA:76,0
DA:77,0
DA:78,0
DA:79,0
DA:81,0
DA:82,0
DA:84,0
DA:85,0
DA:86,0
DA:87,0
DA:89,0
DA:90,0
DA:92,0
DA:93,0
DA:94,0
DA:95,0
DA:99,0
DA:100,0
DA:102,0
DA:103,0
DA:104,0
DA:105,0
DA:107,0
DA:108,0
DA:110,0
DA:111,0
DA:112,0
DA:113,0
DA:115,0
DA:116,0
DA:118,0
DA:119,0
DA:120,0
DA:121,0
DA:123,0
DA:124,0
DA:126,0
DA:127,0
DA:128,0
DA:129,0
DA:132,0
DA:133,0
DA:134,0
DA:135,0
DA:138,0
DA:139,0
DA:140,0
DA:141,0
DA:144,0
DA:145,0
DA:146,0
DA:147,0
DA:148,0
DA:149,0
DA:150,0
DA:151,0
DA:152,0
DA:153,0
DA:154,0
DA:156,0
DA:157,0
DA:158,0
DA:159,0
DA:162,0
DA:163,0
DA:164,0
DA:165,0
DA:167,0
DA:168,3
LF:125
LH:1
end_of_record
TN:Supercomputer_Simulation_test_coverage
SF:/usr/include/c++/5/bits/alloc_traits.h
FN:490,_ZNSt16allocator_traitsISaIP4UserEE8allocateERS2_m
FN:490,_ZNSt16allocator_traitsISaI5StateEE8allocateERS1_m
FN:490,_ZNSt16allocator_traitsISaI3JobEE8allocateERS1_m
FN:516,_ZNSt16allocator_traitsISaI5StateEE10deallocateERS1_PS0_m
FN:516,_ZNSt16allocator_traitsISaIP4UserEE10deallocateERS2_PS1_m
FN:516,_ZNSt16allocator_traitsISaI3JobEE10deallocateERS1_PS0_m
FN:529,_ZNSt16allocator_traitsISaI5StateEE9constructIS0_JS0_EEEvRS1_PT_DpOT0_
FN:529,_ZNSt16allocator_traitsISaIP4UserEE9constructIS1_JS1_EEEvRS2_PT_DpOT0_
FN:529,_ZNSt16allocator_traitsISaI3JobEE9constructIS0_JRKS0_EEEvRS1_PT_DpOT0_
FN:529,_ZNSt16allocator_traitsISaI5StateEE9constructIS0_JRKS0_EEEvRS1_PT_DpOT0_
FN:541,_ZNSt16allocator_traitsISaI3JobEE7destroyIS0_EEvRS1_PT_
FN:541,_ZNSt16allocator_traitsISaIP4UserEE7destroyIS1_EEvRS2_PT_
FN:541,_ZNSt16allocator_traitsISaI5StateEE7destroyIS0_EEvRS1_PT_
FN:550,_ZNSt16allocator_traitsISaI3JobEE8max_sizeERKS1_
FN:550,_ZNSt16allocator_traitsISaI5StateEE8max_sizeERKS1_
FN:550,_ZNSt16allocator_traitsISaIP4UserEE8max_sizeERKS2_
FN:571,_ZSt18__do_alloc_on_copyISaIP4UserEEvRT_RKS3_St17integral_constantIbLb0EE
FN:571,_ZSt18__do_alloc_on_copyISaI3JobEEvRT_RKS2_St17integral_constantIbLb0EE
FN:575,_ZSt15__alloc_on_copyISaIP4UserEEvRT_RKS3_
FN:575,_ZSt15__alloc_on_copyISaI3JobEEvRT_RKS2_
FNDA:0,_ZNSt16allocator_traitsISaI5StateEE8allocateERS1_m
FNDA:0,_ZNSt16allocator_traitsISaI3JobEE8allocateERS1_m
FNDA:0,_ZNSt16allocator_traitsISaIP4UserEE8allocateERS2_m
FNDA:0,_ZNSt16allocator_traitsISaI5StateEE10deallocateERS1_PS0_m
FNDA:0,_ZNSt16allocator_traitsISaI3JobEE10deallocateERS1_PS0_m
FNDA:0,_ZNSt16allocator_traitsISaIP4UserEE10deallocateERS2_PS1_m
FNDA:0,_ZNSt16allocator_traitsISaI5StateEE9constructIS0_JS0_EEEvRS1_PT_DpOT0_
FNDA:0,_ZNSt16allocator_traitsISaIP4UserEE9constructIS1_JS1_EEEvRS2_PT_DpOT0_
FNDA:0,_ZNSt16allocator_traitsISaI5StateEE9constructIS0_JRKS0_EEEvRS1_PT_DpOT0_
FNDA:0,_ZNSt16allocator_traitsISaI3JobEE9constructIS0_JRKS0_EEEvRS1_PT_DpOT0_
FNDA:0,_ZNSt16allocator_traitsISaIP4UserEE7destroyIS1_EEvRS2_PT_
FNDA:0,_ZNSt16allocator_traitsISaI5StateEE7destroyIS0_EEvRS1_PT_
FNDA:0,_ZNSt16allocator_traitsISaI3JobEE7destroyIS0_EEvRS1_PT_
FNDA:0,_ZNSt16allocator_traitsISaIP4UserEE8max_sizeERKS2_
FNDA:0,_ZNSt16allocator_traitsISaI5StateEE8max_sizeERKS1_
FNDA:0,_ZNSt16allocator_traitsISaI3JobEE8max_sizeERKS1_
FNDA:0,_ZSt18__do_alloc_on_copyISaI3JobEEvRT_RKS2_St17integral_constantIbLb0EE
FNDA:0,_ZSt18__do_alloc_on_copyISaIP4UserEEvRT_RKS3_St17integral_constantIbLb0EE
FNDA:0,_ZSt15__alloc_on_copyISaI3JobEEvRT_RKS2_
FNDA:0,_ZSt15__alloc_on_copyISaIP4UserEEvRT_RKS3_
FNF:20
FNH:0
DA:490,0
DA:491,0
DA:516,0
DA:517,0
DA:529,0
DA:530,0
DA:541,0
DA:542,0
DA:550,0
DA:551,0
DA:571,0
DA:572,0
DA:575,0
DA:579,0
DA:580,0
LF:15
LH:0
end_of_record
SF:/usr/include/c++/5/bits/allocator.h
FN:113,_ZNSaI3JobEC2Ev
FN:113,_ZNSaIP4UserEC2Ev
FN:113,_ZNSaI5StateEC2Ev
FN:121,_ZNSaI5StateED2Ev
FN:121,_ZNSaI3JobED2Ev
FN:121,_ZNSaIP4UserED2Ev
FN:146,_ZStneIP4UserEbRKSaIT_ES5_
FN:146,_ZStneI3JobEbRKSaIT_ES4_
FNDA:0,_ZNSaI5StateEC2Ev
FNDA:0,_ZNSaI3JobEC2Ev
FNDA:0,_ZNSaIP4UserEC2Ev
FNDA:0,_ZNSaI5StateED2Ev
FNDA:0,_ZNSaI3JobED2Ev
FNDA:0,_ZNSaIP4UserED2Ev
FNDA:0,_ZStneI3JobEbRKSaIT_ES4_
FNDA:0,_ZStneIP4UserEbRKSaIT_ES5_
FNF:8
FNH:0
DA:113,0
DA:121,0
DA:146,0
DA:148,0
LF:4
LH:0
end_of_record
SF:/usr/include/c++/5/bits/ios_base.h
FN:129,_ZStorSt13_Ios_OpenmodeS_
FNDA:0,_ZStorSt13_Ios_OpenmodeS_
FNF:1
FNH:0
DA:129,0
DA:130,0
LF:2
LH:0
end_of_record
SF:/usr/include/c++/5/bits/move.h
FN:47,_ZSt11__addressofI3JobEPT_RS1_
FN:47,_ZSt11__addressofI5StateEPT_RS1_
FN:76,_ZSt7forwardI3JobEOT_RNSt16remove_referenceIS1_E4typeE
FN:76,_ZSt7forwardIP4UserEOT_RNSt16remove_referenceIS2_E4typeE
FN:76,_ZSt7forwardIRK5StateEOT_RNSt16remove_referenceIS3_E4typeE
FN:76,_ZSt7forwardI5StateEOT_RNSt16remove_referenceIS1_E4typeE
FN:76,_ZSt7forwardIRK3JobEOT_RNSt16remove_referenceIS3_E4typeE
FN:76,_ZSt7forwardIR3JobEOT_RNSt16remove_referenceIS2_E4typeE
FN:101,_ZSt4moveIRP4UserEONSt16remove_referenceIT_E4typeEOS4_
FN:101,_ZSt4moveIR5StateEONSt16remove_referenceIT_E4typeEOS3_
FN:101,_ZSt4moveIR3JobEONSt16remove_referenceIT_E4typeEOS3_
FN:176,_ZSt4swapI3JobEvRT_S2_
FNDA:0,_ZSt11__addressofI3JobEPT_RS1_
FNDA:0,_ZSt11__addressofI5StateEPT_RS1_
FNDA:0,_ZSt7forwardI3JobEOT_RNSt16remove_referenceIS1_E4typeE
FNDA:0,_ZSt7forwardIR3JobEOT_RNSt16remove_referenceIS2_E4typeE
FNDA:0,_ZSt7forwardI5StateEOT_RNSt16remove_referenceIS1_E4typeE
FNDA:0,_ZSt7forwardIRK5StateEOT_RNSt16remove_referenceIS3_E4typeE
FNDA:0,_ZSt7forwardIRK3JobEOT_RNSt16remove_referenceIS3_E4typeE
FNDA:0,_ZSt7forwardIP4UserEOT_RNSt16remove_referenceIS2_E4typeE
FNDA:0,_ZSt4moveIR3JobEONSt16remove_referenceIT_E4typeEOS3_
FNDA:0,_ZSt4moveIR5StateEONSt16remove_referenceIT_E4typeEOS3_
FNDA:0,_ZSt4moveIRP4UserEONSt16remove_referenceIT_E4typeEOS4_
FNDA:0,_ZSt4swapI3JobEvRT_S2_
FNF:12
FNH:0
DA:47,0
DA:50,0
DA:76,0
DA:77,0
DA:101,0
DA:102,0
DA:176,0
DA:185,0
DA:186,0
DA:187,0
DA:188,0
LF:11
LH:0
end_of_record
SF:/usr/include/c++/5/bits/predefined_ops.h
FN:42,_ZNK9__gnu_cxx5__ops15_Iter_less_iterclINS_17__normal_iteratorIP5StateSt6vectorIS4_SaIS4_EEEES9_EEbT_T0_
FN:42,_ZNK9__gnu_cxx5__ops15_Iter_less_iterclINS_17__normal_iteratorIP3JobSt6vectorIS4_SaIS4_EEEES9_EEbT_T0_
FN:47,_ZN9__gnu_cxx5__ops16__iter_less_iterEv
FN:54,_ZNK9__gnu_cxx5__ops14_Iter_less_valclINS_17__normal_iteratorIP3JobSt6vectorIS4_SaIS4_EEEES4_EEbT_RT0_
FN:63,_ZN9__gnu_cxx5__ops15__iter_comp_valENS0_15_Iter_less_iterE
FN:70,_ZNK9__gnu_cxx5__ops14_Val_less_iterclI3JobNS_17__normal_iteratorIPS3_St6vectorIS3_SaIS3_EEEEEEbRT_T0_
FN:79,_ZN9__gnu_cxx5__ops15__val_comp_iterENS0_15_Iter_less_iterE
FNDA:0,_ZNK9__gnu_cxx5__ops15_Iter_less_iterclINS_17__normal_iteratorIP3JobSt6vectorIS4_SaIS4_EEEES9_EEbT_T0_
FNDA:0,_ZNK9__gnu_cxx5__ops15_Iter_less_iterclINS_17__normal_iteratorIP5StateSt6vectorIS4_SaIS4_EEEES9_EEbT_T0_
FNDA:0,_ZN9__gnu_cxx5__ops16__iter_less_iterEv
FNDA:0,_ZNK9__gnu_cxx5__ops14_Iter_less_valclINS_17__normal_iteratorIP3JobSt6vectorIS4_SaIS4_EEEES4_EEbT_RT0_
FNDA:0,_ZN9__gnu_cxx5__ops15__iter_comp_valENS0_15_Iter_less_iterE
FNDA:0,_ZNK9__gnu_cxx5__ops14_Val_less_iterclI3JobNS_17__normal_iteratorIPS3_St6vectorIS3_SaIS3_EEEEEEbRT_T0_
FNDA:0,_ZN9__gnu_cxx5__ops15__val_comp_iterENS0_15_Iter_less_iterE
FNF:7
FNH:0
DA:42,0
DA:43,0
DA:47,0
DA:48,0
DA:54,0
DA:55,0
DA:63,0
DA:64,0
DA:70,0
DA:71,0
DA:79,0
DA:80,0
LF:12
LH:0
end_of_record
SF:/usr/include/c++/5/bits/random.h
FN:139,_ZNSt8__detail4_ModImLm4294967296ELm1ELm0ELb1ELb1EE6__calcEm
FN:139,_ZNSt8__detail4_ModImLm624ELm1ELm0ELb1ELb1EE6__calcEm
FN:150,_ZNSt8__detail5__modImLm624ELm1ELm0EEET_S1_
FN:150,_ZNSt8__detail5__modImLm4294967296ELm1ELm0EEET_S1_
FN:164,_ZNSt8__detail8_AdaptorISt23mersenne_twister_engineImLm32ELm624ELm397ELm31ELm2567483615ELm11ELm4294967295ELm7ELm2636928640ELm15ELm4022730752ELm18ELm1812433253EEdEC2ERS2_
FN:181,_ZNSt8__detail8_AdaptorISt23mersenne_twister_engineImLm32ELm624ELm397ELm31ELm2567483615ELm11ELm4294967295ELm7ELm2636928640ELm15ELm4022730752ELm18ELm1812433253EEdEclEv
FN:495,_ZNSt23mersenne_twister_engineImLm32ELm624ELm397ELm31ELm2567483615ELm11ELm4294967295ELm7ELm2636928640ELm15ELm4022730752ELm18ELm1812433253EEC2Em
FN:522,_ZNSt23mersenne_twister_engineImLm32ELm624ELm397ELm31ELm2567483615ELm11ELm4294967295ELm7ELm2636928640ELm15ELm4022730752ELm18ELm1812433253EE3minEv
FN:529,_ZNSt23mersenne_twister_engineImLm32ELm624ELm397ELm31ELm2567483615ELm11ELm4294967295ELm7ELm2636928640ELm15ELm4022730752ELm18ELm1812433253EE3maxEv
FN:1578,_ZNSt13random_deviceC2ERKNSt7__cxx1112basic_stringIcSt11char_traitsIcESaIcEEE
FN:1583,_ZNSt13random_deviceD2Ev
FN:1609,_ZNSt13random_deviceclEv
FN:4495,_ZNSt24exponential_distributionIdE10param_typeC2Ed
FN:4502,_ZNKSt24exponential_distributionIdE10param_type6lambdaEv
FN:4519,_ZNSt24exponential_distributionIdEC2ERKd
FN:4577,_ZNSt24exponential_distributionIdEclISt23mersenne_twister_engineImLm32ELm624ELm397ELm31ELm2567483615ELm11ELm4294967295ELm7ELm2636928640ELm15ELm4022730752ELm18ELm1812433253EEEEdRT_
FN:4582,_ZNSt24exponential_distributionIdEclISt23mersenne_twister_engineImLm32ELm624ELm397ELm31ELm2567483615ELm11ELm4294967295ELm7ELm2636928640ELm15ELm4022730752ELm18ELm1812433253EEEEdRT_RKNS0_10param_typeE
FNDA:4984,_ZNSt8__detail4_ModImLm624ELm1ELm0ELb1ELb1EE6__calcEm
FNDA:4992,_ZNSt8__detail4_ModImLm4294967296ELm1ELm0ELb1ELb1EE6__calcEm
FNDA:4984,_ZNSt8__detail5__modImLm624ELm1ELm0EEET_S1_
FNDA:4992,_ZNSt8__detail5__modImLm4294967296ELm1ELm0EEET_S1_
FNDA:0,_ZNSt8__detail8_AdaptorISt23mersenne_twister_engineImLm32ELm624ELm397ELm31ELm2567483615ELm11ELm4294967295ELm7ELm2636928640ELm15ELm4022730752ELm18ELm1812433253EEdEC2ERS2_
FNDA:0,_ZNSt8__detail8_AdaptorISt23mersenne_twister_engineImLm32ELm624ELm397ELm31ELm2567483615ELm11ELm4294967295ELm7ELm2636928640ELm15ELm4022730752ELm18ELm1812433253EEdEclEv
FNDA:4,_ZNSt23mersenne_twister_engineImLm32ELm624ELm397ELm31ELm2567483615ELm11ELm4294967295ELm7ELm2636928640ELm15ELm4022730752ELm18ELm1812433253EEC2Em
FNDA:0,_ZNSt23mersenne_twister_engineImLm32ELm624ELm397ELm31ELm2567483615ELm11ELm4294967295ELm7ELm2636928640ELm15ELm4022730752ELm18ELm1812433253EE3minEv
FNDA:0,_ZNSt23mersenne_twister_engineImLm32ELm624ELm397ELm31ELm2567483615ELm11ELm4294967295ELm7ELm2636928640ELm15ELm4022730752ELm18ELm1812433253EE3maxEv
FNDA:4,_ZNSt13random_deviceC2ERKNSt7__cxx1112basic_stringIcSt11char_traitsIcESaIcEEE
FNDA:4,_ZNSt13random_deviceD2Ev
FNDA:4,_ZNSt13random_deviceclEv
FNDA:0,_ZNSt24exponential_distributionIdE10param_typeC2Ed
FNDA:0,_ZNKSt24exponential_distributionIdE10param_type6lambdaEv
FNDA:0,_ZNSt24exponential_distributionIdEC2ERKd
FNDA:0,_ZNSt24exponential_distributionIdEclISt23mersenne_twister_engineImLm32ELm624ELm397ELm31ELm2567483615ELm11ELm4294967295ELm7ELm2636928640ELm15ELm4022730752ELm18ELm1812433253EEEEdRT_
FNDA:0,_ZNSt24exponential_distributionIdEclISt23mersenne_twister_engineImLm32ELm624ELm397ELm31ELm2567483615ELm11ELm4294967295ELm7ELm2636928640ELm15ELm4022730752ELm18ELm1812433253EEEEdRT_RKNS0_10param_typeE
FNF:17
FNH:8
DA:139,9976
DA:141,9976
DA:143,9976
DA:144,9976
DA:150,9976
DA:151,9976
DA:164,0
DA:165,0
DA:181,0
DA:185,0
DA:495,4
DA:496,4
DA:522,0
DA:523,0
DA:529,0
DA:530,0
DA:1578,4
DA:1580,4
DA:1581,4
DA:1583,4
DA:1584,4
DA:1609,4
DA:1612,4
DA:4495,0
DA:4496,0
DA:4499,0
DA:4502,0
DA:4503,0
DA:4519,0
DA:4520,0
DA:4521,0
DA:4577,0
DA:4578,0
DA:4582,0
DA:4586,0
DA:4587,0
LF:36
LH:15
end_of_record
SF:/usr/include/c++/5/bits/random.tcc
FN:327,_ZNSt23mersenne_twister_engineImLm32ELm624ELm397ELm31ELm2567483615ELm11ELm4294967295ELm7ELm2636928640ELm15ELm4022730752ELm18ELm1812433253EE4seedEm
FN:397,_ZNSt23mersenne_twister_engineImLm32ELm624ELm397ELm31ELm2567483615ELm11ELm4294967295ELm7ELm2636928640ELm15ELm4022730752ELm18ELm1812433253EE11_M_gen_randEv
FN:453,_ZNSt23mersenne_twister_engineImLm32ELm624ELm397ELm31ELm2567483615ELm11ELm4294967295ELm7ELm2636928640ELm15ELm4022730752ELm18ELm1812433253EEclEv
FN:3312,_ZSt18generate_canonicalIdLm53ESt23mersenne_twister_engineImLm32ELm624ELm397ELm31ELm2567483615ELm11ELm4294967295ELm7ELm2636928640ELm15ELm4022730752ELm18ELm1812433253EEET_RT1_
FNDA:8,_ZNSt23mersenne_twister_engineImLm32ELm624ELm397ELm31ELm2567483615ELm11ELm4294967295ELm7ELm2636928640ELm15ELm4022730752ELm18ELm1812433253EE4seedEm
FNDA:4,_ZNSt23mersenne_twister_engineImLm32ELm624ELm397ELm31ELm2567483615ELm11ELm4294967295ELm7ELm2636928640ELm15ELm4022730752ELm18ELm1812433253EE11_M_gen_randEv
FNDA:4,_ZNSt23mersenne_twister_engineImLm32ELm624ELm397ELm31ELm2567483615ELm11ELm4294967295ELm7ELm2636928640ELm15ELm4022730752ELm18ELm1812433253EEclEv
FNDA:0,_ZSt18generate_canonicalIdLm53ESt23mersenne_twister_engineImLm32ELm624ELm397ELm31ELm2567483615ELm11ELm4294967295ELm7ELm2636928640ELm15ELm4022730752ELm18ELm1812433253EEET_RT1_
FNF:4
FNH:3
DA:327,8
DA:331,8
DA:332,8
DA:334,4992
DA:336,4984
DA:337,4984
DA:338,4984
DA:339,4984
DA:340,4984
DA:341,4984
DA:343,8
DA:344,8
DA:397,4
DA:401,4
DA:402,4
DA:404,912
DA:406,908
DA:407,908
DA:408,908
DA:412,1588
DA:414,1584
DA:415,1584
DA:416,1584
DA:420,4
DA:421,4
DA:422,4
DA:424,4
DA:425,4
DA:453,4
DA:458,4
DA:459,4
DA:462,4
DA:463,4
DA:464,4
DA:465,4
DA:466,4
DA:468,4
DA:3312,0
DA:3319,0
DA:3321,0
DA:3322,0
DA:3323,0
DA:3324,0
DA:3325,0
DA:3326,0
DA:3328,0
DA:3329,0
DA:3331,0
LF:48
LH:37
end_of_record
SF:/usr/include/c++/5/bits/stl_algo.h
FN:78,_ZSt22__move_median_to_firstIN9__gnu_cxx17__normal_iteratorIP3JobSt6vectorIS2_SaIS2_EEEENS0_5__ops15_Iter_less_iterEEvT_SA_SA_SA_T0_
FN:1665,_ZSt13__heap_selectIN9__gnu_cxx17__normal_iteratorIP3JobSt6vectorIS2_SaIS2_EEEENS0_5__ops15_Iter_less_iterEEvT_SA_SA_T0_
FN:1816,_ZSt25__unguarded_linear_insertIN9__gnu_cxx17__normal_iteratorIP3JobSt6vectorIS2_SaIS2_EEEENS0_5__ops14_Val_less_iterEEvT_T0_
FN:1835,_ZSt16__insertion_sortIN9__gnu_cxx17__normal_iteratorIP3JobSt6vectorIS2_SaIS2_EEEENS0_5__ops15_Iter_less_iterEEvT_SA_T0_
FN:1858,_ZSt26__unguarded_insertion_sortIN9__gnu_cxx17__normal_iteratorIP3JobSt6vectorIS2_SaIS2_EEEENS0_5__ops15_Iter_less_iterEEvT_SA_T0_
FN:1875,_ZSt22__final_insertion_sortIN9__gnu_cxx17__normal_iteratorIP3JobSt6vectorIS2_SaIS2_EEEENS0_5__ops15_Iter_less_iterEEvT_SA_T0_
FN:1891,_ZSt21__unguarded_partitionIN9__gnu_cxx17__normal_iteratorIP3JobSt6vectorIS2_SaIS2_EEEENS0_5__ops15_Iter_less_iterEET_SA_SA_SA_T0_
FN:1912,_ZSt27__unguarded_partition_pivotIN9__gnu_cxx17__normal_iteratorIP3JobSt6vectorIS2_SaIS2_EEEENS0_5__ops15_Iter_less_iterEET_SA_SA_T0_
FN:1923,_ZSt14__partial_sortIN9__gnu_cxx17__normal_iteratorIP3JobSt6vectorIS2_SaIS2_EEEENS0_5__ops15_Iter_less_iterEEvT_SA_SA_T0_
FN:1935,_ZSt16__introsort_loopIN9__gnu_cxx17__normal_iteratorIP3JobSt6vectorIS2_SaIS2_EEEElNS0_5__ops15_Iter_less_iterEEvT_SA_T0_T1_
FN:1958,_ZSt6__sortIN9__gnu_cxx17__normal_iteratorIP3JobSt6vectorIS2_SaIS2_EEEENS0_5__ops15_Iter_less_iterEEvT_SA_T0_
FN:3208,_ZSt9is_sortedIN9__gnu_cxx17__normal_iteratorIP5StateSt6vectorIS2_SaIS2_EEEEEbT_S8_
FN:3228,_ZSt17__is_sorted_untilIN9__gnu_cxx17__normal_iteratorIP5StateSt6vectorIS2_SaIS2_EEEENS0_5__ops15_Iter_less_iterEET_SA_SA_T0_
FN:3251,_ZSt15is_sorted_untilIN9__gnu_cxx17__normal_iteratorIP5StateSt6vectorIS2_SaIS2_EEEEET_S8_S8_
FN:4689,_ZSt4sortIN9__gnu_cxx17__normal_iteratorIP3JobSt6vectorIS2_SaIS2_EEEEEvT_S8_
FNDA:0,_ZSt22__move_median_to_firstIN9__gnu_cxx17__normal_iteratorIP3JobSt6vectorIS2_SaIS2_EEEENS0_5__ops15_Iter_less_iterEEvT_SA_SA_SA_T0_
FNDA:0,_ZSt13__heap_selectIN9__gnu_cxx17__normal_iteratorIP3JobSt6vectorIS2_SaIS2_EEEENS0_5__ops15_Iter_less_iterEEvT_SA_SA_T0_
FNDA:0,_ZSt25__unguarded_linear_insertIN9__gnu_cxx17__normal_iteratorIP3JobSt6vectorIS2_SaIS2_EEEENS0_5__ops14_Val_less_iterEEvT_T0_
FNDA:0,_ZSt16__insertion_sortIN9__gnu_cxx17__normal_iteratorIP3JobSt6vectorIS2_SaIS2_EEEENS0_5__ops15_Iter_less_iterEEvT_SA_T0_
FNDA:0,_ZSt26__unguarded_insertion_sortIN9__gnu_cxx17__normal_iteratorIP3JobSt6vectorIS2_SaIS2_EEEENS0_5__ops15_Iter_less_iterEEvT_SA_T0_
FNDA:0,_ZSt22__final_insertion_sortIN9__gnu_cxx17__normal_iteratorIP3JobSt6vectorIS2_SaIS2_EEEENS0_5__ops15_Iter_less_iterEEvT_SA_T0_
FNDA:0,_ZSt21__unguarded_partitionIN9__gnu_cxx17__normal_iteratorIP3JobSt6vectorIS2_SaIS2_EEEENS0_5__ops15_Iter_less_iterEET_SA_SA_SA_T0_
FNDA:0,_ZSt27__unguarded_partition_pivotIN9__gnu_cxx17__normal_iteratorIP3JobSt6vectorIS2_SaIS2_EEEENS0_5__ops15_Iter_less_iterEET_SA_SA_T0_
FNDA:0,_ZSt14__partial_sortIN9__gnu_cxx17__normal_iteratorIP3JobSt6vectorIS2_SaIS2_EEEENS0_5__ops15_Iter_less_iterEEvT_SA_SA_T0_
FNDA:0,_ZSt16__introsort_loopIN9__gnu_cxx17__normal_iteratorIP3JobSt6vectorIS2_SaIS2_EEEElNS0_5__ops15_Iter_less_iterEEvT_SA_T0_T1_
FNDA:0,_ZSt6__sortIN9__gnu_cxx17__normal_iteratorIP3JobSt6vectorIS2_SaIS2_EEEENS0_5__ops15_Iter_less_iterEEvT_SA_T0_
FNDA:0,_ZSt9is_sortedIN9__gnu_cxx17__normal_iteratorIP5StateSt6vectorIS2_SaIS2_EEEEEbT_S8_
FNDA:0,_ZSt17__is_sorted_untilIN9__gnu_cxx17__normal_iteratorIP5StateSt6vectorIS2_SaIS2_EEEENS0_5__ops15_Iter_less_iterEET_SA_SA_T0_
FNDA:0,_ZSt15is_sorted_untilIN9__gnu_cxx17__normal_iteratorIP5StateSt6vectorIS2_SaIS2_EEEEET_S8_S8_
FNDA:0,_ZSt4sortIN9__gnu_cxx17__normal_iteratorIP3JobSt6vectorIS2_SaIS2_EEEEEvT_S8_
FNF:15
FNH:0
DA:78,0
DA:81,0
DA:83,0
DA:84,0
DA:85,0
DA:86,0
DA:88,0
DA:90,0
DA:91,0
DA:92,0
DA:93,0
DA:95,0
DA:96,0
DA:1665,0
DA:1669,0
DA:1670,0
DA:1671,0
DA:1672,0
DA:1673,0
DA:1816,0
DA:1820,0
DA:1821,0
DA:1822,0
DA:1823,0
DA:1825,0
DA:1826,0
DA:1827,0
DA:1829,0
DA:1830,0
DA:1835,0
DA:1838,0
DA:1840,0
DA:1842,0
DA:1845,0
DA:1846,0
DA:1847,0
DA:1850,0
DA:1851,0
DA:1858,0
DA:1861,0
DA:1862,0
DA:1863,0
DA:1864,0
DA:1875,0
DA:1878,0
DA:1880,0
DA:1881,0
DA:1885,0
DA:1886,0
DA:1891,0
DA:1895,0
DA:1897,0
DA:1898,0
DA:1899,0
DA:1900,0
DA:1901,0
DA:1902,0
DA:1903,0
DA:1904,0
DA:1905,0
DA:1912,0
DA:1915,0
DA:1916,0
DA:1918,0
DA:1923,0
DA:1928,0
DA:1929,0
DA:1930,0
DA:1935,0
DA:1939,0
DA:1941,0
DA:1943,0
DA:1944,0
DA:1946,0
DA:1948,0
DA:1949,0
DA:1950,0
DA:1958,0
DA:1961,0
DA:1963,0
DA:1964,0
DA:1966,0
DA:1968,0
DA:3208,0
DA:3209,0
DA:3228,0
DA:3231,0
DA:3232,0
DA:3234,0
DA:3235,0
DA:3236,0
DA:3237,0
DA:3238,0
DA:3251,0
DA:3259,0
DA:3260,0
DA:4689,0
DA:4698,0
DA:4699,0
LF:99
LH:0
end_of_record
SF:/usr/include/c++/5/bits/stl_algobase.h
FN:120,_ZSt9iter_swapIN9__gnu_cxx17__normal_iteratorIP3JobSt6vectorIS2_SaIS2_EEEES7_EvT_T0_
FN:219,_ZSt3maxImERKT_S2_S2_
FN:282,_ZSt12__niter_baseIN9__gnu_cxx17__normal_iteratorIPKP4UserSt6vectorIS3_SaIS3_EEEEENSt11_Niter_baseIT_E13iterator_typeESB_
FN:282,_ZSt12__niter_baseIN9__gnu_cxx17__normal_iteratorIPP4UserSt6vectorIS3_SaIS3_EEEEENSt11_Niter_baseIT_E13iterator_typeESA_
FN:282,_ZSt12__niter_baseIN9__gnu_cxx17__normal_iteratorIP3JobSt6vectorIS2_SaIS2_EEEEENSt11_Niter_baseIT_E13iterator_typeES9_
FN:282,_ZSt12__niter_baseIP3JobENSt11_Niter_baseIT_E13iterator_typeES3_
FN:282,_ZSt12__niter_baseIPP4UserENSt11_Niter_baseIT_E13iterator_typeES4_
FN:282,_ZSt12__niter_baseIN9__gnu_cxx17__normal_iteratorIPK3JobSt6vectorIS2_SaIS2_EEEEENSt11_Niter_baseIT_E13iterator_typeESA_
FN:282,_ZSt12__niter_baseIP5StateENSt11_Niter_baseIT_E13iterator_typeES3_
FN:293,_ZSt12__miter_baseIP5StateENSt11_Miter_baseIT_E13iterator_typeES3_
FN:293,_ZSt12__miter_baseISt13move_iteratorIPP4UserEENSt11_Miter_baseIT_E13iterator_typeES6_
FN:293,_ZSt12__miter_baseIN9__gnu_cxx17__normal_iteratorIPK3JobSt6vectorIS2_SaIS2_EEEEENSt11_Miter_baseIT_E13iterator_typeESA_
FN:293,_ZSt12__miter_baseIP3JobENSt11_Miter_baseIT_E13iterator_typeES3_
FN:293,_ZSt12__miter_baseIPP4UserENSt11_Miter_baseIT_E13iterator_typeES4_
FN:293,_ZSt12__miter_baseIN9__gnu_cxx17__normal_iteratorIP3JobSt6vectorIS2_SaIS2_EEEEENSt11_Miter_baseIT_E13iterator_typeES9_
FN:293,_ZSt12__miter_baseIN9__gnu_cxx17__normal_iteratorIPKP4UserSt6vectorIS3_SaIS3_EEEEENSt11_Miter_baseIT_E13iterator_typeESB_
FN:335,_ZNSt11__copy_moveILb0ELb0ESt26random_access_iterator_tagE8__copy_mIPK3JobPS3_EET0_T_S8_S7_
FN:335,_ZNSt11__copy_moveILb0ELb0ESt26random_access_iterator_tagE8__copy_mIP3JobS4_EET0_T_S6_S5_
FN:373,_ZNSt11__copy_moveILb0ELb1ESt26random_access_iterator_tagE8__copy_mIP4UserEEPT_PKS5_S8_S6_
FN:373,_ZNSt11__copy_moveILb1ELb1ESt26random_access_iterator_tagE8__copy_mIP4UserEEPT_PKS5_S8_S6_
FN:391,_ZSt13__copy_move_aILb0EPKP4UserPS1_ET1_T0_S6_S5_
FN:391,_ZSt13__copy_move_aILb0EPK3JobPS0_ET1_T0_S5_S4_
FN:391,_ZSt13__copy_move_aILb0EPP4UserS2_ET1_T0_S4_S3_
FN:391,_ZSt13__copy_move_aILb0EP3JobS1_ET1_T0_S3_S2_
FN:391,_ZSt13__copy_move_aILb1EPP4UserS2_ET1_T0_S4_S3_
FN:436,_ZSt14__copy_move_a2ILb0EPP4UserS2_ET1_T0_S4_S3_
FN:436,_ZSt14__copy_move_a2ILb0EN9__gnu_cxx17__normal_iteratorIPKP4UserSt6vectorIS3_SaIS3_EEEENS1_IPS3_S8_EEET1_T0_SD_SC_
FN:436,_ZSt14__copy_move_a2ILb0EP3JobS1_ET1_T0_S3_S2_
FN:436,_ZSt14__copy_move_a2ILb0EN9__gnu_cxx17__normal_iteratorIPKP4UserSt6vectorIS3_SaIS3_EEEEPS3_ET1_T0_SC_SB_
FN:436,_ZSt14__copy_move_a2ILb0EN9__gnu_cxx17__normal_iteratorIPK3JobSt6vectorIS2_SaIS2_EEEENS1_IPS2_S7_EEET1_T0_SC_SB_
FN:436,_ZSt14__copy_move_a2ILb1EPP4UserS2_ET1_T0_S4_S3_
FN:462,_ZSt4copyISt13move_iteratorIPP4UserES3_ET0_T_S6_S5_
FN:462,_ZSt4copyIN9__gnu_cxx17__normal_iteratorIPKP4UserSt6vectorIS3_SaIS3_EEEENS1_IPS3_S8_EEET0_T_SD_SC_
FN:462,_ZSt4copyIN9__gnu_cxx17__normal_iteratorIPK3JobSt6vectorIS2_SaIS2_EEEENS1_IPS2_S7_EEET0_T_SC_SB_
FN:462,_ZSt4copyIPP4UserS2_ET0_T_S4_S3_
FN:462,_ZSt4copyIP3JobS1_ET0_T_S3_S2_
FN:462,_ZSt4copyIN9__gnu_cxx17__normal_iteratorIPKP4UserSt6vectorIS3_SaIS3_EEEEPS3_ET0_T_SC_SB_
FN:560,_ZNSt20__copy_move_backwardILb1ELb0ESt26random_access_iterator_tagE13__copy_move_bIP3JobS4_EET0_T_S6_S5_
FN:560,_ZNSt20__copy_move_backwardILb1ELb0ESt26random_access_iterator_tagE13__copy_move_bIP5StateS4_EET0_T_S6_S5_
FN:593,_ZSt22__copy_move_backward_aILb1EP5StateS1_ET1_T0_S3_S2_
FN:593,_ZSt22__copy_move_backward_aILb1EP3JobS1_ET1_T0_S3_S2_
FN:611,_ZSt23__copy_move_backward_a2ILb1EN9__gnu_cxx17__normal_iteratorIP3JobSt6vectorIS2_SaIS2_EEEES7_ET1_T0_S9_S8_
FN:611,_ZSt23__copy_move_backward_a2ILb1EP5StateS1_ET1_T0_S3_S2_
FN:674,_ZSt13move_backwardIN9__gnu_cxx17__normal_iteratorIP3JobSt6vectorIS2_SaIS2_EEEES7_ET0_T_S9_S8_
FN:674,_ZSt13move_backwardIP5StateS1_ET0_T_S3_S2_
FN:1024,_ZSt4__lgl
FNDA:0,_ZSt9iter_swapIN9__gnu_cxx17__normal_iteratorIP3JobSt6vectorIS2_SaIS2_EEEES7_EvT_T0_
FNDA:0,_ZSt3maxImERKT_S2_S2_
FNDA:0,_ZSt12__niter_baseIP5StateENSt11_Niter_baseIT_E13iterator_typeES3_
FNDA:0,_ZSt12__niter_baseIP3JobENSt11_Niter_baseIT_E13iterator_typeES3_
FNDA:0,_ZSt12__niter_baseIN9__gnu_cxx17__normal_iteratorIP3JobSt6vectorIS2_SaIS2_EEEEENSt11_Niter_baseIT_E13iterator_typeES9_
FNDA:0,_ZSt12__niter_baseIN9__gnu_cxx17__normal_iteratorIPK3JobSt6vectorIS2_SaIS2_EEEEENSt11_Niter_baseIT_E13iterator_typeESA_
FNDA:0,_ZSt12__niter_baseIPP4UserENSt11_Niter_baseIT_E13iterator_typeES4_
FNDA:0,_ZSt12__niter_baseIN9__gnu_cxx17__normal_iteratorIPP4UserSt6vectorIS3_SaIS3_EEEEENSt11_Niter_baseIT_E13iterator_typeESA_
FNDA:0,_ZSt12__niter_baseIN9__gnu_cxx17__normal_iteratorIPKP4UserSt6vectorIS3_SaIS3_EEEEENSt11_Niter_baseIT_E13iterator_typeESB_
FNDA:0,_ZSt12__miter_baseISt13move_iteratorIPP4UserEENSt11_Miter_baseIT_E13iterator_typeES6_
FNDA:0,_ZSt12__miter_baseIN9__gnu_cxx17__normal_iteratorIP3JobSt6vectorIS2_SaIS2_EEEEENSt11_Miter_baseIT_E13iterator_typeES9_
FNDA:0,_ZSt12__miter_baseIP5StateENSt11_Miter_baseIT_E13iterator_typeES3_
FNDA:0,_ZSt12__miter_baseIP3JobENSt11_Miter_baseIT_E13iterator_typeES3_
FNDA:0,_ZSt12__miter_baseIN9__gnu_cxx17__normal_iteratorIPK3JobSt6vectorIS2_SaIS2_EEEEENSt11_Miter_baseIT_E13iterator_typeESA_
FNDA:0,_ZSt12__miter_baseIPP4UserENSt11_Miter_baseIT_E13iterator_typeES4_
FNDA:0,_ZSt12__miter_baseIN9__gnu_cxx17__normal_iteratorIPKP4UserSt6vectorIS3_SaIS3_EEEEENSt11_Miter_baseIT_E13iterator_typeESB_
FNDA:0,_ZNSt11__copy_moveILb0ELb0ESt26random_access_iterator_tagE8__copy_mIP3JobS4_EET0_T_S6_S5_
FNDA:0,_ZNSt11__copy_moveILb0ELb0ESt26random_access_iterator_tagE8__copy_mIPK3JobPS3_EET0_T_S8_S7_
FNDA:0,_ZNSt11__copy_moveILb1ELb1ESt26random_access_iterator_tagE8__copy_mIP4UserEEPT_PKS5_S8_S6_
FNDA:0,_ZNSt11__copy_moveILb0ELb1ESt26random_access_iterator_tagE8__copy_mIP4UserEEPT_PKS5_S8_S6_
FNDA:0,_ZSt13__copy_move_aILb1EPP4UserS2_ET1_T0_S4_S3_
FNDA:0,_ZSt13__copy_move_aILb0EP3JobS1_ET1_T0_S3_S2_
FNDA:0,_ZSt13__copy_move_aILb0EPK3JobPS0_ET1_T0_S5_S4_
FNDA:0,_ZSt13__copy_move_aILb0EPP4UserS2_ET1_T0_S4_S3_
FNDA:0,_ZSt13__copy_move_aILb0EPKP4UserPS1_ET1_T0_S6_S5_
FNDA:0,_ZSt14__copy_move_a2ILb1EPP4UserS2_ET1_T0_S4_S3_
FNDA:0,_ZSt14__copy_move_a2ILb0EN9__gnu_cxx17__normal_iteratorIPKP4UserSt6vectorIS3_SaIS3_EEEEPS3_ET1_T0_SC_SB_
FNDA:0,_ZSt14__copy_move_a2ILb0EP3JobS1_ET1_T0_S3_S2_
FNDA:0,_ZSt14__copy_move_a2ILb0EN9__gnu_cxx17__normal_iteratorIPK3JobSt6vectorIS2_SaIS2_EEEENS1_IPS2_S7_EEET1_T0_SC_SB_
FNDA:0,_ZSt14__copy_move_a2ILb0EPP4UserS2_ET1_T0_S4_S3_
FNDA:0,_ZSt14__copy_move_a2ILb0EN9__gnu_cxx17__normal_iteratorIPKP4UserSt6vectorIS3_SaIS3_EEEENS1_IPS3_S8_EEET1_T0_SD_SC_
FNDA:0,_ZSt4copyISt13move_iteratorIPP4UserES3_ET0_T_S6_S5_
FNDA:0,_ZSt4copyIN9__gnu_cxx17__normal_iteratorIPKP4UserSt6vectorIS3_SaIS3_EEEEPS3_ET0_T_SC_SB_
FNDA:0,_ZSt4copyIP3JobS1_ET0_T_S3_S2_
FNDA:0,_ZSt4copyIN9__gnu_cxx17__normal_iteratorIPK3JobSt6vectorIS2_SaIS2_EEEENS1_IPS2_S7_EEET0_T_SC_SB_
FNDA:0,_ZSt4copyIPP4UserS2_ET0_T_S4_S3_
FNDA:0,_ZSt4copyIN9__gnu_cxx17__normal_iteratorIPKP4UserSt6vectorIS3_SaIS3_EEEENS1_IPS3_S8_EEET0_T_SD_SC_
FNDA:0,_ZNSt20__copy_move_backwardILb1ELb0ESt26random_access_iterator_tagE13__copy_move_bIP3JobS4_EET0_T_S6_S5_
FNDA:0,_ZNSt20__copy_move_backwardILb1ELb0ESt26random_access_iterator_tagE13__copy_move_bIP5StateS4_EET0_T_S6_S5_
FNDA:0,_ZSt22__copy_move_backward_aILb1EP3JobS1_ET1_T0_S3_S2_
FNDA:0,_ZSt22__copy_move_backward_aILb1EP5StateS1_ET1_T0_S3_S2_
FNDA:0,_ZSt23__copy_move_backward_a2ILb1EN9__gnu_cxx17__normal_iteratorIP3JobSt6vectorIS2_SaIS2_EEEES7_ET1_T0_S9_S8_
FNDA:0,_ZSt23__copy_move_backward_a2ILb1EP5StateS1_ET1_T0_S3_S2_
FNDA:0,_ZSt13move_backwardIN9__gnu_cxx17__normal_iteratorIP3JobSt6vectorIS2_SaIS2_EEEES7_ET0_T_S9_S8_
FNDA:0,_ZSt13move_backwardIP5StateS1_ET0_T_S3_S2_
FNDA:0,_ZSt4__lgl
FNF:46
FNH:0
DA:120,0
DA:148,0
DA:150,0
DA:219,0
DA:224,0
DA:225,0
DA:226,0
DA:282,0
DA:283,0
DA:293,0
DA:294,0
DA:335,0
DA:338,0
DA:340,0
DA:341,0
DA:342,0
DA:344,0
DA:373,0
DA:382,0
DA:383,0
DA:384,0
DA:385,0
DA:391,0
DA:399,0
DA:402,0
DA:436,0
DA:438,0
DA:440,0
DA:462,0
DA:471,0
DA:472,0
DA:560,0
DA:563,0
DA:564,0
DA:565,0
DA:593,0
DA:601,0
DA:606,0
DA:611,0
DA:614,0
DA:615,0
DA:674,0
DA:684,0
DA:686,0
DA:1024,0
DA:1025,0
LF:46
LH:0
end_of_record
SF:/usr/include/c++/5/bits/stl_construct.h
FN:74,_ZSt10_ConstructI3JobJS0_EEvPT_DpOT0_
FN:74,_ZSt10_ConstructI3JobJRKS0_EEvPT_DpOT0_
FN:74,_ZSt10_ConstructI3JobJRS0_EEvPT_DpOT0_
FN:74,_ZSt10_ConstructI5StateJS0_EEvPT_DpOT0_
FN:92,_ZSt8_DestroyI5StateEvPT_
FN:100,_ZNSt12_Destroy_auxILb0EE9__destroyIP5StateEEvT_S4_
FN:112,_ZNSt12_Destroy_auxILb1EE9__destroyIP3JobEEvT_S4_
FN:112,_ZNSt12_Destroy_auxILb1EE9__destroyIN9__gnu_cxx17__normal_iteratorIP3JobSt6vectorIS4_SaIS4_EEEEEEvT_SA_
FN:112,_ZNSt12_Destroy_auxILb1EE9__destroyIN9__gnu_cxx17__normal_iteratorIPP4UserSt6vectorIS5_SaIS5_EEEEEEvT_SB_
FN:112,_ZNSt12_Destroy_auxILb1EE9__destroyIPP4UserEEvT_S5_
FN:122,_ZSt8_DestroyIPP4UserEvT_S3_
FN:122,_ZSt8_DestroyIP5StateEvT_S2_
FN:122,_ZSt8_DestroyIN9__gnu_cxx17__normal_iteratorIPP4UserSt6vectorIS3_SaIS3_EEEEEvT_S9_
FN:122,_ZSt8_DestroyIP3JobEvT_S2_
FN:122,_ZSt8_DestroyIN9__gnu_cxx17__normal_iteratorIP3JobSt6vectorIS2_SaIS2_EEEEEvT_S8_
FN:148,_ZSt8_DestroyIPP4UserS1_EvT_S3_RSaIT0_E
FN:148,_ZSt8_DestroyIP5StateS0_EvT_S2_RSaIT0_E
FN:148,_ZSt8_DestroyIP3JobS0_EvT_S2_RSaIT0_E
FN:148,_ZSt8_DestroyIN9__gnu_cxx17__normal_iteratorIP3JobSt6vectorIS2_SaIS2_EEEES2_EvT_S8_RSaIT0_E
FN:148,_ZSt8_DestroyIN9__gnu_cxx17__normal_iteratorIPP4UserSt6vectorIS3_SaIS3_EEEES3_EvT_S9_RSaIT0_E
FNDA:0,_ZSt10_ConstructI5StateJS0_EEvPT_DpOT0_
FNDA:0,_ZSt10_ConstructI3JobJS0_EEvPT_DpOT0_
FNDA:0,_ZSt10_ConstructI3JobJRKS0_EEvPT_DpOT0_
FNDA:0,_ZSt10_ConstructI3JobJRS0_EEvPT_DpOT0_
FNDA:0,_ZSt8_DestroyI5StateEvPT_
FNDA:0,_ZNSt12_Destroy_auxILb0EE9__destroyIP5StateEEvT_S4_
FNDA:0,_ZNSt12_Destroy_auxILb1EE9__destroyIN9__gnu_cxx17__normal_iteratorIP3JobSt6vectorIS4_SaIS4_EEEEEEvT_SA_
FNDA:0,_ZNSt12_Destroy_auxILb1EE9__destroyIN9__gnu_cxx17__normal_iteratorIPP4UserSt6vectorIS5_SaIS5_EEEEEEvT_SB_
FNDA:0,_ZNSt12_Destroy_auxILb1EE9__destroyIP3JobEEvT_S4_
FNDA:0,_ZNSt12_Destroy_auxILb1EE9__destroyIPP4UserEEvT_S5_
FNDA:0,_ZSt8_DestroyIN9__gnu_cxx17__normal_iteratorIP3JobSt6vectorIS2_SaIS2_EEEEEvT_S8_
FNDA:0,_ZSt8_DestroyIN9__gnu_cxx17__normal_iteratorIPP4UserSt6vectorIS3_SaIS3_EEEEEvT_S9_
FNDA:0,_ZSt8_DestroyIP5StateEvT_S2_
FNDA:0,_ZSt8_DestroyIP3JobEvT_S2_
FNDA:0,_ZSt8_DestroyIPP4UserEvT_S3_
FNDA:0,_ZSt8_DestroyIN9__gnu_cxx17__normal_iteratorIP3JobSt6vectorIS2_SaIS2_EEEES2_EvT_S8_RSaIT0_E
FNDA:0,_ZSt8_DestroyIN9__gnu_cxx17__normal_iteratorIPP4UserSt6vectorIS3_SaIS3_EEEES3_EvT_S9_RSaIT0_E
FNDA:0,_ZSt8_DestroyIP5StateS0_EvT_S2_RSaIT0_E
FNDA:0,_ZSt8_DestroyIP3JobS0_EvT_S2_RSaIT0_E
FNDA:0,_ZSt8_DestroyIPP4UserS1_EvT_S3_RSaIT0_E
FNF:20
FNH:0
DA:74,0
DA:75,0
DA:92,0
DA:93,0
DA:100,0
DA:102,0
DA:103,0
DA:104,0
DA:112,0
DA:122,0
DA:126,0
DA:128,0
DA:148,0
DA:151,0
DA:152,0
LF:15
LH:0
end_of_record
SF:/usr/include/c++/5/bits/stl_heap.h
FN:124,_ZSt11__push_heapIN9__gnu_cxx17__normal_iteratorIP3JobSt6vectorIS2_SaIS2_EEEElS2_NS0_5__ops14_Iter_less_valEEvT_T0_SB_T1_T2_
FN:207,_ZSt13__adjust_heapIN9__gnu_cxx17__normal_iteratorIP3JobSt6vectorIS2_SaIS2_EEEElS2_NS0_5__ops15_Iter_less_iterEEvT_T0_SB_T1_T2_
FN:235,_ZSt10__pop_heapIN9__gnu_cxx17__normal_iteratorIP3JobSt6vectorIS2_SaIS2_EEEENS0_5__ops15_Iter_less_iterEEvT_SA_SA_T0_
FN:317,_ZSt11__make_heapIN9__gnu_cxx17__normal_iteratorIP3JobSt6vectorIS2_SaIS2_EEEENS0_5__ops15_Iter_less_iterEEvT_SA_T0_
FN:390,_ZSt11__sort_heapIN9__gnu_cxx17__normal_iteratorIP3JobSt6vectorIS2_SaIS2_EEEENS0_5__ops15_Iter_less_iterEEvT_SA_T0_
FNDA:0,_ZSt11__push_heapIN9__gnu_cxx17__normal_iteratorIP3JobSt6vectorIS2_SaIS2_EEEElS2_NS0_5__ops14_Iter_less_valEEvT_T0_SB_T1_T2_
FNDA:0,_ZSt13__adjust_heapIN9__gnu_cxx17__normal_iteratorIP3JobSt6vectorIS2_SaIS2_EEEElS2_NS0_5__ops15_Iter_less_iterEEvT_T0_SB_T1_T2_
FNDA:0,_ZSt10__pop_heapIN9__gnu_cxx17__normal_iteratorIP3JobSt6vectorIS2_SaIS2_EEEENS0_5__ops15_Iter_less_iterEEvT_SA_SA_T0_
FNDA:0,_ZSt11__make_heapIN9__gnu_cxx17__normal_iteratorIP3JobSt6vectorIS2_SaIS2_EEEENS0_5__ops15_Iter_less_iterEEvT_SA_T0_
FNDA:0,_ZSt11__sort_heapIN9__gnu_cxx17__normal_iteratorIP3JobSt6vectorIS2_SaIS2_EEEENS0_5__ops15_Iter_less_iterEEvT_SA_T0_
FNF:5
FNH:0
DA:124,0
DA:128,0
DA:129,0
DA:131,0
DA:132,0
DA:133,0
DA:135,0
DA:136,0
DA:207,0
DA:210,0
DA:211,0
DA:212,0
DA:214,0
DA:215,0
DA:217,0
DA:218,0
DA:219,0
DA:221,0
DA:223,0
DA:224,0
DA:226,0
DA:228,0
DA:229,0
DA:230,0
DA:231,0
DA:235,0
DA:243,0
DA:244,0
DA:245,0
DA:247,0
DA:248,0
DA:317,0
DA:325,0
DA:326,0
DA:328,0
DA:329,0
DA:330,0
DA:332,0
DA:333,0
DA:335,0
DA:336,0
DA:337,0
DA:390,0
DA:393,0
DA:395,0
DA:396,0
DA:398,0
LF:47
LH:0
end_of_record
SF:/usr/include/c++/5/bits/stl_iterator.h
FN:740,_ZN9__gnu_cxx17__normal_iteratorIPP4UserSt6vectorIS2_SaIS2_EEEC2ERKS3_
FN:740,_ZN9__gnu_cxx17__normal_iteratorIPK3JobSt6vectorIS1_SaIS1_EEEC2ERKS3_
FN:740,_ZN9__gnu_cxx17__normal_iteratorIPKP4UserSt6vectorIS2_SaIS2_EEEC2ERKS4_
FN:740,_ZN9__gnu_cxx17__normal_iteratorIP3JobSt6vectorIS1_SaIS1_EEEC2ERKS2_
FN:740,_ZN9__gnu_cxx17__normal_iteratorIPK5StateSt6vectorIS1_SaIS1_EEEC2ERKS3_
FN:740,_ZN9__gnu_cxx17__normal_iteratorIP5StateSt6vectorIS1_SaIS1_EEEC2ERKS2_
FN:745,_ZN9__gnu_cxx17__normal_iteratorIPK5StateSt6vectorIS1_SaIS1_EEEC2IPS1_EERKNS0_IT_NS_11__enable_ifIXsrSt10__are_sameISA_S9_E7__valueES6_E6__typeEEE
FN:753,_ZNK9__gnu_cxx17__normal_iteratorIPK3JobSt6vectorIS1_SaIS1_EEEdeEv
FN:753,_ZNK9__gnu_cxx17__normal_iteratorIP5StateSt6vectorIS1_SaIS1_EEEdeEv
FN:753,_ZNK9__gnu_cxx17__normal_iteratorIP3JobSt6vectorIS1_SaIS1_EEEdeEv
FN:761,_ZN9__gnu_cxx17__normal_iteratorIPK3JobSt6vectorIS1_SaIS1_EEEppEv
FN:761,_ZN9__gnu_cxx17__normal_iteratorIP3JobSt6vectorIS1_SaIS1_EEEppEv
FN:761,_ZN9__gnu_cxx17__normal_iteratorIP5StateSt6vectorIS1_SaIS1_EEEppEv
FN:773,_ZN9__gnu_cxx17__normal_iteratorIP3JobSt6vectorIS1_SaIS1_EEEmmEv
FN:793,_ZNK9__gnu_cxx17__normal_iteratorIP5StateSt6vectorIS1_SaIS1_EEEplEl
FN:793,_ZNK9__gnu_cxx17__normal_iteratorIP3JobSt6vectorIS1_SaIS1_EEEplEl
FN:801,_ZNK9__gnu_cxx17__normal_iteratorIP3JobSt6vectorIS1_SaIS1_EEEmiEl
FN:805,_ZNK9__gnu_cxx17__normal_iteratorIP5StateSt6vectorIS1_SaIS1_EEE4baseEv
FN:805,_ZNK9__gnu_cxx17__normal_iteratorIPK3JobSt6vectorIS1_SaIS1_EEE4baseEv
FN:805,_ZNK9__gnu_cxx17__normal_iteratorIP3JobSt6vectorIS1_SaIS1_EEE4baseEv
FN:805,_ZNK9__gnu_cxx17__normal_iteratorIPP4UserSt6vectorIS2_SaIS2_EEE4baseEv
FN:805,_ZNK9__gnu_cxx17__normal_iteratorIPKP4UserSt6vectorIS2_SaIS2_EEE4baseEv
FN:805,_ZNK9__gnu_cxx17__normal_iteratorIPK5StateSt6vectorIS1_SaIS1_EEE4baseEv
FN:820,_ZN9__gnu_cxxeqIPK5StatePS1_St6vectorIS1_SaIS1_EEEEbRKNS_17__normal_iteratorIT_T1_EERKNS8_IT0_SA_EE
FN:827,_ZN9__gnu_cxxeqIP5StateSt6vectorIS1_SaIS1_EEEEbRKNS_17__normal_iteratorIT_T0_EESB_
FN:827,_ZN9__gnu_cxxeqIP3JobSt6vectorIS1_SaIS1_EEEEbRKNS_17__normal_iteratorIT_T0_EESB_
FN:841,_ZN9__gnu_cxxneIPK3JobSt6vectorIS1_SaIS1_EEEEbRKNS_17__normal_iteratorIT_T0_EESC_
FN:841,_ZN9__gnu_cxxneIP3JobSt6vectorIS1_SaIS1_EEEEbRKNS_17__normal_iteratorIT_T0_EESB_
FN:841,_ZN9__gnu_cxxneIP5StateSt6vectorIS1_SaIS1_EEEEbRKNS_17__normal_iteratorIT_T0_EESB_
FN:856,_ZN9__gnu_cxxltIP3JobSt6vectorIS1_SaIS1_EEEEbRKNS_17__normal_iteratorIT_T0_EESB_
FN:911,_ZN9__gnu_cxxmiIPK5StatePS1_St6vectorIS1_SaIS1_EEEEDTmicldtfp_4baseEcldtfp0_4baseEERKNS_17__normal_iteratorIT_T1_EERKNS9_IT0_SB_EE
FN:923,_ZN9__gnu_cxxmiIPK5StateSt6vectorIS1_SaIS1_EEEENS_17__normal_iteratorIT_T0_E15difference_typeERKSA_SD_
FN:923,_ZN9__gnu_cxxmiIP3JobSt6vectorIS1_SaIS1_EEEENS_17__normal_iteratorIT_T0_E15difference_typeERKS9_SC_
FN:923,_ZN9__gnu_cxxmiIP5StateSt6vectorIS1_SaIS1_EEEENS_17__normal_iteratorIT_T0_E15difference_typeERKS9_SC_
FN:984,_ZNSt13move_iteratorIP5StateEC2ES1_
FN:984,_ZNSt13move_iteratorIP3JobEC2ES1_
FN:984,_ZNSt13move_iteratorIPP4UserEC2ES2_
FN:992,_ZNKSt13move_iteratorIPP4UserE4baseEv
FN:992,_ZNKSt13move_iteratorIP3JobE4baseEv
FN:992,_ZNKSt13move_iteratorIP5StateE4baseEv
FN:996,_ZNKSt13move_iteratorIP3JobEdeEv
FN:996,_ZNKSt13move_iteratorIP5StateEdeEv
FN:1004,_ZNSt13move_iteratorIP3JobEppEv
FN:1004,_ZNSt13move_iteratorIP5StateEppEv
FN:1071,_ZSteqIP3JobEbRKSt13move_iteratorIT_ES6_
FN:1071,_ZSteqIP5StateEbRKSt13move_iteratorIT_ES6_
FN:1083,_ZStneIP3JobEbRKSt13move_iteratorIT_ES6_
FN:1083,_ZStneIP5StateEbRKSt13move_iteratorIT_ES6_
FN:1166,_ZSt32__make_move_if_noexcept_iteratorIPP4UserSt13move_iteratorIS2_EET0_T_
FN:1166,_ZSt32__make_move_if_noexcept_iteratorIP3JobSt13move_iteratorIS1_EET0_T_
FN:1166,_ZSt32__make_move_if_noexcept_iteratorIP5StateSt13move_iteratorIS1_EET0_T_
FNDA:0,_ZN9__gnu_cxx17__normal_iteratorIPK5StateSt6vectorIS1_SaIS1_EEEC2ERKS3_
FNDA:0,_ZN9__gnu_cxx17__normal_iteratorIPK3JobSt6vectorIS1_SaIS1_EEEC2ERKS3_
FNDA:0,_ZN9__gnu_cxx17__normal_iteratorIPP4UserSt6vectorIS2_SaIS2_EEEC2ERKS3_
FNDA:0,_ZN9__gnu_cxx17__normal_iteratorIPKP4UserSt6vectorIS2_SaIS2_EEEC2ERKS4_
FNDA:0,_ZN9__gnu_cxx17__normal_iteratorIP5StateSt6vectorIS1_SaIS1_EEEC2ERKS2_
FNDA:0,_ZN9__gnu_cxx17__normal_iteratorIP3JobSt6vectorIS1_SaIS1_EEEC2ERKS2_
FNDA:0,_ZN9__gnu_cxx17__normal_iteratorIPK5StateSt6vectorIS1_SaIS1_EEEC2IPS1_EERKNS0_IT_NS_11__enable_ifIXsrSt10__are_sameISA_S9_E7__valueES6_E6__typeEEE
FNDA:0,_ZNK9__gnu_cxx17__normal_iteratorIPK3JobSt6vectorIS1_SaIS1_EEEdeEv
FNDA:0,_ZNK9__gnu_cxx17__normal_iteratorIP3JobSt6vectorIS1_SaIS1_EEEdeEv
FNDA:0,_ZNK9__gnu_cxx17__normal_iteratorIP5StateSt6vectorIS1_SaIS1_EEEdeEv
FNDA:0,_ZN9__gnu_cxx17__normal_iteratorIPK3JobSt6vectorIS1_SaIS1_EEEppEv
FNDA:0,_ZN9__gnu_cxx17__normal_iteratorIP3JobSt6vectorIS1_SaIS1_EEEppEv
FNDA:0,_ZN9__gnu_cxx17__normal_iteratorIP5StateSt6vectorIS1_SaIS1_EEEppEv
FNDA:0,_ZN9__gnu_cxx17__normal_iteratorIP3JobSt6vectorIS1_SaIS1_EEEmmEv
FNDA:0,_ZNK9__gnu_cxx17__normal_iteratorIP3JobSt6vectorIS1_SaIS1_EEEplEl
FNDA:0,_ZNK9__gnu_cxx17__normal_iteratorIP5StateSt6vectorIS1_SaIS1_EEEplEl
FNDA:0,_ZNK9__gnu_cxx17__normal_iteratorIP3JobSt6vectorIS1_SaIS1_EEEmiEl
FNDA:0,_ZNK9__gnu_cxx17__normal_iteratorIPK3JobSt6vectorIS1_SaIS1_EEE4baseEv
FNDA:0,_ZNK9__gnu_cxx17__normal_iteratorIPP4UserSt6vectorIS2_SaIS2_EEE4baseEv
FNDA:0,_ZNK9__gnu_cxx17__normal_iteratorIPKP4UserSt6vectorIS2_SaIS2_EEE4baseEv
FNDA:0,_ZNK9__gnu_cxx17__normal_iteratorIP3JobSt6vectorIS1_SaIS1_EEE4baseEv
FNDA:0,_ZNK9__gnu_cxx17__normal_iteratorIPK5StateSt6vectorIS1_SaIS1_EEE4baseEv
FNDA:0,_ZNK9__gnu_cxx17__normal_iteratorIP5StateSt6vectorIS1_SaIS1_EEE4baseEv
FNDA:0,_ZN9__gnu_cxxeqIPK5StatePS1_St6vectorIS1_SaIS1_EEEEbRKNS_17__normal_iteratorIT_T1_EERKNS8_IT0_SA_EE
FNDA:0,_ZN9__gnu_cxxeqIP3JobSt6vectorIS1_SaIS1_EEEEbRKNS_17__normal_iteratorIT_T0_EESB_
FNDA:0,_ZN9__gnu_cxxeqIP5StateSt6vectorIS1_SaIS1_EEEEbRKNS_17__normal_iteratorIT_T0_EESB_
FNDA:0,_ZN9__gnu_cxxneIPK3JobSt6vectorIS1_SaIS1_EEEEbRKNS_17__normal_iteratorIT_T0_EESC_
FNDA:0,_ZN9__gnu_cxxneIP5StateSt6vectorIS1_SaIS1_EEEEbRKNS_17__normal_iteratorIT_T0_EESB_
FNDA:0,_ZN9__gnu_cxxneIP3JobSt6vectorIS1_SaIS1_EEEEbRKNS_17__normal_iteratorIT_T0_EESB_
FNDA:0,_ZN9__gnu_cxxltIP3JobSt6vectorIS1_SaIS1_EEEEbRKNS_17__normal_iteratorIT_T0_EESB_
FNDA:0,_ZN9__gnu_cxxmiIPK5StatePS1_St6vectorIS1_SaIS1_EEEEDTmicldtfp_4baseEcldtfp0_4baseEERKNS_17__normal_iteratorIT_T1_EERKNS9_IT0_SB_EE
FNDA:0,_ZN9__gnu_cxxmiIP5StateSt6vectorIS1_SaIS1_EEEENS_17__normal_iteratorIT_T0_E15difference_typeERKS9_SC_
FNDA:0,_ZN9__gnu_cxxmiIP3JobSt6vectorIS1_SaIS1_EEEENS_17__normal_iteratorIT_T0_E15difference_typeERKS9_SC_
FNDA:0,_ZN9__gnu_cxxmiIPK5StateSt6vectorIS1_SaIS1_EEEENS_17__normal_iteratorIT_T0_E15difference_typeERKSA_SD_
FNDA:0,_ZNSt13move_iteratorIPP4UserEC2ES2_
FNDA:0,_ZNSt13move_iteratorIP5StateEC2ES1_
FNDA:0,_ZNSt13move_iteratorIP3JobEC2ES1_
FNDA:0,_ZNKSt13move_iteratorIPP4UserE4baseEv
FNDA:0,_ZNKSt13move_iteratorIP5StateE4baseEv
FNDA:0,_ZNKSt13move_iteratorIP3JobE4baseEv
FNDA:0,_ZNKSt13move_iteratorIP5StateEdeEv
FNDA:0,_ZNKSt13move_iteratorIP3JobEdeEv
FNDA:0,_ZNSt13move_iteratorIP5StateEppEv
FNDA:0,_ZNSt13move_iteratorIP3JobEppEv
FNDA:0,_ZSteqIP5StateEbRKSt13move_iteratorIT_ES6_
FNDA:0,_ZSteqIP3JobEbRKSt13move_iteratorIT_ES6_
FNDA:0,_ZStneIP5StateEbRKSt13move_iteratorIT_ES6_
FNDA:0,_ZStneIP3JobEbRKSt13move_iteratorIT_ES6_
FNDA:0,_ZSt32__make_move_if_noexcept_iteratorIPP4UserSt13move_iteratorIS2_EET0_T_
FNDA:0,_ZSt32__make_move_if_noexcept_iteratorIP5StateSt13move_iteratorIS1_EET0_T_
FNDA:0,_ZSt32__make_move_if_noexcept_iteratorIP3JobSt13move_iteratorIS1_EET0_T_
FNF:51
FNH:0
DA:740,0
DA:741,0
DA:745,0
DA:749,0
DA:753,0
DA:754,0
DA:761,0
DA:763,0
DA:764,0
DA:773,0
DA:775,0
DA:776,0
DA:793,0
DA:794,0
DA:801,0
DA:802,0
DA:805,0
DA:806,0
DA:820,0
DA:823,0
DA:827,0
DA:830,0
DA:841,0
DA:844,0
DA:856,0
DA:859,0
DA:911,0
DA:919,0
DA:923,0
DA:926,0
DA:984,0
DA:985,0
DA:992,0
DA:993,0
DA:996,0
DA:997,0
DA:1004,0
DA:1006,0
DA:1007,0
DA:1071,0
DA:1073,0
DA:1083,0
DA:1085,0
DA:1166,0
DA:1167,0
LF:45
LH:0
end_of_record
SF:/usr/include/c++/5/bits/stl_iterator_base_types.h
FN:215,_ZNSt10_Iter_baseIN9__gnu_cxx17__normal_iteratorIP3JobSt6vectorIS2_SaIS2_EEEELb0EE7_S_baseES7_
FN:215,_ZNSt10_Iter_baseIP3JobLb0EE7_S_baseES1_
FN:215,_ZNSt10_Iter_baseIN9__gnu_cxx17__normal_iteratorIPKP4UserSt6vectorIS3_SaIS3_EEEELb0EE7_S_baseES9_
FN:215,_ZNSt10_Iter_baseIPP4UserLb0EE7_S_baseES2_
FN:215,_ZNSt10_Iter_baseIN9__gnu_cxx17__normal_iteratorIPK3JobSt6vectorIS2_SaIS2_EEEELb0EE7_S_baseES8_
FN:215,_ZNSt10_Iter_baseIP5StateLb0EE7_S_baseES1_
FN:223,_ZNSt10_Iter_baseIN9__gnu_cxx17__normal_iteratorIPK3JobSt6vectorIS2_SaIS2_EEEELb1EE7_S_baseES8_
FN:223,_ZNSt10_Iter_baseIN9__gnu_cxx17__normal_iteratorIPP4UserSt6vectorIS3_SaIS3_EEEELb1EE7_S_baseES8_
FN:223,_ZNSt10_Iter_baseIN9__gnu_cxx17__normal_iteratorIPKP4UserSt6vectorIS3_SaIS3_EEEELb1EE7_S_baseES9_
FN:223,_ZNSt10_Iter_baseISt13move_iteratorIPP4UserELb1EE7_S_baseES4_
FN:223,_ZNSt10_Iter_baseIN9__gnu_cxx17__normal_iteratorIP3JobSt6vectorIS2_SaIS2_EEEELb1EE7_S_baseES7_
FNDA:0,_ZNSt10_Iter_baseIN9__gnu_cxx17__normal_iteratorIP3JobSt6vectorIS2_SaIS2_EEEELb0EE7_S_baseES7_
FNDA:0,_ZNSt10_Iter_baseIP5StateLb0EE7_S_baseES1_
FNDA:0,_ZNSt10_Iter_baseIP3JobLb0EE7_S_baseES1_
FNDA:0,_ZNSt10_Iter_baseIN9__gnu_cxx17__normal_iteratorIPK3JobSt6vectorIS2_SaIS2_EEEELb0EE7_S_baseES8_
FNDA:0,_ZNSt10_Iter_baseIPP4UserLb0EE7_S_baseES2_
FNDA:0,_ZNSt10_Iter_baseIN9__gnu_cxx17__normal_iteratorIPKP4UserSt6vectorIS3_SaIS3_EEEELb0EE7_S_baseES9_
FNDA:0,_ZNSt10_Iter_baseISt13move_iteratorIPP4UserELb1EE7_S_baseES4_
FNDA:0,_ZNSt10_Iter_baseIN9__gnu_cxx17__normal_iteratorIP3JobSt6vectorIS2_SaIS2_EEEELb1EE7_S_baseES7_
FNDA:0,_ZNSt10_Iter_baseIN9__gnu_cxx17__normal_iteratorIPK3JobSt6vectorIS2_SaIS2_EEEELb1EE7_S_baseES8_
FNDA:0,_ZNSt10_Iter_baseIN9__gnu_cxx17__normal_iteratorIPP4UserSt6vectorIS3_SaIS3_EEEELb1EE7_S_baseES8_
FNDA:0,_ZNSt10_Iter_baseIN9__gnu_cxx17__normal_iteratorIPKP4UserSt6vectorIS3_SaIS3_EEEELb1EE7_S_baseES9_
FNF:11
FNH:0
DA:215,0
DA:216,0
DA:223,0
DA:224,0
LF:4
LH:0
end_of_record
SF:/usr/include/c++/5/bits/stl_uninitialized.h
FN:68,_ZNSt20__uninitialized_copyILb0EE13__uninit_copyIN9__gnu_cxx17__normal_iteratorIPK3JobSt6vectorIS4_SaIS4_EEEEPS4_EET0_T_SD_SC_
FN:68,_ZNSt20__uninitialized_copyILb0EE13__uninit_copyISt13move_iteratorIP5StateES4_EET0_T_S7_S6_
FN:68,_ZNSt20__uninitialized_copyILb0EE13__uninit_copyISt13move_iteratorIP3JobES4_EET0_T_S7_S6_
FN:68,_ZNSt20__uninitialized_copyILb0EE13__uninit_copyIP3JobS3_EET0_T_S5_S4_
FN:91,_ZNSt20__uninitialized_copyILb1EE13__uninit_copyISt13move_iteratorIPP4UserES5_EET0_T_S8_S7_
[...]
DA:10691,0
DA:10692,0
DA:10693,0
DA:10694,0
DA:10696,0
DA:10697,0
DA:10698,0
DA:10701,0
DA:10702,0
DA:10704,0
DA:10705,0
DA:10706,0
DA:10707,0
DA:10708,0
DA:10710,0
DA:10711,0
DA:10712,0
DA:10713,0
DA:10714,0
DA:10715,0
DA:10716,0
DA:10717,0
DA:10719,0
DA:10720,0
DA:10721,0
DA:10722,0
DA:10724,0
DA:10725,0
DA:10726,0
DA:10727,0
DA:10729,0
DA:10730,0
DA:10732,0
DA:10733,0
DA:10735,0
DA:10736,0
DA:10737,0
DA:10738,0
DA:10739,0
DA:10740,0
DA:10741,0
DA:10746,0
DA:10747,0
DA:10748,0
DA:10750,0
DA:10752,0
DA:10753,0
DA:10754,0
DA:10755,0
DA:10756,0
DA:10757,0
DA:10758,0
DA:10759,0
DA:10762,0
DA:10764,0
DA:10765,0
DA:10768,0
DA:10769,0
DA:10770,0
DA:10771,0
DA:10773,0
DA:10774,0
DA:10775,0
DA:10776,0
DA:10777,0
DA:10778,0
DA:10779,0
DA:10781,0
DA:10782,0
DA:10783,0
DA:10784,0
DA:10785,0
DA:10786,0
DA:10788,0
DA:10789,0
DA:10790,0
DA:10791,0
DA:10792,0
DA:10796,0
DA:10797,0
DA:10799,0
DA:10800,0
DA:10801,0
DA:10802,0
DA:10803,0
DA:10816,0
DA:10818,0
DA:10819,0
DA:10820,0
DA:10821,0
DA:10823,0
DA:10824,0
DA:10825,0
DA:10827,0
DA:10828,0
DA:10829,0
DA:10830,0
DA:10831,0
DA:10832,0
DA:10833,0
DA:10835,0
DA:10836,0
DA:10838,0
DA:10839,0
DA:10840,0
DA:10841,0
DA:10842,0
DA:10843,0
DA:10845,0
DA:10846,0
DA:10847,0
DA:10848,0
DA:10850,0
DA:10851,0
DA:10854,0
DA:10855,0
DA:10856,0
DA:10857,0
DA:10860,0
DA:10862,0
DA:10863,0
DA:10864,0
DA:10865,0
DA:10867,0
DA:10868,0
DA:10870,0
DA:10871,0
DA:10872,0
DA:10873,0
DA:10874,0
DA:10875,0
DA:10877,0
DA:10878,0
DA:10880,0
DA:10884,0
DA:10885,0
DA:10886,0
DA:10887,0
DA:10889,0
DA:10890,0
DA:10891,0
DA:10892,0
DA:10893,0
DA:10895,0
DA:10897,0
DA:10899,0
DA:10900,0
DA:10901,0
DA:10902,0
DA:10903,0
DA:10904,0
DA:10905,0
DA:10906,0
DA:10907,0
DA:10908,0
DA:10909,0
DA:10911,0
DA:10912,0
DA:10921,1
DA:10922,1
DA:10923,0
DA:10925,1
DA:10926,1
DA:10927,1
DA:10928,3
DA:10929,3
DA:10930,1
DA:10934,0
DA:10936,0
DA:10937,0
DA:10939,0
DA:10940,0
DA:10942,0
DA:10943,0
DA:10945,0
DA:10946,0
DA:10948,0
DA:10949,0
DA:10951,1
DA:10952,0
DA:10953,0
DA:10954,0
DA:10955,0
DA:10956,0
DA:10957,0
DA:10958,0
DA:10960,0
DA:10962,0
DA:10963,0
DA:10964,0
DA:10965,0
DA:10968,0
DA:10969,0
DA:10971,3
DA:10972,3
DA:10973,3
DA:10975,1
DA:10976,1
DA:10977,0
DA:10978,1
DA:10979,0
DA:10981,1
DA:10984,1
DA:10985,1
DA:10986,1
DA:10987,1
DA:10988,1
DA:10989,1
DA:10990,0
DA:10991,3
DA:10992,1
DA:10994,1
DA:10995,1
DA:10996,1
DA:10997,1
DA:10999,0
DA:11002,0
DA:11004,1
DA:11005,1
DA:11006,0
DA:11007,0
DA:11008,0
DA:11014,1
DA:11025,0
DA:11026,0
DA:11027,0
DA:11031,0
DA:11032,0
DA:11035,0
DA:11036,0
DA:11037,0
DA:11038,0
DA:11041,0
DA:11042,0
DA:11043,0
DA:11045,0
DA:11047,0
DA:11048,0
DA:11050,0
DA:11053,0
DA:11054,0
DA:11055,0
DA:11056,0
DA:11059,0
DA:11060,0
DA:11062,0
DA:11063,0
DA:11066,0
DA:11067,0
DA:11068,0
DA:11070,0
DA:11072,0
DA:11073,0
DA:11074,0
DA:11075,0
DA:11076,0
DA:11079,0
DA:11082,0
DA:11087,0
DA:11088,0
DA:11089,0
DA:11091,0
DA:11092,0
DA:11094,0
DA:11096,0
DA:11098,0
DA:11099,0
DA:11100,0
DA:11101,0
DA:11102,0
DA:11104,0
DA:11105,0
DA:11107,0
DA:11108,0
DA:11110,0
DA:11111,0
DA:11112,0
DA:11113,0
DA:11114,0
DA:11116,0
DA:11117,0
DA:11118,0
DA:11119,0
DA:11120,0
DA:11121,0
DA:11123,0
DA:11124,0
DA:11125,0
DA:11126,0
DA:11127,0
DA:11128,0
DA:11130,0
DA:11131,0
DA:11132,0
DA:11133,0
DA:11134,0
DA:11136,0
DA:11137,0
DA:11138,0
DA:11139,0
DA:11141,0
DA:11142,0
DA:11143,0
DA:11144,0
DA:11146,0
DA:11147,0
DA:11148,0
DA:11149,0
DA:11154,0
DA:11155,0
DA:11157,0
DA:11162,0
DA:11168,0
DA:11169,0
DA:11172,0
DA:11173,0
DA:11174,0
DA:11175,0
DA:11177,0
DA:11178,0
DA:11180,0
DA:11181,0
DA:11183,0
DA:11185,0
DA:11187,0
DA:11188,0
DA:11189,0
DA:11191,0
DA:11192,0
DA:11193,0
DA:11195,0
DA:11196,0
DA:11198,0
DA:11200,0
DA:11202,0
DA:11203,0
DA:11204,0
DA:11206,0
DA:11208,0
DA:11209,0
DA:11211,0
DA:11212,0
DA:11214,0
DA:11216,0
DA:11218,0
DA:11219,0
DA:11220,0
DA:11221,0
DA:11223,0
DA:11225,0
DA:11226,0
DA:11227,0
DA:11230,0
DA:11231,0
DA:11234,0
DA:11235,0
DA:11238,0
DA:11240,0
DA:11241,0
DA:11242,0
DA:11243,0
DA:11244,0
DA:11266,0
DA:11267,0
DA:11270,0
DA:11271,0
DA:11272,0
DA:11274,0
DA:11275,0
DA:11277,0
DA:11278,0
DA:11279,0
DA:11280,0
DA:11281,0
DA:11282,0
DA:11283,0
DA:11285,0
DA:11286,0
DA:11287,0
DA:11288,0
DA:11289,0
DA:11291,0
DA:11292,0
DA:11293,0
DA:11294,0
DA:11295,0
DA:11298,0
DA:11299,0
DA:11300,0
DA:11301,0
DA:11302,0
DA:11304,0
DA:11307,1
DA:11314,15
DA:11315,14
DA:11316,1
DA:11317,0
DA:11318,2
DA:11319,0
DA:11320,0
DA:11321,1
DA:11322,1
DA:11323,2
DA:11324,1
DA:11325,1
DA:11326,1
DA:11327,0
DA:11328,1
DA:11329,0
DA:11330,4
DA:11331,1
DA:11332,1
DA:11333,0
DA:11334,2
DA:11335,2
DA:11336,1
DA:11337,1
DA:11338,0
DA:11339,0
DA:11341,1
DA:11342,2
DA:11343,0
DA:11344,1
DA:11345,1
DA:11346,1
DA:11347,0
DA:11348,0
DA:11349,1
DA:11350,4
DA:11351,0
DA:11352,0
DA:11353,0
DA:11354,2
DA:11355,0
DA:11356,2
DA:11357,2
DA:11358,0
DA:11360,0
DA:11363,4
DA:11364,4
DA:11365,8
DA:11366,0
DA:11387,1
DA:11390,1
DA:11391,1
LF:3776
LH:1257
end_of_record
SF:/mnt/7AAA6049AA60044B/GitHub/supercomputer-simulation/testing/test_supercomputer.cpp
FN:7,_ZL29____C_A_T_C_H____T_E_S_T____0v
FN:40,_ZL29____C_A_T_C_H____T_E_S_T____2v
FN:126,_GLOBAL__sub_I_leakDetector
FNDA:1,_ZL29____C_A_T_C_H____T_E_S_T____0v
FNDA:1,_ZL29____C_A_T_C_H____T_E_S_T____2v
FNDA:1,_GLOBAL__sub_I_leakDetector
FNDA:1,_Z41__static_initialization_and_destruction_0ii
FNF:4
FNH:4
DA:7,2
DA:8,1
DA:10,1
DA:11,1
DA:12,1
DA:13,1
DA:15,1
DA:16,1
DA:17,1
DA:18,1
DA:20,1
DA:21,1
DA:23,1
DA:24,1
DA:26,1
DA:27,1
DA:28,1
DA:29,1
DA:31,1
DA:32,1
DA:33,1
DA:34,1
DA:36,1
DA:37,1
DA:38,1
DA:40,2
DA:41,1
DA:43,1
DA:44,1
DA:45,1
DA:46,1
DA:47,1
DA:48,1
DA:49,1
DA:50,1
DA:51,1
DA:52,1
DA:53,1
DA:55,1
DA:56,1
DA:58,1
DA:59,1
DA:60,1
DA:61,1
DA:62,1
DA:63,1
DA:64,1
DA:65,1
DA:66,1
DA:67,1
DA:68,1
DA:70,1
DA:71,1
DA:73,1
DA:74,1
DA:75,1
DA:76,1
DA:77,1
DA:78,1
DA:79,1
DA:80,1
DA:81,1
DA:82,1
DA:83,1
DA:84,1
DA:86,1
DA:87,1
DA:88,1
DA:89,1
DA:91,1
DA:92,1
DA:93,1
DA:94,1
DA:95,1
DA:96,1
DA:97,1
DA:98,1
DA:99,1
DA:100,1
DA:102,1
DA:103,1
DA:105,1
DA:106,1
DA:107,1
DA:108,1
DA:109,1
DA:110,1
DA:111,1
DA:112,1
DA:113,1
DA:114,1
DA:116,1
DA:117,1
DA:119,1
DA:120,1
DA:122,1
DA:123,1
DA:124,1
DA:125,1
DA:126,4
LF:100
LH:100
end_of_record
TN:Supercomputer_Simulation_test_coverage
SF:/usr/include/c++/5/iostream
DA:74,1
LF:1
LH:1
end_of_record
SF:/mnt/7AAA6049AA60044B/GitHub/supercomputer-simulation/supercomputer/src/users/user.cpp
FN:4,_ZN4UserC2EP13Configurationib
FN:11,_ZN4User14generate_groupEb
FN:25,_ZN4User10can_affordEP3Job
FN:29,_ZN4User3payEP3Job
FN:33,_GLOBAL__sub_I__ZN4UserC2EP13Configurationib
FN:33,_Z41__static_initialization_and_destruction_0ii
FNDA:0,_ZN4UserC2EP13Configurationib
FNDA:0,_ZN4User14generate_groupEb
FNDA:0,_ZN4User10can_affordEP3Job
FNDA:0,_ZN4User3payEP3Job
FNDA:1,_GLOBAL__sub_I__ZN4UserC2EP13Configurationib
FNDA:1,_Z41__static_initialization_and_destruction_0ii
FNF:6
FNH:2
DA:4,0
DA:5,0
DA:6,0
DA:7,0
DA:8,0
DA:11,0
DA:12,0
DA:13,0
DA:14,0
DA:15,0
DA:16,0
DA:17,0
DA:18,0
DA:20,0
DA:21,0
DA:23,0
DA:25,0
DA:26,0
DA:29,0
DA:30,0
DA:31,0
DA:33,3
LF:22
LH:1
end_of_record
TN:Supercomputer_Simulation_test_coverage
SF:/usr/include/c++/5/bits/random.h
FN:139,_ZNSt8__detail4_ModImLm2147483647ELm16807ELm0ELb1ELb1EE6__calcEm
FN:139,_ZNSt8__detail4_ModImLm4294967296ELm1ELm0ELb1ELb1EE6__calcEm
FN:139,_ZNSt8__detail4_ModImLm2147483647ELm1ELm0ELb1ELb1EE6__calcEm
FN:139,_ZNSt8__detail4_ModImLm624ELm1ELm0ELb1ELb1EE6__calcEm
FN:150,_ZNSt8__detail5__modImLm624ELm1ELm0EEET_S1_
FN:150,_ZNSt8__detail5__modImLm2147483647ELm16807ELm0EEET_S1_
FN:150,_ZNSt8__detail5__modImLm4294967296ELm1ELm0EEET_S1_
FN:150,_ZNSt8__detail5__modImLm2147483647ELm1ELm0EEET_S1_
FN:164,_ZNSt8__detail8_AdaptorISt26linear_congruential_engineImLm16807ELm0ELm2147483647EEdEC2ERS2_
FN:181,_ZNSt8__detail8_AdaptorISt26linear_congruential_engineImLm16807ELm0ELm2147483647EEdEclEv
FN:263,_ZNSt26linear_congruential_engineImLm16807ELm0ELm2147483647EEC2Em
FN:306,_ZNSt26linear_congruential_engineImLm16807ELm0ELm2147483647EE3minEv
FN:313,_ZNSt26linear_congruential_engineImLm16807ELm0ELm2147483647EE3maxEv
FN:330,_ZNSt26linear_congruential_engineImLm16807ELm0ELm2147483647EEclEv
FN:495,_ZNSt23mersenne_twister_engineImLm32ELm624ELm397ELm31ELm2567483615ELm11ELm4294967295ELm7ELm2636928640ELm15ELm4022730752ELm18ELm1812433253EEC2Em
FN:1578,_ZNSt13random_deviceC2ERKNSt7__cxx1112basic_stringIcSt11char_traitsIcESaIcEEE
FN:1583,_ZNSt13random_deviceD2Ev
FN:1609,_ZNSt13random_deviceclEv
FN:1716,_ZNSt25uniform_real_distributionIdE10param_typeC2Edd
FN:1724,_ZNKSt25uniform_real_distributionIdE10param_type1aEv
FN:1728,_ZNKSt25uniform_real_distributionIdE10param_type1bEv
FN:1748,_ZNSt25uniform_real_distributionIdEC2Edd
FN:1808,_ZNSt25uniform_real_distributionIdEclISt26linear_congruential_engineImLm16807ELm0ELm2147483647EEEEdRT_
FN:1813,_ZNSt25uniform_real_distributionIdEclISt26linear_congruential_engineImLm16807ELm0ELm2147483647EEEEdRT_RKNS0_10param_typeE
FNDA:8,_ZNSt8__detail4_ModImLm2147483647ELm16807ELm0ELb1ELb1EE6__calcEm
FNDA:12,_ZNSt8__detail4_ModImLm2147483647ELm1ELm0ELb1ELb1EE6__calcEm
FNDA:0,_ZNSt8__detail4_ModImLm624ELm1ELm0ELb1ELb1EE6__calcEm
FNDA:0,_ZNSt8__detail4_ModImLm4294967296ELm1ELm0ELb1ELb1EE6__calcEm
FNDA:8,_ZNSt8__detail5__modImLm2147483647ELm16807ELm0EEET_S1_
FNDA:12,_ZNSt8__detail5__modImLm2147483647ELm1ELm0EEET_S1_
FNDA:0,_ZNSt8__detail5__modImLm624ELm1ELm0EEET_S1_
FNDA:0,_ZNSt8__detail5__modImLm4294967296ELm1ELm0EEET_S1_
FNDA:4,_ZNSt8__detail8_AdaptorISt26linear_congruential_engineImLm16807ELm0ELm2147483647EEdEC2ERS2_
FNDA:4,_ZNSt8__detail8_AdaptorISt26linear_congruential_engineImLm16807ELm0ELm2147483647EEdEclEv
FNDA:4,_ZNSt26linear_congruential_engineImLm16807ELm0ELm2147483647EEC2Em
FNDA:12,_ZNSt26linear_congruential_engineImLm16807ELm0ELm2147483647EE3minEv
FNDA:4,_ZNSt26linear_congruential_engineImLm16807ELm0ELm2147483647EE3maxEv
FNDA:8,_ZNSt26linear_congruential_engineImLm16807ELm0ELm2147483647EEclEv
FNDA:0,_ZNSt23mersenne_twister_engineImLm32ELm624ELm397ELm31ELm2567483615ELm11ELm4294967295ELm7ELm2636928640ELm15ELm4022730752ELm18ELm1812433253EEC2Em
FNDA:0,_ZNSt13random_deviceC2ERKNSt7__cxx1112basic_stringIcSt11char_traitsIcESaIcEEE
FNDA:0,_ZNSt13random_deviceD2Ev
FNDA:0,_ZNSt13random_deviceclEv
FNDA:4,_ZNSt25uniform_real_distributionIdE10param_typeC2Edd
FNDA:8,_ZNKSt25uniform_real_distributionIdE10param_type1aEv
FNDA:4,_ZNKSt25uniform_real_distributionIdE10param_type1bEv
FNDA:4,_ZNSt25uniform_real_distributionIdEC2Edd
FNDA:4,_ZNSt25uniform_real_distributionIdEclISt26linear_congruential_engineImLm16807ELm0ELm2147483647EEEEdRT_
FNDA:4,_ZNSt25uniform_real_distributionIdEclISt26linear_congruential_engineImLm16807ELm0ELm2147483647EEEEdRT_RKNS0_10param_typeE
FNF:24
FNH:16
DA:139,20
DA:141,20
DA:143,20
DA:144,20
DA:150,20
DA:151,20
DA:164,4
DA:165,4
DA:181,4
DA:185,4
DA:263,4
DA:264,4
DA:306,12
DA:307,12
DA:313,4
DA:314,4
DA:330,8
DA:332,8
DA:333,8
DA:495,0
DA:496,0
DA:1578,0
DA:1580,0
DA:1581,0
DA:1583,0
DA:1584,0
DA:1609,0
DA:1612,0
DA:1716,4
DA:1718,4
DA:1721,4
DA:1724,8
DA:1725,8
DA:1728,4
DA:1729,4
DA:1748,4
DA:1750,4
DA:1751,4
DA:1808,4
DA:1809,4
DA:1813,4
DA:1817,4
DA:1818,4
LF:43
LH:34
end_of_record
SF:/usr/include/c++/5/bits/random.tcc
FN:119,_ZNSt26linear_congruential_engineImLm16807ELm0ELm2147483647EE4seedEm
FN:327,_ZNSt23mersenne_twister_engineImLm32ELm624ELm397ELm31ELm2567483615ELm11ELm4294967295ELm7ELm2636928640ELm15ELm4022730752ELm18ELm1812433253EE4seedEm
FN:397,_ZNSt23mersenne_twister_engineImLm32ELm624ELm397ELm31ELm2567483615ELm11ELm4294967295ELm7ELm2636928640ELm15ELm4022730752ELm18ELm1812433253EE11_M_gen_randEv
FN:453,_ZNSt23mersenne_twister_engineImLm32ELm624ELm397ELm31ELm2567483615ELm11ELm4294967295ELm7ELm2636928640ELm15ELm4022730752ELm18ELm1812433253EEclEv
FN:3312,_ZSt18generate_canonicalIdLm53ESt26linear_congruential_engineImLm16807ELm0ELm2147483647EEET_RT1_
FNDA:4,_ZNSt26linear_congruential_engineImLm16807ELm0ELm2147483647EE4seedEm
FNDA:0,_ZNSt23mersenne_twister_engineImLm32ELm624ELm397ELm31ELm2567483615ELm11ELm4294967295ELm7ELm2636928640ELm15ELm4022730752ELm18ELm1812433253EE4seedEm
FNDA:0,_ZNSt23mersenne_twister_engineImLm32ELm624ELm397ELm31ELm2567483615ELm11ELm4294967295ELm7ELm2636928640ELm15ELm4022730752ELm18ELm1812433253EE11_M_gen_randEv
FNDA:0,_ZNSt23mersenne_twister_engineImLm32ELm624ELm397ELm31ELm2567483615ELm11ELm4294967295ELm7ELm2636928640ELm15ELm4022730752ELm18ELm1812433253EEclEv
FNDA:4,_ZSt18generate_canonicalIdLm53ESt26linear_congruential_engineImLm16807ELm0ELm2147483647EEET_RT1_
FNF:5
FNH:2
DA:119,4
DA:122,8
DA:123,4
DA:124,0
DA:126,4
DA:127,4
DA:327,0
DA:331,0
DA:332,0
DA:334,0
DA:336,0
DA:337,0
DA:338,0
DA:339,0
DA:340,0
DA:341,0
DA:343,0
DA:344,0
DA:397,0
DA:401,0
DA:402,0
DA:404,0
DA:406,0
DA:407,0
DA:408,0
DA:412,0
DA:414,0
DA:415,0
DA:416,0
DA:420,0
DA:421,0
DA:422,0
DA:424,0
DA:425,0
DA:453,0
DA:458,0
DA:459,0
DA:462,0
DA:463,0
DA:464,0
DA:465,0
DA:466,0
DA:468,0
DA:3312,4
DA:3319,4
DA:3321,4
DA:3322,4
DA:3323,4
DA:3324,4
DA:3325,4
DA:3326,20
DA:3328,8
DA:3329,8
DA:3331,4
LF:54
LH:16
end_of_record
SF:/usr/include/c++/5/bits/stl_algobase.h
FN:219,_ZSt3maxImERKT_S2_S2_
FNDA:0,_ZSt3maxImERKT_S2_S2_
FNF:1
FNH:0
DA:219,0
DA:224,0
DA:225,0
DA:226,0
LF:4
LH:0
end_of_record
SF:/usr/include/c++/5/bits/uniform_int_dist.h
FN:75,_ZNSt24uniform_int_distributionImE10param_typeC2Emm
FN:83,_ZNKSt24uniform_int_distributionImE10param_type1aEv
FN:87,_ZNKSt24uniform_int_distributionImE10param_type1bEv
FN:104,_ZNSt24uniform_int_distributionImEC2Emm
FN:164,_ZNSt24uniform_int_distributionImEclISt23mersenne_twister_engineImLm32ELm624ELm397ELm31ELm2567483615ELm11ELm4294967295ELm7ELm2636928640ELm15ELm4022730752ELm18ELm1812433253EEEEmRT_
FN:217,_ZNSt24uniform_int_distributionImEclISt23mersenne_twister_engineImLm32ELm624ELm397ELm31ELm2567483615ELm11ELm4294967295ELm7ELm2636928640ELm15ELm4022730752ELm18ELm1812433253EEEEmRT_RKNS0_10param_typeE
FNDA:0,_ZNSt24uniform_int_distributionImE10param_typeC2Emm
FNDA:0,_ZNKSt24uniform_int_distributionImE10param_type1aEv
FNDA:0,_ZNKSt24uniform_int_distributionImE10param_type1bEv
FNDA:0,_ZNSt24uniform_int_distributionImEC2Emm
FNDA:4,_ZNSt24uniform_int_distributionImEclISt23mersenne_twister_engineImLm32ELm624ELm397ELm31ELm2567483615ELm11ELm4294967295ELm7ELm2636928640ELm15ELm4022730752ELm18ELm1812433253EEEEmRT_
FNDA:4,_ZNSt24uniform_int_distributionImEclISt23mersenne_twister_engineImLm32ELm624ELm397ELm31ELm2567483615ELm11ELm4294967295ELm7ELm2636928640ELm15ELm4022730752ELm18ELm1812433253EEEEmRT_RKNS0_10param_typeE
FNF:6
FNH:2
DA:75,0
DA:77,0
DA:80,0
DA:83,0
DA:84,0
DA:87,0
DA:88,0
DA:104,0
DA:106,0
DA:107,0
DA:164,4
DA:165,4
DA:217,4
DA:227,4
DA:228,4
DA:229,4
DA:231,4
DA:235,4
DA:238,4
DA:239,4
DA:240,4
DA:241,4
DA:242,4
DA:244,4
DA:246,0
DA:264,0
DA:266,0
DA:267,0
DA:268,0
DA:269,0
DA:274,0
DA:276,4
LF:32
LH:15
end_of_record
SF:/usr/include/c++/5/cmath
FN:361,_ZSt3loge
FNDA:0,_ZSt3loge
FNF:1
FNH:0
DA:361,0
DA:362,0
LF:2
LH:0
end_of_record
SF:/usr/include/c++/5/iostream
DA:74,1
LF:1
LH:1
end_of_record
SF:/mnt/7AAA6049AA60044B/GitHub/supercomputer-simulation/supercomputer/src/utils/utils.cpp
FN:5,_Z15generate_randomii
FN:12,_Z15generate_randomjj
FN:19,_Z15generate_randomdd
FN:30,_Z10is_weekendll
FN:44,_Z10is_weekendl
FN:57,_Z15advance_weekendl
FN:74,_Z17advance_to_fridayl
FN:90,_Z18get_back_to_sundayl
FN:104,_GLOBAL__sub_I__Z15generate_randomii
FN:104,_Z41__static_initialization_and_destruction_0ii
FNDA:0,_Z15generate_randomii
FNDA:4,_Z15generate_randomjj
FNDA:4,_Z15generate_randomdd
FNDA:0,_Z10is_weekendll
FNDA:0,_Z10is_weekendl
FNDA:0,_Z15advance_weekendl
FNDA:0,_Z17advance_to_fridayl
FNDA:0,_Z18get_back_to_sundayl
FNDA:1,_GLOBAL__sub_I__Z15generate_randomii
FNDA:1,_Z41__static_initialization_and_destruction_0ii
FNF:10
FNH:4
DA:5,0
DA:6,0
DA:7,0
DA:8,0
DA:9,0
DA:12,4
DA:13,4
DA:14,4
DA:15,4
DA:16,4
DA:19,4
DA:20,4
DA:21,4
DA:22,4
DA:30,0
DA:31,0
DA:32,0
DA:33,0
DA:34,0
DA:35,0
DA:36,0
DA:37,0
DA:38,0
DA:39,0
DA:41,0
DA:44,0
DA:45,0
DA:46,0
DA:47,0
DA:48,0
DA:49,0
DA:50,0
DA:51,0
DA:52,0
DA:54,0
DA:57,0
DA:58,0
DA:59,0
DA:60,0
DA:61,0
DA:64,0
DA:65,0
DA:66,0
DA:68,0
DA:69,0
DA:70,0
DA:71,0
DA:74,0
DA:75,0
DA:76,0
DA:77,0
DA:78,0
DA:80,0
DA:81,0
DA:82,0
DA:84,0
DA:85,0
DA:86,0
DA:87,0
DA:90,0
DA:91,0
DA:92,0
DA:93,0
DA:94,0
DA:96,0
DA:97,0
DA:98,0
DA:100,0
DA:101,0
DA:102,0
DA:103,0
DA:104,3
LF:72
LH:10
end_of_record
TN:Supercomputer_Simulation_test_coverage
SF:/usr/include/c++/5/bits/basic_string.h
FN:106,_ZNSt7__cxx1112basic_stringIcSt11char_traitsIcESaIcEE12_Alloc_hiderD2Ev
FN:191,_ZNSt7__cxx1112basic_stringIcSt11char_traitsIcESaIcEE16_M_construct_auxIPcEEvT_S7_St12__false_type
FN:211,_ZNSt7__cxx1112basic_stringIcSt11char_traitsIcESaIcEE12_M_constructIPcEEvT_S7_
FN:534,_ZNSt7__cxx1112basic_stringIcSt11char_traitsIcESaIcEEC2IPcvEET_S7_RKS3_
FN:5304,_ZNSt7__cxx119to_stringEj
FNDA:0,_ZNSt7__cxx1112basic_stringIcSt11char_traitsIcESaIcEE12_Alloc_hiderD2Ev
FNDA:0,_ZNSt7__cxx1112basic_stringIcSt11char_traitsIcESaIcEE16_M_construct_auxIPcEEvT_S7_St12__false_type
FNDA:0,_ZNSt7__cxx1112basic_stringIcSt11char_traitsIcESaIcEE12_M_constructIPcEEvT_S7_
FNDA:0,_ZNSt7__cxx1112basic_stringIcSt11char_traitsIcESaIcEEC2IPcvEET_S7_RKS3_
FNDA:0,_ZNSt7__cxx119to_stringEj
FNF:5
FNH:0
DA:106,0
DA:191,0
DA:195,0
DA:196,0
DA:211,0
DA:214,0
DA:215,0
DA:534,0
DA:536,0
DA:537,0
DA:5304,0
DA:5307,0
LF:12
LH:0
end_of_record
SF:/usr/include/c++/5/bits/basic_string.tcc
FN:210,_ZNSt7__cxx1112basic_stringIcSt11char_traitsIcESaIcEE12_M_constructIPcEEvT_S7_St20forward_iterator_tag
FNDA:0,_ZNSt7__cxx1112basic_stringIcSt11char_traitsIcESaIcEE12_M_constructIPcEEvT_S7_St20forward_iterator_tag
FNF:1
FNH:0
DA:210,0
DA:215,0
DA:216,0
DA:219,0
DA:221,0
DA:223,0
DA:224,0
DA:229,0
DA:230,0
DA:232,0
DA:233,0
DA:236,0
DA:237,0
LF:13
LH:0
end_of_record
SF:/usr/include/c++/5/bits/stl_iterator_base_funcs.h
FN:90,_ZSt10__distanceIPcENSt15iterator_traitsIT_E15difference_typeES2_S2_St26random_access_iterator_tag
FN:114,_ZSt8distanceIPcENSt15iterator_traitsIT_E15difference_typeES2_S2_
FNDA:0,_ZSt10__distanceIPcENSt15iterator_traitsIT_E15difference_typeES2_S2_St26random_access_iterator_tag
FNDA:0,_ZSt8distanceIPcENSt15iterator_traitsIT_E15difference_typeES2_S2_
FNF:2
FNH:0
DA:90,0
DA:96,0
DA:114,0
DA:117,0
DA:118,0
LF:5
LH:0
end_of_record
SF:/usr/include/c++/5/bits/stl_iterator_base_types.h
FN:204,_ZSt19__iterator_categoryIPcENSt15iterator_traitsIT_E17iterator_categoryERKS2_
FNDA:0,_ZSt19__iterator_categoryIPcENSt15iterator_traitsIT_E17iterator_categoryERKS2_
FNF:1
FNH:0
DA:204,0
DA:205,0
LF:2
LH:0
end_of_record
SF:/usr/include/c++/5/ext/string_conversions.h
FN:83,_ZN9__gnu_cxx12__to_xstringINSt7__cxx1112basic_stringIcSt11char_traitsIcESaIcEEEcEET_PFiPT0_mPKS8_P13__va_list_tagEmSB_z
FNDA:0,_ZN9__gnu_cxx12__to_xstringINSt7__cxx1112basic_stringIcSt11char_traitsIcESaIcEEEcEET_PFiPT0_mPKS8_P13__va_list_tagEmSB_z
FNF:1
FNH:0
DA:83,0
DA:89,0
DA:90,0
DA:93,0
DA:95,0
DA:97,0
DA:99,0
LF:7
LH:0
end_of_record
SF:/usr/include/c++/5/ext/type_traits.h
FN:150,_ZN9__gnu_cxx17__is_null_pointerIcEEbPT_
FNDA:0,_ZN9__gnu_cxx17__is_null_pointerIcEEbPT_
FNF:1
FNH:0
DA:150,0
DA:151,0
LF:2
LH:0
end_of_record
SF:/usr/include/c++/5/iostream
DA:74,1
LF:1
LH:1
end_of_record
SF:/mnt/7AAA6049AA60044B/GitHub/supercomputer-simulation/supercomputer/src/statistics/week.cpp
FN:3,_ZN4WeekC2Ell
FN:13,_ZN4Week9get_startEv
FN:16,_ZN4Week7get_endEv
FN:20,_ZN4Week9set_startEl
FN:24,_ZN4Week7add_jobE3Job
FN:36,_ZlsRSoRK4Week
FN:53,_GLOBAL__sub_I__ZN4WeekC2Ell
FN:53,_Z41__static_initialization_and_destruction_0ii
FNDA:0,_ZN4WeekC2Ell
FNDA:0,_ZN4Week9get_startEv
FNDA:0,_ZN4Week7get_endEv
FNDA:0,_ZN4Week9set_startEl
FNDA:0,_ZN4Week7add_jobE3Job
FNDA:0,_ZlsRSoRK4Week
FNDA:1,_GLOBAL__sub_I__ZN4WeekC2Ell
FNDA:1,_Z41__static_initialization_and_destruction_0ii
FNF:8
FNH:2
DA:3,0
DA:4,0
DA:5,0
DA:7,0
DA:8,0
DA:9,0
DA:10,0
DA:11,0
DA:13,0
DA:14,0
DA:16,0
DA:17,0
DA:20,0
DA:21,0
DA:22,0
DA:24,0
DA:25,0
DA:26,0
DA:27,0
DA:28,0
DA:29,0
DA:30,0
DA:32,0
DA:34,0
DA:36,0
DA:37,0
DA:39,0
DA:41,0
DA:43,0
DA:45,0
DA:47,0
DA:48,0
DA:49,0
DA:50,0
DA:51,0
DA:52,0
DA:53,3
LF:37
LH:1
end_of_record
