TN:Supercomputer_Simulation_test_coverage
SF:/mnt/7AAA6049AA60044B/GitHub/supercomputer-simulation/supercomputer/src/configuration/configuration.cpp
FN:3,_ZN13ConfigurationC2Ev
FN:36,_ZN13Configuration12get_users_nrEv
FN:43,_ZN13Configuration16get_users_nr_minEv
FN:46,_ZN13Configuration16get_users_nr_maxEv
FN:49,_ZN13Configuration18is_users_nr_randomEv
FN:53,_ZN13Configuration11get_jobs_nrEv
FN:60,_ZN13Configuration15get_jobs_nr_minEv
FN:63,_ZN13Configuration15get_jobs_nr_maxEv
FN:66,_ZN13Configuration17is_jobs_nr_randomEv
FN:70,_ZN13Configuration12get_cores_nrEv
FN:74,_ZN13Configuration12get_nodes_nrEv
FN:78,_ZN13Configuration18get_student_budgetEv
FN:85,_ZN13Configuration22get_student_budget_minEv
FN:88,_ZN13Configuration22get_student_budget_maxEv
FN:91,_ZN13Configuration24is_student_budget_randomEv
FN:95,_ZN13Configuration21get_researcher_budgetEv
FN:102,_ZN13Configuration25get_researcher_budget_minEv
FN:105,_ZN13Configuration25get_researcher_budget_maxEv
FN:108,_ZN13Configuration27is_researcher_budget_randomEv
FN:112,_ZN13Configuration15get_usage_priceEv
FN:116,_ZN13Configuration20get_operational_costEv
FN:120,_ZN13Configuration17get_requests_spanEv
FN:124,_ZN13Configuration18set_student_randomEb
FN:127,_ZN13Configuration21set_researcher_randomEb
FN:130,_ZN13Configuration16set_users_randomEb
FN:133,_ZN13Configuration15set_jobs_randomEb
FN:137,_ZN13Configuration15set_usage_priceEd
FN:140,_ZN13Configuration20set_operational_costEd
FN:143,_ZN13Configuration12set_nodes_nrEj
FN:152,_ZN13Configuration12set_cores_nrEj
FN:162,_ZN13Configuration18set_student_budgetEd
FN:165,_ZN13Configuration22set_student_budget_minEd
FN:172,_ZN13Configuration22set_student_budget_maxEd
FN:180,_ZN13Configuration21set_researcher_budgetEd
FN:183,_ZN13Configuration25set_researcher_budget_minEd
FN:190,_ZN13Configuration25set_researcher_budget_maxEd
FN:198,_ZN13Configuration11set_jobs_nrEj
FN:201,_ZN13Configuration15set_jobs_nr_minEj
FN:208,_ZN13Configuration15set_jobs_nr_maxEj
FN:216,_ZN13Configuration12set_users_nrEj
FN:219,_ZN13Configuration16set_users_nr_minEj
FN:226,_ZN13Configuration16set_users_nr_maxEj
FN:234,_ZN13Configuration17set_requests_spanEy
FN:238,_ZN13Configuration7set_nowEb
FN:241,_ZN13Configuration8set_timeEl
FN:245,_ZN13Configuration8get_timeEv
FN:251,_Z41__static_initialization_and_destruction_0ii
FN:251,_GLOBAL__sub_I__ZN13ConfigurationC2Ev
FNDA:2,_ZN13Configuration27is_researcher_budget_randomEv
FNDA:5,_ZN13Configuration15get_jobs_nr_minEv
FNDA:1,_ZN13Configuration16set_users_randomEb
FNDA:3,_ZN13Configuration12set_cores_nrEj
FNDA:2,_ZN13Configuration16set_users_nr_maxEj
FNDA:1,_GLOBAL__sub_I__ZN13ConfigurationC2Ev
FNDA:1,_ZN13Configuration21set_researcher_randomEb
FNDA:1,_ZN13Configuration15set_usage_priceEd
FNDA:4010,_ZN13Configuration15get_usage_priceEv
FNDA:1,_ZN13Configuration20set_operational_costEd
FNDA:349,_ZN13Configuration21get_researcher_budgetEv
FNDA:1,_ZN13Configuration15set_jobs_randomEb
FNDA:1016,_ZN13Configuration12get_nodes_nrEv
FNDA:3,_ZN13Configuration12set_nodes_nrEj
FNDA:1,_ZN13Configuration18set_student_budgetEd
FNDA:1002,_ZN13Configuration17get_requests_spanEv
FNDA:2,_ZN13Configuration25set_researcher_budget_maxEd
FNDA:335,_ZN13Configuration18get_student_budgetEv
FNDA:2,_ZN13Configuration22set_student_budget_maxEd
FNDA:4,_ZN13Configuration25get_researcher_budget_minEv
FNDA:4,_ZN13Configuration15get_jobs_nr_maxEv
FNDA:2,_ZN13Configuration24is_student_budget_randomEv
FNDA:3,_ZN13Configuration8get_timeEv
FNDA:1018,_ZN13Configuration12get_cores_nrEv
FNDA:2,_ZN13Configuration16set_users_nr_minEj
FNDA:2,_ZN13Configuration8set_timeEl
FNDA:4,_ZN13Configuration25get_researcher_budget_maxEv
FNDA:2,_ZN13Configuration17is_jobs_nr_randomEv
FNDA:3,_ZN13Configuration11set_jobs_nrEj
FNDA:1,_ZN13Configuration17set_requests_spanEy
FNDA:4,_ZN13Configuration20get_operational_costEv
FNDA:6,_ZN13Configuration11get_jobs_nrEv
FNDA:1,_ZN13Configuration21set_researcher_budgetEd
FNDA:2,_ZN13Configuration18is_users_nr_randomEv
FNDA:5,_ZN13Configuration16get_users_nr_minEv
FNDA:2,_ZN13Configuration25set_researcher_budget_minEd
FNDA:1,_ZN13Configuration18set_student_randomEb
FNDA:4,_ZN13Configuration22get_student_budget_minEv
FNDA:4,_ZN13Configuration22get_student_budget_maxEv
FNDA:4,_ZN13Configuration16get_users_nr_maxEv
FNDA:2,_ZN13Configuration7set_nowEb
FNDA:2,_ZN13Configuration22set_student_budget_minEd
FNDA:4,_ZN13Configuration12get_users_nrEv
FNDA:1,_ZN13Configuration12set_users_nrEj
FNDA:2,_ZN13Configuration15set_jobs_nr_minEj
FNDA:1,_Z41__static_initialization_and_destruction_0ii
FNDA:6,_ZN13ConfigurationC2Ev
FNDA:2,_ZN13Configuration15set_jobs_nr_maxEj
FNF:48
FNH:48
DA:3,6
DA:4,6
DA:5,6
DA:6,6
DA:7,6
DA:9,6
DA:10,6
DA:11,6
DA:12,6
DA:14,6
DA:15,6
DA:17,6
DA:18,6
DA:20,6
DA:21,6
DA:22,6
DA:23,6
DA:25,6
DA:26,6
DA:27,6
DA:28,6
DA:30,6
DA:32,6
DA:33,6
DA:34,6
DA:36,4
DA:37,4
DA:38,2
DA:40,2
DA:43,5
DA:44,5
DA:46,4
DA:47,4
DA:49,2
DA:50,2
DA:53,6
DA:54,6
DA:55,4
DA:57,2
DA:60,5
DA:61,5
DA:63,4
DA:64,4
DA:66,2
DA:67,2
DA:70,1018
DA:71,1018
DA:74,1016
DA:75,1016
DA:78,335
DA:79,335
DA:80,333
DA:82,2
DA:85,4
DA:86,4
DA:88,4
DA:89,4
DA:91,2
DA:92,2
DA:95,349
DA:96,349
DA:97,347
DA:99,2
DA:102,4
DA:103,4
DA:105,4
DA:106,4
DA:108,2
DA:109,2
DA:112,4010
DA:113,4010
DA:116,4
DA:117,4
DA:120,1002
DA:121,1002
DA:124,1
DA:125,1
DA:126,1
DA:127,1
DA:128,1
DA:129,1
DA:130,1
DA:131,1
DA:132,1
DA:133,1
DA:134,1
DA:135,1
DA:137,1
DA:138,1
DA:139,1
DA:140,1
DA:141,1
DA:142,1
DA:143,3
DA:144,3
DA:145,1
DA:146,2
DA:147,1
DA:149,1
DA:151,3
DA:152,3
DA:153,3
DA:154,1
DA:155,2
DA:156,1
DA:158,1
DA:160,3
DA:162,1
DA:163,1
DA:164,1
DA:165,2
DA:166,2
DA:167,1
DA:169,1
DA:171,2
DA:172,2
DA:173,2
DA:174,1
DA:176,1
DA:178,2
DA:180,1
DA:181,1
DA:182,1
DA:183,2
DA:184,2
DA:185,1
DA:187,1
DA:189,2
DA:190,2
DA:191,2
DA:192,1
DA:194,1
DA:196,2
DA:198,3
DA:199,3
DA:200,3
DA:201,2
DA:202,2
DA:203,1
DA:205,1
DA:207,2
DA:208,2
DA:209,2
DA:210,1
DA:212,1
DA:214,2
DA:216,1
DA:217,1
DA:218,1
DA:219,2
DA:220,2
DA:221,1
DA:223,1
DA:225,2
DA:226,2
DA:227,2
DA:228,1
DA:230,1
DA:232,2
DA:234,1
DA:235,1
DA:236,1
DA:238,2
DA:239,2
DA:240,2
DA:241,2
DA:242,2
DA:243,2
DA:245,3
DA:246,3
DA:247,2
DA:249,1
DA:251,3
LF:173
LH:173
end_of_record
TN:Supercomputer_Simulation_test_coverage
SF:/mnt/7AAA6049AA60044B/GitHub/supercomputer-simulation/supercomputer/src/jobs/job.cpp
FN:3,_ZN3JobC2EP13Configurationly
FN:23,_ZN3Job8is_shortEv
FN:24,_ZN3Job9is_mediumEv
FN:25,_ZN3Job8is_largeEv
FN:26,_ZN3Job7is_hugeEv
FN:28,_ZN3Job8get_timeEv
FN:32,_ZN3Job9get_coresEv
FN:36,_ZN3Job9get_priceEv
FN:40,_ZN3Job8set_userEP4User
FN:43,_ZN3Job12get_durationEv
FN:45,_GLOBAL__sub_I__ZN3JobC2EP13Configurationly
FN:45,_Z41__static_initialization_and_destruction_0ii
FNDA:675904,_ZN3Job9is_mediumEv
FNDA:703182,_ZN3Job9get_coresEv
FNDA:4004,_ZN3Job9get_priceEv
FNDA:1,_Z41__static_initialization_and_destruction_0ii
FNDA:169779,_ZN3Job8is_largeEv
FNDA:1,_GLOBAL__sub_I__ZN3JobC2EP13Configurationly
FNDA:1006,_ZN3Job8set_userEP4User
FNDA:1011,_ZN3JobC2EP13Configurationly
FNDA:571974,_ZN3Job12get_durationEv
FNDA:2016,_ZN3Job8get_timeEv
FNDA:2099,_ZN3Job7is_hugeEv
FNDA:700850,_ZN3Job8is_shortEv
FNF:12
FNH:12
DA:3,1011
DA:4,1011
DA:5,1011
DA:6,1011
DA:7,1011
DA:8,150
DA:9,150
DA:10,861
DA:11,569
DA:12,569
DA:13,292
DA:14,204
DA:15,204
DA:17,88
DA:18,88
DA:20,1011
DA:21,1011
DA:23,700850
DA:24,675904
DA:25,169779
DA:26,2099
DA:28,2016
DA:29,2016
DA:32,703182
DA:33,703182
DA:36,4004
DA:37,4004
DA:40,1006
DA:41,1006
DA:42,1006
DA:43,571974
DA:44,571974
DA:45,3
LF:33
LH:33
end_of_record
TN:Supercomputer_Simulation_test_coverage
SF:/mnt/7AAA6049AA60044B/GitHub/supercomputer-simulation/supercomputer/src/jobs/job.h
FN:34,_ZNK3JobltERKS_
FNDA:8005,_ZNK3JobltERKS_
FNF:1
FNH:1
DA:34,8005
DA:35,8005
LF:2
LH:2
end_of_record
TN:Supercomputer_Simulation_test_coverage
SF:/mnt/7AAA6049AA60044B/GitHub/supercomputer-simulation/supercomputer/src/statistics/statistics.cpp
FN:3,_ZN10StatisticsC2EP13Configuration
FN:10,_ZN10Statistics15add_usage_priceEd
FN:14,_ZN10Statistics20add_operational_costEd
FN:18,_ZN10Statistics16add_machine_timeEy
FN:22,_ZN10Statistics7add_jobEl3Job
FN:65,_ZN10Statistics12get_short_taB5cxx11Ev
FN:73,_ZN10Statistics13get_medium_taB5cxx11Ev
FN:81,_ZN10Statistics12get_large_taB5cxx11Ev
FN:89,_ZN10Statistics11get_huge_taB5cxx11Ev
FN:99,_ZN10Statistics12get_short_wtB5cxx11Ev
FN:107,_ZN10Statistics13get_medium_wtB5cxx11Ev
FN:115,_ZN10Statistics12get_large_wtB5cxx11Ev
FN:123,_ZN10Statistics11get_huge_wtB5cxx11Ev
FN:132,_ZN10Statistics20get_operational_costB5cxx11Ev
FN:138,_ZN10Statistics20get_economic_balanceB5cxx11Ev
FN:144,_ZN10Statistics16get_machine_timeB5cxx11Ev
FN:156,_ZN10Statistics15get_usage_priceB5cxx11Ev
FN:162,_ZN10Statistics16get_weekly_usageB5cxx11Ev
FN:168,_GLOBAL__sub_I__ZN10StatisticsC2EP13Configuration
FN:168,_Z41__static_initialization_and_destruction_0ii
FNDA:1006,_ZN10Statistics7add_jobEl3Job
FNDA:2,_ZN10Statistics12get_short_taB5cxx11Ev
FNDA:2,_ZN10Statistics20add_operational_costEd
FNDA:2,_ZN10Statistics16get_weekly_usageB5cxx11Ev
FNDA:2,_ZN10Statistics15get_usage_priceB5cxx11Ev
FNDA:1006,_ZN10Statistics15add_usage_priceEd
FNDA:2,_ZN10Statistics11get_huge_wtB5cxx11Ev
FNDA:1,_GLOBAL__sub_I__ZN10StatisticsC2EP13Configuration
FNDA:2,_ZN10StatisticsC2EP13Configuration
FNDA:2,_ZN10Statistics12get_large_taB5cxx11Ev
FNDA:2,_ZN10Statistics20get_operational_costB5cxx11Ev
FNDA:2,_ZN10Statistics20get_economic_balanceB5cxx11Ev
FNDA:1,_Z41__static_initialization_and_destruction_0ii
FNDA:2,_ZN10Statistics13get_medium_wtB5cxx11Ev
FNDA:2,_ZN10Statistics16get_machine_timeB5cxx11Ev
FNDA:2,_ZN10Statistics12get_large_wtB5cxx11Ev
FNDA:2,_ZN10Statistics11get_huge_taB5cxx11Ev
FNDA:2,_ZN10Statistics12get_short_wtB5cxx11Ev
FNDA:2,_ZN10Statistics13get_medium_taB5cxx11Ev
FNDA:109,_ZN10Statistics16add_machine_timeEy
FNF:20
FNH:20
DA:3,2
DA:4,2
DA:5,2
DA:6,2
DA:7,2
DA:8,2
DA:10,1006
DA:11,1006
DA:12,1006
DA:14,2
DA:15,2
DA:16,2
DA:18,109
DA:19,109
DA:20,109
DA:22,1006
DA:23,1006
DA:24,1006
DA:25,1006
DA:26,149
DA:27,149
DA:28,857
DA:29,568
DA:30,568
DA:31,289
DA:32,203
DA:33,203
DA:35,86
DA:36,86
DA:39,1006
DA:40,42048
DA:41,41042
DA:42,919
DA:43,919
DA:44,40123
DA:45,1
DA:46,1
DA:47,1
DA:50,1006
DA:52,86
DA:53,86
DA:54,2
DA:56,84
DA:58,86
DA:59,86
DA:60,86
DA:61,86
DA:63,1006
DA:65,2
DA:66,2
DA:68,2
DA:69,4
DA:70,2
DA:71,2
DA:73,2
DA:74,2
DA:76,2
DA:77,4
DA:78,2
DA:79,2
DA:81,2
DA:82,2
DA:84,2
DA:85,4
DA:86,2
DA:87,2
DA:89,2
DA:90,2
DA:92,2
DA:93,4
DA:94,2
DA:95,2
DA:99,2
DA:100,2
DA:102,2
DA:103,4
DA:104,2
DA:105,2
DA:107,2
DA:108,2
DA:110,2
DA:111,4
DA:112,2
DA:113,2
DA:115,2
DA:116,2
DA:118,2
DA:119,4
DA:120,2
DA:121,2
DA:123,2
DA:124,2
DA:126,2
DA:127,4
DA:128,2
DA:129,2
DA:132,2
DA:133,4
DA:134,2
DA:135,4
DA:138,2
DA:139,4
DA:140,2
DA:141,4
DA:144,2
DA:145,2
DA:146,2
DA:147,2
DA:148,2
DA:149,4
DA:150,4
DA:151,6
DA:152,6
DA:153,6
DA:154,4
DA:156,2
DA:157,4
DA:158,2
DA:159,4
DA:162,2
DA:163,4
DA:164,88
DA:165,86
DA:167,4
DA:168,3
LF:125
LH:125
end_of_record
TN:Supercomputer_Simulation_test_coverage
SF:/mnt/7AAA6049AA60044B/GitHub/supercomputer-simulation/supercomputer/src/statistics/week.cpp
FN:3,_ZN4WeekC2Ell
FN:13,_ZN4Week9get_startEv
FN:16,_ZN4Week7get_endEv
FN:20,_ZN4Week9set_startEl
FN:24,_ZN4Week7add_jobE3Job
FN:36,_ZlsRSoRK4Week
FN:53,_GLOBAL__sub_I__ZN4WeekC2Ell
FN:53,_Z41__static_initialization_and_destruction_0ii
FNDA:1,_Z41__static_initialization_and_destruction_0ii
FNDA:86,_ZlsRSoRK4Week
FNDA:1,_GLOBAL__sub_I__ZN4WeekC2Ell
FNDA:1006,_ZN4Week7add_jobE3Job
FNDA:1,_ZN4Week9set_startEl
FNDA:81165,_ZN4Week9get_startEv
FNDA:6841,_ZN4Week7get_endEv
FNDA:86,_ZN4WeekC2Ell
FNF:8
FNH:8
DA:3,86
DA:4,86
DA:5,86
DA:7,86
DA:8,86
DA:9,86
DA:10,86
DA:11,86
DA:13,81165
DA:14,81165
DA:16,6841
DA:17,6841
DA:20,1
DA:21,1
DA:22,1
DA:24,1006
DA:25,1006
DA:26,149
DA:27,857
DA:28,568
DA:29,289
DA:30,203
DA:32,86
DA:34,1006
DA:36,86
DA:37,86
DA:39,86
DA:41,86
DA:43,86
DA:45,86
DA:47,86
DA:48,86
DA:49,86
DA:50,86
DA:51,86
DA:52,86
DA:53,3
LF:37
LH:37
end_of_record
TN:Supercomputer_Simulation_test_coverage
SF:/mnt/7AAA6049AA60044B/GitHub/supercomputer-simulation/supercomputer/src/system/state.cpp
FN:3,_ZN5StateC2Exl9StateType
FN:14,_ZN5StateC2ES_l9StateType
FN:25,_ZN5State10insert_jobE3Job
FN:40,_ZN5State14can_insert_jobE3Job
FN:52,_ZN5State8get_timeEv
FN:56,_ZN5State8get_typeEv
FN:60,_ZN5State15get_short_coresEv
FN:61,_ZN5State16get_medium_coresEv
FN:62,_ZN5State15get_large_coresEv
FN:63,_ZN5State15get_total_coresEv
FN:64,_Z41__static_initialization_and_destruction_0ii
FN:64,_GLOBAL__sub_I__ZN5StateC2Exl9StateType
FN:64,_ZN5State14get_used_coresEv
FNDA:4427,_ZN5State10insert_jobE3Job
FNDA:2012,_ZN5State8get_typeEv
FNDA:3933,_ZN5State15get_short_coresEv
FNDA:1,_Z41__static_initialization_and_destruction_0ii
FNDA:1,_GLOBAL__sub_I__ZN5StateC2Exl9StateType
FNDA:1921,_ZN5StateC2ES_l9StateType
FNDA:91,_ZN5StateC2Exl9StateType
FNDA:694410,_ZN5State14can_insert_jobE3Job
FNDA:1921,_ZN5State14get_used_coresEv
FNDA:835267,_ZN5State8get_timeEv
FNDA:3933,_ZN5State15get_large_coresEv
FNDA:1921,_ZN5State15get_total_coresEv
FNDA:3933,_ZN5State16get_medium_coresEv
FNF:13
FNH:13
DA:3,91
DA:4,91
DA:5,91
DA:6,91
DA:7,91
DA:8,91
DA:10,91
DA:11,91
DA:12,91
DA:14,1921
DA:15,1921
DA:16,1921
DA:17,1921
DA:18,1921
DA:19,1921
DA:21,1921
DA:22,1921
DA:23,1921
DA:25,4427
DA:26,4427
DA:27,1485
DA:28,2942
DA:29,2320
DA:30,622
DA:31,536
DA:32,86
DA:33,86
DA:34,86
DA:35,86
DA:37,4427
DA:38,4427
DA:40,694410
DA:41,694410
DA:42,694410
DA:43,23163
DA:44,671247
DA:45,502669
DA:46,168578
DA:47,168578
DA:49,694410
DA:52,835267
DA:53,835267
DA:56,2012
DA:57,2012
DA:60,3933
DA:61,3933
DA:62,3933
DA:63,1921
DA:64,1924
LF:49
LH:49
end_of_record
TN:Supercomputer_Simulation_test_coverage
SF:/mnt/7AAA6049AA60044B/GitHub/supercomputer-simulation/supercomputer/src/system/state.h
FN:40,_ZNK5StateltERKS_
FNDA:2010,_ZNK5StateltERKS_
FNF:1
FNH:1
DA:40,2010
DA:41,2010
LF:2
LH:2
end_of_record
TN:Supercomputer_Simulation_test_coverage
SF:/mnt/7AAA6049AA60044B/GitHub/supercomputer-simulation/supercomputer/src/system/system.cpp
FN:3,_ZN6SystemC2EP13Configuration
FN:13,_ZN6SystemC2EP13ConfigurationSt6vectorIP4UserSaIS4_EES2_I3JobSaIS7_EE
FN:32,_ZN6System15exist_negativesEv
FN:43,_ZN6System12create_usersEv
FN:51,_ZN6System11create_jobsEv
FN:84,_ZN6System23insert_state_and_updateEiill3Job
FN:98,_ZN6System17insert_week_stateEli3Job
FN:138,_ZN6System20insert_weekend_stateEli3Job
FN:154,_ZN6System12insert_stateERi3Job
FN:166,_ZN6System8scheduleEv
FN:173,_ZN6System17calculate_op_costEv
FN:194,_ZN6System11get_resultsB5cxx11Ev
FN:207,_Z41__static_initialization_and_destruction_0ii
FN:207,_GLOBAL__sub_I__ZN6SystemC2EP13Configuration
FNDA:2,_ZN6System17calculate_op_costEv
FNDA:1006,_ZN6System23insert_state_and_updateEiill3Job
FNDA:1,_GLOBAL__sub_I__ZN6SystemC2EP13Configuration
FNDA:1,_ZN6SystemC2EP13ConfigurationSt6vectorIP4UserSaIS4_EES2_I3JobSaIS7_EE
FNDA:1,_ZN6System11create_jobsEv
FNDA:2,_ZN6System8scheduleEv
FNDA:1,_ZN6SystemC2EP13Configuration
FNDA:920,_ZN6System17insert_week_stateEli3Job
FNDA:1,_ZN6System12create_usersEv
FNDA:1,_Z41__static_initialization_and_destruction_0ii
FNDA:2,_ZN6System11get_resultsB5cxx11Ev
FNDA:2,_ZN6System15exist_negativesEv
FNDA:86,_ZN6System20insert_weekend_stateEli3Job
FNDA:1006,_ZN6System12insert_stateERi3Job
FNF:14
FNH:14
DA:3,1
DA:4,1
DA:5,1
DA:6,1
DA:7,1
DA:8,1
DA:9,1
DA:10,1
DA:11,1
DA:13,1
DA:14,1
DA:15,1
DA:16,1
DA:17,1
DA:18,1
DA:19,7
DA:20,6
DA:21,14
DA:22,4
DA:24,6
DA:25,6
DA:26,6
DA:28,1
DA:29,1
DA:30,1
DA:32,2
DA:33,2014
DA:34,6036
DA:35,4024
DA:36,2012
DA:37,0
DA:40,2
DA:43,1
DA:44,1
DA:45,1001
DA:46,1000
DA:48,1
DA:49,1
DA:51,1
DA:52,1
DA:53,1
DA:54,1
DA:56,2
DA:57,1
DA:58,1
DA:60,1001
DA:61,1000
DA:62,1006
DA:63,3
DA:65,1006
DA:66,3
DA:68,1000
DA:69,1000
DA:70,1000
DA:71,1000
DA:72,4888
DA:73,1944
DA:75,1000
DA:76,1000
DA:77,1000
DA:79,1000
DA:81,1
DA:82,1
DA:84,1006
DA:85,1006
DA:87,1006
DA:88,1006
DA:89,1006
DA:90,4427
DA:91,3421
DA:93,1006
DA:94,1006
DA:95,1006
DA:98,920
DA:99,920
DA:100,159762
DA:101,79421
DA:102,79421
DA:103,79421
DA:104,79421
DA:105,112
DA:106,112
DA:107,10682
DA:108,5285
DA:112,920
DA:113,266702
DA:114,132891
DA:115,94080
DA:116,94080
DA:117,94080
DA:118,868280
DA:119,387100
DA:120,387100
DA:121,387100
DA:122,387100
DA:123,2404
DA:124,2404
DA:125,88722
DA:126,43159
DA:130,94080
DA:132,38811
DA:135,920
DA:136,920
DA:138,86
DA:139,86
DA:140,86
DA:141,30712
DA:142,15313
DA:144,6898
DA:145,3406
DA:146,136446
DA:147,66520
DA:150,86
DA:151,86
DA:152,86
DA:154,1006
DA:155,1006
DA:156,1062
DA:157,28
DA:159,1006
DA:160,920
DA:162,86
DA:164,1006
DA:166,2
DA:167,2
DA:168,1008
DA:169,1006
DA:171,2
DA:173,2
DA:174,2
DA:175,2
DA:176,2014
DA:177,2012
DA:178,1006
DA:179,109
DA:181,1006
DA:183,1006
DA:184,1006
DA:185,109
DA:189,2
DA:190,2
DA:192,2
DA:194,2
DA:195,4
DA:196,2
DA:197,2
DA:198,2
DA:199,2
DA:200,2
DA:201,2
DA:202,2
DA:203,2
DA:204,2
DA:205,2
DA:206,4
DA:207,3
LF:156
LH:155
end_of_record
TN:Supercomputer_Simulation_test_coverage
SF:/mnt/7AAA6049AA60044B/GitHub/supercomputer-simulation/supercomputer/src/users/user.cpp
FN:4,_ZN4UserC2EP13Configurationib
FN:11,_ZN4User14generate_groupEb
FN:25,_ZN4User10can_affordEP3Job
FN:29,_ZN4User3payEP3Job
FN:33,_Z41__static_initialization_and_destruction_0ii
FN:33,_GLOBAL__sub_I__ZN4UserC2EP13Configurationib
FNDA:1,_Z41__static_initialization_and_destruction_0ii
FNDA:1,_GLOBAL__sub_I__ZN4UserC2EP13Configurationib
FNDA:2955,_ZN4User10can_affordEP3Job
FNDA:1026,_ZN4User3payEP3Job
FNDA:1004,_ZN4User14generate_groupEb
FNDA:1004,_ZN4UserC2EP13Configurationib
FNF:6
FNH:6
DA:4,1004
DA:5,1004
DA:6,1004
DA:7,1004
DA:8,1004
DA:11,1004
DA:12,1004
DA:13,1004
DA:14,328
DA:15,328
DA:16,676
DA:17,345
DA:18,345
DA:20,331
DA:21,331
DA:23,1004
DA:25,2955
DA:26,2955
DA:29,1026
DA:30,1026
DA:31,39
DA:33,1029
LF:22
LH:22
end_of_record
TN:Supercomputer_Simulation_test_coverage
SF:/mnt/7AAA6049AA60044B/GitHub/supercomputer-simulation/supercomputer/src/utils/utils.cpp
FN:5,_Z15generate_randomii
FN:12,_Z15generate_randomjj
FN:19,_Z15generate_randomdd
FN:30,_Z10is_weekendll
FN:40,_Z15advance_weekendl
FN:57,_Z17advance_to_fridayl
FN:73,_Z18get_back_to_sundayl
FN:83,_Z41__static_initialization_and_destruction_0ii
FN:83,_GLOBAL__sub_I__Z15generate_randomii
FNDA:1,_GLOBAL__sub_I__Z15generate_randomii
FNDA:4,_Z15generate_randomdd
FNDA:4,_Z15generate_randomjj
FNDA:2602,_Z15advance_weekendl
FNDA:1924,_Z15generate_randomii
FNDA:466521,_Z10is_weekendll
FNDA:84,_Z18get_back_to_sundayl
FNDA:43615,_Z17advance_to_fridayl
FNDA:1,_Z41__static_initialization_and_destruction_0ii
FNF:9
FNH:9
DA:5,1924
DA:6,1924
DA:7,1924
DA:8,1924
DA:9,1924
DA:12,4
DA:13,4
DA:14,4
DA:15,4
DA:16,4
DA:19,4
DA:20,4
DA:21,4
DA:22,4
DA:30,466521
DA:31,466521
DA:32,466521
DA:33,466521
DA:34,466456
DA:35,635118
DA:36,486747
DA:37,466521
DA:40,2602
DA:41,2602
DA:42,2602
DA:43,84
DA:44,84
DA:47,13684
DA:48,5541
DA:49,5541
DA:51,2602
DA:52,2602
DA:53,2602
DA:54,2602
DA:57,43615
DA:58,43615
DA:59,43615
DA:60,6822
DA:61,6822
DA:63,286117
DA:64,121251
DA:65,121251
DA:67,43615
DA:68,43615
DA:69,43615
DA:70,43615
DA:73,84
DA:74,84
DA:75,924
DA:76,420
DA:77,420
DA:79,84
DA:80,84
DA:81,84
DA:82,84
DA:83,3
LF:56
LH:56
end_of_record
TN:Supercomputer_Simulation_test_coverage
SF:/mnt/7AAA6049AA60044B/GitHub/supercomputer-simulation/testing/test_config.cpp
FN:3,_ZL29____C_A_T_C_H____T_E_S_T____0v
FN:36,_ZL29____C_A_T_C_H____T_E_S_T____2v
FN:122,_GLOBAL__sub_I_test_config.cpp
FN:122,_Z41__static_initialization_and_destruction_0ii
FNDA:1,_ZL29____C_A_T_C_H____T_E_S_T____2v
FNDA:1,_ZL29____C_A_T_C_H____T_E_S_T____0v
FNDA:1,_Z41__static_initialization_and_destruction_0ii
FNDA:1,_GLOBAL__sub_I_test_config.cpp
FNF:4
FNH:4
DA:3,2
DA:4,1
DA:6,1
DA:7,1
DA:8,1
DA:9,1
DA:11,1
DA:12,1
DA:13,1
DA:14,1
DA:16,1
DA:17,1
DA:19,1
DA:20,1
DA:22,1
DA:23,1
DA:24,1
DA:25,1
DA:27,1
DA:28,1
DA:29,1
DA:30,1
DA:32,1
DA:33,1
DA:34,1
DA:36,2
DA:37,1
DA:39,1
DA:40,1
DA:41,1
DA:42,1
DA:43,1
DA:44,1
DA:45,1
DA:46,1
DA:47,1
DA:48,1
DA:49,1
DA:51,1
DA:52,1
DA:54,1
DA:55,1
DA:56,1
DA:57,1
DA:58,1
DA:59,1
DA:60,1
DA:61,1
DA:62,1
DA:63,1
DA:64,1
DA:66,1
DA:67,1
DA:69,1
DA:70,1
DA:71,1
DA:72,1
DA:73,1
DA:74,1
DA:75,1
DA:76,1
DA:77,1
DA:78,1
DA:79,1
DA:80,1
DA:82,1
DA:83,1
DA:84,1
DA:85,1
DA:87,1
DA:88,1
DA:89,1
DA:90,1
DA:91,1
DA:92,1
DA:93,1
DA:94,1
DA:95,1
DA:96,1
DA:98,1
DA:99,1
DA:101,1
DA:102,1
DA:103,1
DA:104,1
DA:105,1
DA:106,1
DA:107,1
DA:108,1
DA:109,1
DA:110,1
DA:112,1
DA:113,1
DA:115,1
DA:116,1
DA:118,1
DA:119,1
DA:120,1
DA:121,1
DA:122,4
LF:100
LH:100
end_of_record
TN:Supercomputer_Simulation_test_coverage
SF:/mnt/7AAA6049AA60044B/GitHub/supercomputer-simulation/testing/test_job.cpp
FN:3,_ZL29____C_A_T_C_H____T_E_S_T____0v
FN:26,_GLOBAL__sub_I_test_job.cpp
FN:26,_Z41__static_initialization_and_destruction_0ii
FNDA:1,_Z41__static_initialization_and_destruction_0ii
FNDA:1,_ZL29____C_A_T_C_H____T_E_S_T____0v
FNDA:1,_GLOBAL__sub_I_test_job.cpp
FNF:3
FNH:3
DA:3,2
DA:4,1
DA:5,1
DA:7,1
DA:8,1
DA:9,1
DA:10,1
DA:12,1
DA:13,1
DA:14,1
DA:15,1
DA:17,1
DA:18,1
DA:19,1
DA:20,1
DA:22,1
DA:23,1
DA:24,1
DA:25,1
DA:26,4
LF:20
LH:20
end_of_record
TN:Supercomputer_Simulation_test_coverage
SF:/mnt/7AAA6049AA60044B/GitHub/supercomputer-simulation/testing/test_supercomputer.cpp
FN:7,_ZL29____C_A_T_C_H____T_E_S_T____0v
FN:30,_ZL29____C_A_T_C_H____T_E_S_T____2v
FN:46,_GLOBAL__sub_I_leakDetector
FNDA:1,_Z41__static_initialization_and_destruction_0ii
FNDA:1,_GLOBAL__sub_I_leakDetector
FNDA:1,_ZL29____C_A_T_C_H____T_E_S_T____0v
FNDA:1,_ZL29____C_A_T_C_H____T_E_S_T____2v
FNF:4
FNH:4
DA:7,2
DA:8,1
DA:9,1
DA:10,1
DA:11,1
DA:12,1
DA:13,2
DA:14,2
DA:15,1
DA:18,2
DA:19,4
DA:20,4
DA:21,4
DA:22,4
DA:23,4
DA:24,4
DA:26,2
DA:27,1
DA:28,1
DA:30,2
DA:31,1
DA:32,1
DA:33,1
DA:36,2
DA:37,4
DA:38,4
DA:39,4
DA:40,4
DA:41,4
DA:42,4
DA:44,2
DA:45,1
DA:46,4
LF:33
LH:33
end_of_record
TN:Supercomputer_Simulation_test_coverage
SF:/mnt/7AAA6049AA60044B/GitHub/supercomputer-simulation/testing/test_user.cpp
FN:3,_ZL29____C_A_T_C_H____T_E_S_T____0v
FN:13,_Z41__static_initialization_and_destruction_0ii
FN:13,_GLOBAL__sub_I_test_user.cpp
FNDA:1,_Z41__static_initialization_and_destruction_0ii
FNDA:1,_ZL29____C_A_T_C_H____T_E_S_T____0v
FNDA:1,_GLOBAL__sub_I_test_user.cpp
FNF:3
FNH:3
DA:3,2
DA:4,1
DA:5,1
DA:6,1
DA:8,1
DA:9,21
DA:10,20
DA:12,1
DA:13,4
LF:9
LH:9
end_of_record
