TN:Supercomputer_Simulation_test_coverage
SF:/mnt/7AAA6049AA60044B/GitHub/supercomputer-simulation/supercomputer/src/configuration/configuration.cpp
FN:6,_ZN13ConfigurationC2Ev
FN:42,_ZN13Configuration12get_users_nrEv
FN:53,_ZN13Configuration16get_users_nr_minEv
FN:60,_ZN13Configuration16get_users_nr_maxEv
FN:67,_ZN13Configuration18is_users_nr_randomEv
FN:74,_ZN13Configuration11get_jobs_nrEv
FN:85,_ZN13Configuration15get_jobs_nr_minEv
FN:92,_ZN13Configuration15get_jobs_nr_maxEv
FN:99,_ZN13Configuration17is_jobs_nr_randomEv
FN:106,_ZN13Configuration12get_cores_nrEv
FN:113,_ZN13Configuration12get_nodes_nrEv
FN:120,_ZN13Configuration18get_student_budgetEv
FN:131,_ZN13Configuration22get_student_budget_minEv
FN:138,_ZN13Configuration22get_student_budget_maxEv
FN:145,_ZN13Configuration24is_student_budget_randomEv
FN:153,_ZN13Configuration21get_researcher_budgetEv
FN:164,_ZN13Configuration25get_researcher_budget_minEv
FN:171,_ZN13Configuration25get_researcher_budget_maxEv
FN:178,_ZN13Configuration27is_researcher_budget_randomEv
FN:185,_ZN13Configuration15get_usage_priceEv
FN:192,_ZN13Configuration20get_operational_costEv
FN:199,_ZN13Configuration17get_requests_spanEv
FN:206,_ZN13Configuration18set_student_randomEb
FN:213,_ZN13Configuration21set_researcher_randomEb
FN:220,_ZN13Configuration16set_users_randomEb
FN:227,_ZN13Configuration15set_jobs_randomEb
FN:234,_ZN13Configuration15set_usage_priceEd
FN:241,_ZN13Configuration20set_operational_costEd
FN:248,_ZN13Configuration12set_nodes_nrEj
FN:261,_ZN13Configuration12set_cores_nrEj
FN:274,_ZN13Configuration18set_student_budgetEd
FN:281,_ZN13Configuration22set_student_budget_minEd
FN:292,_ZN13Configuration22set_student_budget_maxEd
FN:303,_ZN13Configuration21set_researcher_budgetEd
FN:310,_ZN13Configuration25set_researcher_budget_minEd
FN:321,_ZN13Configuration25set_researcher_budget_maxEd
FN:332,_ZN13Configuration11set_jobs_nrEj
FN:339,_ZN13Configuration15set_jobs_nr_minEj
FN:350,_ZN13Configuration15set_jobs_nr_maxEj
FN:361,_ZN13Configuration12set_users_nrEj
FN:368,_ZN13Configuration16set_users_nr_minEj
FN:379,_ZN13Configuration16set_users_nr_maxEj
FN:390,_ZN13Configuration17set_requests_spanEy
FN:397,_ZN13Configuration7set_nowEb
FN:404,_ZN13Configuration8set_timeEl
FN:411,_ZN13Configuration8get_timeEv
FN:417,_GLOBAL__sub_I__ZN13ConfigurationC2Ev
FN:417,_Z41__static_initialization_and_destruction_0ii
FNDA:4,_ZN13Configuration16get_users_nr_maxEv
FNDA:1,_ZN13Configuration18set_student_budgetEd
FNDA:3,_ZN13Configuration8get_timeEv
FNDA:2,_ZN13Configuration17is_jobs_nr_randomEv
FNDA:3,_ZN13Configuration12set_nodes_nrEj
FNDA:2,_ZN13Configuration7set_nowEb
FNDA:377,_ZN13Configuration18get_student_budgetEv
FNDA:3,_ZN13Configuration11set_jobs_nrEj
FNDA:1,_Z41__static_initialization_and_destruction_0ii
FNDA:1,_ZN13Configuration17set_requests_spanEy
FNDA:1,_ZN13Configuration15set_jobs_randomEb
FNDA:5,_ZN13Configuration15get_jobs_nr_minEv
FNDA:5,_ZN13Configuration16get_users_nr_minEv
FNDA:1,_ZN13Configuration21set_researcher_budgetEd
FNDA:1,_GLOBAL__sub_I__ZN13ConfigurationC2Ev
FNDA:6,_ZN13ConfigurationC2Ev
FNDA:4,_ZN13Configuration15get_jobs_nr_maxEv
FNDA:4,_ZN13Configuration25get_researcher_budget_minEv
FNDA:1002,_ZN13Configuration17get_requests_spanEv
FNDA:2,_ZN13Configuration24is_student_budget_randomEv
FNDA:1,_ZN13Configuration16set_users_randomEb
FNDA:1,_ZN13Configuration12set_users_nrEj
FNDA:2,_ZN13Configuration22set_student_budget_minEd
FNDA:1,_ZN13Configuration15set_usage_priceEd
FNDA:1,_ZN13Configuration18set_student_randomEb
FNDA:2,_ZN13Configuration16set_users_nr_minEj
FNDA:1016,_ZN13Configuration12get_nodes_nrEv
FNDA:4,_ZN13Configuration20get_operational_costEv
FNDA:1018,_ZN13Configuration12get_cores_nrEv
FNDA:2029,_ZN13Configuration15get_usage_priceEv
FNDA:1,_ZN13Configuration21set_researcher_randomEb
FNDA:3,_ZN13Configuration12set_cores_nrEj
FNDA:338,_ZN13Configuration21get_researcher_budgetEv
FNDA:2,_ZN13Configuration16set_users_nr_maxEj
FNDA:2,_ZN13Configuration22set_student_budget_maxEd
FNDA:2,_ZN13Configuration8set_timeEl
FNDA:4,_ZN13Configuration22get_student_budget_maxEv
FNDA:4,_ZN13Configuration22get_student_budget_minEv
FNDA:1,_ZN13Configuration20set_operational_costEd
FNDA:2,_ZN13Configuration15set_jobs_nr_maxEj
FNDA:2,_ZN13Configuration25set_researcher_budget_minEd
FNDA:2,_ZN13Configuration15set_jobs_nr_minEj
FNDA:4,_ZN13Configuration25get_researcher_budget_maxEv
FNDA:6,_ZN13Configuration11get_jobs_nrEv
FNDA:2,_ZN13Configuration18is_users_nr_randomEv
FNDA:4,_ZN13Configuration12get_users_nrEv
FNDA:2,_ZN13Configuration25set_researcher_budget_maxEd
FNDA:2,_ZN13Configuration27is_researcher_budget_randomEv
FNF:48
FNH:48
DA:6,6
DA:7,6
DA:8,6
DA:9,6
DA:10,6
DA:12,6
DA:13,6
DA:14,6
DA:15,6
DA:17,6
DA:18,6
DA:20,6
DA:21,6
DA:23,6
DA:24,6
DA:25,6
DA:26,6
DA:28,6
DA:29,6
DA:30,6
DA:31,6
DA:33,6
DA:35,6
DA:36,6
DA:37,6
DA:42,4
DA:43,4
DA:44,2
DA:46,2
DA:53,5
DA:54,5
DA:60,4
DA:61,4
DA:67,2
DA:68,2
DA:74,6
DA:75,6
DA:76,4
DA:78,2
DA:85,5
DA:86,5
DA:92,4
DA:93,4
DA:99,2
DA:100,2
DA:106,1018
DA:107,1018
DA:113,1016
DA:114,1016
DA:120,377
DA:121,377
DA:122,375
DA:124,2
DA:131,4
DA:132,4
DA:138,4
DA:139,4
DA:145,2
DA:146,2
DA:153,338
DA:154,338
DA:155,336
DA:157,2
DA:164,4
DA:165,4
DA:171,4
DA:172,4
DA:178,2
DA:179,2
DA:185,2029
DA:186,2029
DA:192,4
DA:193,4
DA:199,1002
DA:200,1002
DA:206,1
DA:207,1
DA:208,1
DA:213,1
DA:214,1
DA:215,1
DA:220,1
DA:221,1
DA:222,1
DA:227,1
DA:228,1
DA:229,1
DA:234,1
DA:235,1
DA:236,1
DA:241,1
DA:242,1
DA:243,1
DA:248,3
DA:249,3
DA:250,1
DA:251,2
DA:252,1
DA:254,1
DA:256,3
DA:261,3
DA:262,3
DA:263,1
DA:264,2
DA:265,1
DA:267,1
DA:269,3
DA:274,1
DA:275,1
DA:276,1
DA:281,2
DA:282,2
DA:283,1
DA:285,1
DA:287,2
DA:292,2
DA:293,2
DA:294,1
DA:296,1
DA:298,2
DA:303,1
DA:304,1
DA:305,1
DA:310,2
DA:311,2
DA:312,1
DA:314,1
DA:316,2
DA:321,2
DA:322,2
DA:323,1
DA:325,1
DA:327,2
DA:332,3
DA:333,3
DA:334,3
DA:339,2
DA:340,2
DA:341,1
DA:343,1
DA:345,2
DA:350,2
DA:351,2
DA:352,1
DA:354,1
DA:356,2
DA:361,1
DA:362,1
DA:363,1
DA:368,2
DA:369,2
DA:370,1
DA:372,1
DA:374,2
DA:379,2
DA:380,2
DA:381,1
DA:383,1
DA:385,2
DA:390,1
DA:391,1
DA:392,1
DA:397,2
DA:398,2
DA:399,2
DA:404,2
DA:405,2
DA:406,2
DA:411,3
DA:412,3
DA:413,2
DA:415,1
DA:417,3
LF:173
LH:173
end_of_record
TN:Supercomputer_Simulation_test_coverage
SF:/mnt/7AAA6049AA60044B/GitHub/supercomputer-simulation/supercomputer/src/jobs/job.cpp
FN:6,_ZN3JobC2EP13Configurationly
FN:29,_ZN3Job8is_shortEv
FN:34,_ZN3Job9is_mediumEv
FN:39,_ZN3Job8is_largeEv
FN:44,_ZN3Job7is_hugeEv
FN:49,_ZN3Job8get_timeEv
FN:56,_ZN3Job9get_coresEv
FN:63,_ZN3Job9get_priceEv
FN:70,_ZN3Job8set_userEP4User
FN:77,_ZN3Job12get_durationEv
FN:84,_ZltRK3JobS1_
FN:86,_Z41__static_initialization_and_destruction_0ii
FN:86,_GLOBAL__sub_I__ZN3JobC2EP13Configurationly
FNDA:2023,_ZN3Job9get_priceEv
FNDA:1,_Z41__static_initialization_and_destruction_0ii
FNDA:3099,_ZN3Job7is_hugeEv
FNDA:1006,_ZN3Job8set_userEP4User
FNDA:1,_GLOBAL__sub_I__ZN3JobC2EP13Configurationly
FNDA:685148,_ZN3Job9is_mediumEv
FNDA:8295,_ZltRK3JobS1_
FNDA:1011,_ZN3JobC2EP13Configurationly
FNDA:713457,_ZN3Job9get_coresEv
FNDA:711356,_ZN3Job8is_shortEv
FNDA:2016,_ZN3Job8get_timeEv
FNDA:168606,_ZN3Job8is_largeEv
FNDA:603325,_ZN3Job12get_durationEv
FNF:13
FNH:13
DA:6,1011
DA:7,1011
DA:8,1011
DA:9,1011
DA:10,1011
DA:11,155
DA:12,155
DA:13,856
DA:14,575
DA:15,575
DA:16,281
DA:17,199
DA:18,199
DA:20,82
DA:21,82
DA:23,1011
DA:24,1011
DA:29,711356
DA:34,685148
DA:39,168606
DA:44,3099
DA:49,2016
DA:50,2016
DA:56,713457
DA:57,713457
DA:63,2023
DA:64,2023
DA:70,1006
DA:71,1006
DA:72,1006
DA:77,603325
DA:78,603325
DA:84,8295
DA:85,8295
DA:86,3
LF:35
LH:35
end_of_record
TN:Supercomputer_Simulation_test_coverage
SF:/mnt/7AAA6049AA60044B/GitHub/supercomputer-simulation/supercomputer/src/statistics/statistics.cpp
FN:6,_ZN10StatisticsC2EP13Configuration
FN:16,_ZN10Statistics15add_usage_priceEd
FN:23,_ZN10Statistics20add_operational_costEd
FN:30,_ZN10Statistics16add_machine_timeEy
FN:38,_ZN10Statistics7add_jobEl3Job
FN:92,_ZN10Statistics12get_short_taB5cxx11Ev
FN:104,_ZN10Statistics13get_medium_taB5cxx11Ev
FN:116,_ZN10Statistics12get_large_taB5cxx11Ev
FN:128,_ZN10Statistics11get_huge_taB5cxx11Ev
FN:140,_ZN10Statistics12get_short_wtB5cxx11Ev
FN:152,_ZN10Statistics13get_medium_wtB5cxx11Ev
FN:164,_ZN10Statistics12get_large_wtB5cxx11Ev
FN:176,_ZN10Statistics11get_huge_wtB5cxx11Ev
FN:188,_ZN10Statistics20get_operational_costB5cxx11Ev
FN:197,_ZN10Statistics20get_economic_balanceB5cxx11Ev
FN:206,_ZN10Statistics16get_machine_timeB5cxx11Ev
FN:222,_ZN10Statistics15get_usage_priceB5cxx11Ev
FN:231,_ZN10Statistics16get_weekly_usageB5cxx11Ev
FN:237,_GLOBAL__sub_I__ZN10StatisticsC2EP13Configuration
FN:237,_Z41__static_initialization_and_destruction_0ii
FNDA:2,_ZN10Statistics20add_operational_costEd
FNDA:2,_ZN10Statistics12get_large_wtB5cxx11Ev
FNDA:1006,_ZN10Statistics7add_jobEl3Job
FNDA:2,_ZN10Statistics15get_usage_priceB5cxx11Ev
FNDA:2,_ZN10Statistics16get_machine_timeB5cxx11Ev
FNDA:1,_Z41__static_initialization_and_destruction_0ii
FNDA:2,_ZN10Statistics20get_economic_balanceB5cxx11Ev
FNDA:2,_ZN10Statistics13get_medium_wtB5cxx11Ev
FNDA:2,_ZN10Statistics13get_medium_taB5cxx11Ev
FNDA:2,_ZN10Statistics12get_short_wtB5cxx11Ev
FNDA:1,_GLOBAL__sub_I__ZN10StatisticsC2EP13Configuration
FNDA:1006,_ZN10Statistics15add_usage_priceEd
FNDA:2,_ZN10Statistics20get_operational_costB5cxx11Ev
FNDA:2,_ZN10Statistics12get_short_taB5cxx11Ev
FNDA:2,_ZN10Statistics16get_weekly_usageB5cxx11Ev
FNDA:2,_ZN10StatisticsC2EP13Configuration
FNDA:101,_ZN10Statistics16add_machine_timeEy
FNDA:2,_ZN10Statistics11get_huge_taB5cxx11Ev
FNDA:2,_ZN10Statistics11get_huge_wtB5cxx11Ev
FNDA:2,_ZN10Statistics12get_large_taB5cxx11Ev
FNF:20
FNH:20
DA:6,2
DA:7,2
DA:8,2
DA:9,2
DA:10,2
DA:11,2
DA:16,1006
DA:17,1006
DA:18,1006
DA:23,2
DA:24,2
DA:25,2
DA:30,101
DA:31,101
DA:32,101
DA:38,1006
DA:39,1006
DA:40,1006
DA:41,1006
DA:42,154
DA:43,154
DA:44,852
DA:45,574
DA:46,574
DA:47,278
DA:48,198
DA:49,198
DA:51,80
DA:52,80
DA:58,1006
DA:59,39902
DA:60,38896
DA:61,38896
DA:62,925
DA:63,925
DA:64,37971
DA:65,1
DA:66,1
DA:67,1
DA:74,1006
DA:76,80
DA:77,80
DA:78,2
DA:80,78
DA:82,80
DA:83,80
DA:84,80
DA:85,80
DA:87,1006
DA:92,2
DA:93,2
DA:95,2
DA:96,4
DA:97,2
DA:98,2
DA:104,2
DA:105,2
DA:107,2
DA:108,4
DA:109,2
DA:110,2
DA:116,2
DA:117,2
DA:119,2
DA:120,4
DA:121,2
DA:122,2
DA:128,2
DA:129,2
DA:131,2
DA:132,4
DA:133,2
DA:134,2
DA:140,2
DA:141,2
DA:143,2
DA:144,4
DA:145,2
DA:146,2
DA:152,2
DA:153,2
DA:155,2
DA:156,4
DA:157,2
DA:158,2
DA:164,2
DA:165,2
DA:167,2
DA:168,4
DA:169,2
DA:170,2
DA:176,2
DA:177,2
DA:179,2
DA:180,4
DA:181,2
DA:182,2
DA:188,2
DA:189,4
DA:190,2
DA:191,4
DA:197,2
DA:198,4
DA:199,2
DA:200,4
DA:206,2
DA:207,2
DA:208,2
DA:209,2
DA:210,2
DA:211,4
DA:212,4
DA:213,6
DA:214,6
DA:215,6
DA:216,4
DA:222,2
DA:223,4
DA:224,2
DA:225,4
DA:231,2
DA:232,4
DA:233,82
DA:234,80
DA:236,4
DA:237,3
LF:126
LH:126
end_of_record
TN:Supercomputer_Simulation_test_coverage
SF:/mnt/7AAA6049AA60044B/GitHub/supercomputer-simulation/supercomputer/src/statistics/week.cpp
FN:6,_ZN4WeekC2Ell
FN:19,_ZN4Week9get_startEv
FN:26,_ZN4Week7get_endEv
FN:33,_ZN4Week9set_startEl
FN:40,_ZN4Week7add_jobE3Job
FN:55,_ZlsRSoRK4Week
FN:72,_GLOBAL__sub_I__ZN4WeekC2Ell
FN:72,_Z41__static_initialization_and_destruction_0ii
FNDA:1,_Z41__static_initialization_and_destruction_0ii
FNDA:6278,_ZN4Week7get_endEv
FNDA:1006,_ZN4Week7add_jobE3Job
FNDA:80,_ZN4WeekC2Ell
FNDA:80,_ZlsRSoRK4Week
FNDA:1,_ZN4Week9set_startEl
FNDA:76867,_ZN4Week9get_startEv
FNDA:1,_GLOBAL__sub_I__ZN4WeekC2Ell
FNF:8
FNH:8
DA:6,80
DA:7,80
DA:8,80
DA:10,80
DA:11,80
DA:12,80
DA:13,80
DA:14,80
DA:19,76867
DA:20,76867
DA:26,6278
DA:27,6278
DA:33,1
DA:34,1
DA:35,1
DA:40,1006
DA:41,1006
DA:42,154
DA:43,852
DA:44,574
DA:45,278
DA:46,198
DA:48,80
DA:50,1006
DA:55,80
DA:56,80
DA:58,80
DA:60,80
DA:62,80
DA:64,80
DA:66,80
DA:67,80
DA:68,80
DA:69,80
DA:70,80
DA:71,80
DA:72,3
LF:37
LH:37
end_of_record
TN:Supercomputer_Simulation_test_coverage
SF:/mnt/7AAA6049AA60044B/GitHub/supercomputer-simulation/supercomputer/src/system/state.cpp
FN:6,_ZN5StateC2Exl9StateType
FN:20,_ZN5StateC2ES_l9StateType
FN:34,_ZN5State10insert_jobE3Job
FN:52,_ZN5State14can_insert_jobE3Job
FN:66,_ZN5State8get_timeEv
FN:73,_ZN5State8get_typeEv
FN:80,_ZN5State15get_short_coresEv
FN:85,_ZN5State16get_medium_coresEv
FN:90,_ZN5State15get_large_coresEv
FN:95,_ZN5State15get_total_coresEv
FN:100,_ZN5State14get_used_coresEv
FN:106,_ZltRK5StateS1_
FN:108,_GLOBAL__sub_I__ZN5StateC2Exl9StateType
FN:108,_Z41__static_initialization_and_destruction_0ii
FNDA:705153,_ZN5State14can_insert_jobE3Job
FNDA:3939,_ZN5State16get_medium_coresEv
FNDA:1927,_ZN5State15get_total_coresEv
FNDA:3939,_ZN5State15get_large_coresEv
FNDA:1927,_ZN5State14get_used_coresEv
FNDA:4190,_ZN5State10insert_jobE3Job
FNDA:1,_Z41__static_initialization_and_destruction_0ii
FNDA:85,_ZN5StateC2Exl9StateType
FNDA:2012,_ZN5State8get_typeEv
FNDA:2010,_ZltRK5StateS1_
FNDA:830172,_ZN5State8get_timeEv
FNDA:1,_GLOBAL__sub_I__ZN5StateC2Exl9StateType
FNDA:1927,_ZN5StateC2ES_l9StateType
FNDA:3939,_ZN5State15get_short_coresEv
FNF:14
FNH:14
DA:6,85
DA:7,85
DA:8,85
DA:9,85
DA:10,85
DA:11,85
DA:13,85
DA:14,85
DA:15,85
DA:20,1927
DA:21,1927
DA:22,1927
DA:23,1927
DA:24,1927
DA:25,1927
DA:27,1927
DA:28,1927
DA:29,1927
DA:34,4190
DA:35,4190
DA:36,1246
DA:37,2944
DA:38,2179
DA:39,765
DA:40,685
DA:41,80
DA:42,80
DA:43,80
DA:44,80
DA:46,4190
DA:47,4190
DA:52,705153
DA:53,705153
DA:54,705153
DA:55,24654
DA:56,680499
DA:57,513215
DA:58,167284
DA:59,167284
DA:61,705153
DA:66,830172
DA:67,830172
DA:73,2012
DA:74,2012
DA:80,3939
DA:85,3939
DA:90,3939
DA:95,1927
DA:100,1927
DA:106,2010
DA:107,2010
DA:108,3
LF:52
LH:52
end_of_record
TN:Supercomputer_Simulation_test_coverage
SF:/mnt/7AAA6049AA60044B/GitHub/supercomputer-simulation/supercomputer/src/system/system.cpp
FN:6,_ZN6SystemC2EP13Configuration
FN:19,_ZN6SystemC2EP13ConfigurationSt6vectorIP4UserSaIS4_EES2_I3JobSaIS7_EE
FN:38,_ZN6System15exist_negativesEv
FN:52,_ZN6System12create_usersEv
FN:63,_ZN6System11create_jobsEv
FN:103,_ZN6System23insert_state_and_updateEmmll3Job
FN:121,_ZN6System17insert_week_stateElm3Job
FN:164,_ZN6System20insert_weekend_stateElm3Job
FN:183,_ZN6System12insert_stateERm3Job
FN:201,_ZN6System8scheduleEv
FN:211,_ZN6System17calculate_op_costEv
FN:235,_ZN6System11get_resultsB5cxx11Ev
FN:248,_GLOBAL__sub_I__ZN6SystemC2EP13Configuration
FN:248,_Z41__static_initialization_and_destruction_0ii
FNDA:1,_ZN6SystemC2EP13Configuration
FNDA:80,_ZN6System20insert_weekend_stateElm3Job
FNDA:1,_ZN6System12create_usersEv
FNDA:2,_ZN6System8scheduleEv
FNDA:1,_GLOBAL__sub_I__ZN6SystemC2EP13Configuration
FNDA:926,_ZN6System17insert_week_stateElm3Job
FNDA:1,_ZN6SystemC2EP13ConfigurationSt6vectorIP4UserSaIS4_EES2_I3JobSaIS7_EE
FNDA:2,_ZN6System15exist_negativesEv
FNDA:1,_Z41__static_initialization_and_destruction_0ii
FNDA:1,_ZN6System11create_jobsEv
FNDA:2,_ZN6System17calculate_op_costEv
FNDA:2,_ZN6System11get_resultsB5cxx11Ev
FNDA:1006,_ZN6System12insert_stateERm3Job
FNDA:1006,_ZN6System23insert_state_and_updateEmmll3Job
FNF:14
FNH:14
DA:6,1
DA:7,1
DA:8,1
DA:9,1
DA:10,1
DA:11,1
DA:12,1
DA:13,1
DA:14,1
DA:19,1
DA:20,1
DA:21,1
DA:22,1
DA:23,1
DA:24,1
DA:25,7
DA:26,6
DA:27,14
DA:28,4
DA:30,6
DA:31,6
DA:32,6
DA:34,1
DA:35,1
DA:36,1
DA:38,2
DA:39,2014
DA:40,6036
DA:41,4024
DA:42,2012
DA:43,0
DA:46,2
DA:52,1
DA:53,1
DA:54,1001
DA:55,1000
DA:57,1
DA:58,1
DA:63,1
DA:64,1
DA:65,1
DA:66,1
DA:68,2
DA:69,1
DA:70,1
DA:72,1001
DA:73,1000
DA:76,1000
DA:77,0
DA:81,1000
DA:82,0
DA:84,1000
DA:85,1000
DA:86,1000
DA:87,1000
DA:88,1000
DA:89,0
DA:91,1000
DA:92,1000
DA:93,1000
DA:95,1000
DA:97,1
DA:98,1
DA:103,1006
DA:104,1006
DA:106,1006
DA:107,1006
DA:108,1006
DA:109,4190
DA:110,3184
DA:112,1006
DA:113,1006
DA:114,1006
DA:121,926
DA:122,926
DA:123,187902
DA:124,93488
DA:125,93488
DA:126,93488
DA:127,93488
DA:128,0
DA:129,0
DA:130,0
DA:131,0
DA:135,926
DA:136,289406
DA:137,144240
DA:138,99447
DA:139,99447
DA:140,99447
DA:141,833555
DA:142,367054
DA:143,367054
DA:144,367054
DA:145,367054
DA:146,2424
DA:147,2424
DA:148,84108
DA:149,40842
DA:153,99447
DA:155,44793
DA:158,926
DA:159,926
DA:164,80
DA:165,80
DA:166,80
DA:167,52978
DA:168,26449
DA:170,5938
DA:171,2929
DA:172,99361
DA:173,48216
DA:176,80
DA:177,80
DA:178,80
DA:183,1006
DA:184,1006
DA:185,1006
DA:186,926
DA:188,1050
DA:189,22
DA:191,1006
DA:192,926
DA:194,80
DA:196,1006
DA:201,2
DA:202,2
DA:203,1008
DA:204,1006
DA:206,2
DA:211,2
DA:212,2
DA:213,2
DA:214,2014
DA:215,2012
DA:216,1006
DA:217,101
DA:219,1006
DA:221,1006
DA:222,1006
DA:223,101
DA:227,2
DA:228,2
DA:230,2
DA:235,2
DA:236,4
DA:237,2
DA:238,2
DA:239,2
DA:240,2
DA:241,2
DA:242,2
DA:243,2
DA:244,2
DA:245,2
DA:246,2
DA:247,4
DA:248,3
LF:158
LH:150
end_of_record
TN:Supercomputer_Simulation_test_coverage
SF:/mnt/7AAA6049AA60044B/GitHub/supercomputer-simulation/supercomputer/src/users/user.cpp
FN:7,_ZN4UserC2EP13Configurationib
FN:16,_ZN4User14generate_groupEb
FN:33,_ZN4User10can_affordEP3Job
FN:40,_ZN4User3payEP3Job
FN:44,_GLOBAL__sub_I__ZN4UserC2EP13Configurationib
FN:44,_Z41__static_initialization_and_destruction_0ii
FNDA:1004,_ZN4User14generate_groupEb
FNDA:1,_GLOBAL__sub_I__ZN4UserC2EP13Configurationib
FNDA:1026,_ZN4User3payEP3Job
FNDA:1011,_ZN4User10can_affordEP3Job
FNDA:1004,_ZN4UserC2EP13Configurationib
FNDA:1,_Z41__static_initialization_and_destruction_0ii
FNF:6
FNH:6
DA:7,1004
DA:8,1004
DA:9,1004
DA:10,1004
DA:11,1004
DA:16,1004
DA:17,1004
DA:18,1004
DA:19,297
DA:20,297
DA:21,707
DA:22,334
DA:23,334
DA:25,373
DA:26,373
DA:28,1004
DA:33,1011
DA:34,1011
DA:40,1026
DA:41,1026
DA:42,2
DA:44,1029
LF:22
LH:22
end_of_record
TN:Supercomputer_Simulation_test_coverage
SF:/mnt/7AAA6049AA60044B/GitHub/supercomputer-simulation/supercomputer/src/utils/utils.cpp
FN:8,_Z15generate_randomii
FN:18,_Z15generate_randomjj
FN:28,_Z15generate_randomdd
FN:37,_Z10is_weekendll
FN:51,_Z10is_weekendl
FN:64,_Z15advance_weekendl
FN:84,_Z17advance_to_fridayl
FN:103,_Z18get_back_to_mondayl
FN:113,_GLOBAL__sub_I__Z15generate_randomii
FN:113,_Z41__static_initialization_and_destruction_0ii
FNDA:4,_Z15generate_randomdd
FNDA:40980,_Z17advance_to_fridayl
FNDA:1006,_Z10is_weekendl
FNDA:78,_Z18get_back_to_mondayl
FNDA:1930,_Z15generate_randomii
FNDA:3430,_Z15advance_weekendl
FNDA:4,_Z15generate_randomjj
FNDA:460542,_Z10is_weekendll
FNDA:1,_GLOBAL__sub_I__Z15generate_randomii
FNDA:1,_Z41__static_initialization_and_destruction_0ii
FNF:10
FNH:10
DA:8,1930
DA:9,1930
DA:10,1930
DA:11,1930
DA:12,1930
DA:18,4
DA:19,4
DA:20,4
DA:21,4
DA:22,4
DA:28,4
DA:29,4
DA:30,4
DA:31,4
DA:37,460542
DA:38,460542
DA:39,460542
DA:40,460542
DA:41,460470
DA:42,460470
DA:43,518804
DA:44,590889
DA:45,460542
DA:51,1006
DA:52,1006
DA:53,1006
DA:54,6
DA:55,6
DA:56,2018
DA:57,1006
DA:58,1006
DA:64,3430
DA:65,3430
DA:66,3430
DA:67,79
DA:68,79
DA:71,22638
DA:72,9604
DA:73,9604
DA:75,3430
DA:76,3430
DA:77,3430
DA:78,3430
DA:84,40980
DA:85,40980
DA:86,40980
DA:87,5861
DA:88,5861
DA:90,281794
DA:91,120407
DA:92,120407
DA:94,40980
DA:95,40980
DA:96,40980
DA:97,40980
DA:103,78
DA:104,78
DA:105,702
DA:106,312
DA:107,312
DA:109,78
DA:110,78
DA:111,78
DA:112,78
DA:113,3
LF:65
LH:65
end_of_record
TN:Supercomputer_Simulation_test_coverage
SF:/mnt/7AAA6049AA60044B/GitHub/supercomputer-simulation/testing/test_config.cpp
FN:3,_ZL29____C_A_T_C_H____T_E_S_T____0v
FN:36,_ZL29____C_A_T_C_H____T_E_S_T____2v
FN:122,_GLOBAL__sub_I_test_config.cpp
FN:122,_Z41__static_initialization_and_destruction_0ii
FNDA:1,_GLOBAL__sub_I_test_config.cpp
FNDA:1,_ZL29____C_A_T_C_H____T_E_S_T____2v
FNDA:1,_ZL29____C_A_T_C_H____T_E_S_T____0v
FNDA:1,_Z41__static_initialization_and_destruction_0ii
FNF:4
FNH:4
DA:3,2
DA:4,1
DA:6,1
DA:7,1
DA:8,1
DA:9,1
DA:11,1
DA:12,1
DA:13,1
DA:14,1
DA:16,1
DA:17,1
DA:19,1
DA:20,1
DA:22,1
DA:23,1
DA:24,1
DA:25,1
DA:27,1
DA:28,1
DA:29,1
DA:30,1
DA:32,1
DA:33,1
DA:34,1
DA:36,2
DA:37,1
DA:39,1
DA:40,1
DA:41,1
DA:42,1
DA:43,1
DA:44,1
DA:45,1
DA:46,1
DA:47,1
DA:48,1
DA:49,1
DA:51,1
DA:52,1
DA:54,1
DA:55,1
DA:56,1
DA:57,1
DA:58,1
DA:59,1
DA:60,1
DA:61,1
DA:62,1
DA:63,1
DA:64,1
DA:66,1
DA:67,1
DA:69,1
DA:70,1
DA:71,1
DA:72,1
DA:73,1
DA:74,1
DA:75,1
DA:76,1
DA:77,1
DA:78,1
DA:79,1
DA:80,1
DA:82,1
DA:83,1
DA:84,1
DA:85,1
DA:87,1
DA:88,1
DA:89,1
DA:90,1
DA:91,1
DA:92,1
DA:93,1
DA:94,1
DA:95,1
DA:96,1
DA:98,1
DA:99,1
DA:101,1
DA:102,1
DA:103,1
DA:104,1
DA:105,1
DA:106,1
DA:107,1
DA:108,1
DA:109,1
DA:110,1
DA:112,1
DA:113,1
DA:115,1
DA:116,1
DA:118,1
DA:119,1
DA:120,1
DA:121,1
DA:122,4
LF:100
LH:100
end_of_record
TN:Supercomputer_Simulation_test_coverage
SF:/mnt/7AAA6049AA60044B/GitHub/supercomputer-simulation/testing/test_job.cpp
FN:3,_ZL29____C_A_T_C_H____T_E_S_T____0v
FN:26,_GLOBAL__sub_I_test_job.cpp
FN:26,_Z41__static_initialization_and_destruction_0ii
FNDA:1,_ZL29____C_A_T_C_H____T_E_S_T____0v
FNDA:1,_GLOBAL__sub_I_test_job.cpp
FNDA:1,_Z41__static_initialization_and_destruction_0ii
FNF:3
FNH:3
DA:3,2
DA:4,1
DA:5,1
DA:7,1
DA:8,1
DA:9,1
DA:10,1
DA:12,1
DA:13,1
DA:14,1
DA:15,1
DA:17,1
DA:18,1
DA:19,1
DA:20,1
DA:22,1
DA:23,1
DA:24,1
DA:25,1
DA:26,4
LF:20
LH:20
end_of_record
TN:Supercomputer_Simulation_test_coverage
SF:/mnt/7AAA6049AA60044B/GitHub/supercomputer-simulation/testing/test_supercomputer.cpp
FN:7,_ZL29____C_A_T_C_H____T_E_S_T____0v
FN:30,_ZL29____C_A_T_C_H____T_E_S_T____2v
FN:46,_GLOBAL__sub_I_leakDetector
FNDA:1,_GLOBAL__sub_I_leakDetector
FNDA:1,_Z41__static_initialization_and_destruction_0ii
FNDA:1,_ZL29____C_A_T_C_H____T_E_S_T____2v
FNDA:1,_ZL29____C_A_T_C_H____T_E_S_T____0v
FNF:4
FNH:4
DA:7,2
DA:8,1
DA:9,1
DA:10,1
DA:11,1
DA:12,1
DA:13,2
DA:14,2
DA:15,1
DA:18,2
DA:19,4
DA:20,4
DA:21,4
DA:22,4
DA:23,4
DA:24,4
DA:26,2
DA:27,1
DA:28,1
DA:30,2
DA:31,1
DA:32,1
DA:33,1
DA:36,2
DA:37,4
DA:38,4
DA:39,4
DA:40,4
DA:41,4
DA:42,4
DA:44,2
DA:45,1
DA:46,4
LF:33
LH:33
end_of_record
TN:Supercomputer_Simulation_test_coverage
SF:/mnt/7AAA6049AA60044B/GitHub/supercomputer-simulation/testing/test_user.cpp
FN:3,_ZL29____C_A_T_C_H____T_E_S_T____0v
FN:13,_GLOBAL__sub_I_test_user.cpp
FN:13,_Z41__static_initialization_and_destruction_0ii
FNDA:1,_Z41__static_initialization_and_destruction_0ii
FNDA:1,_ZL29____C_A_T_C_H____T_E_S_T____0v
FNDA:1,_GLOBAL__sub_I_test_user.cpp
FNF:3
FNH:3
DA:3,2
DA:4,1
DA:5,1
DA:6,1
DA:8,1
DA:9,21
DA:10,20
DA:12,1
DA:13,4
LF:9
LH:9
end_of_record
